[0.007s] Invoking command in '/home/linux/ROS2_WSL/build/psub1': CMAKE_PREFIX_PATH=${CMAKE_PREFIX_PATH}:/opt/ros/foxy /usr/bin/cmake /home/linux/ROS2_WSL/src/psub1 -DAMENT_CMAKE_SYMLINK_INSTALL=1 -DCMAKE_INSTALL_PREFIX=/home/linux/ROS2_WSL/install/psub1
[0.014s] -- Found ament_cmake: 0.9.12 (/opt/ros/foxy/share/ament_cmake/cmake)
[0.024s] -- Using PYTHON_EXECUTABLE: /home/linux/anaconda3/bin/python3
[0.103s] -- Override CMake install command with custom implementation using symlinks instead of copying resources
[0.107s] -- Found rclcpp: 2.4.3 (/opt/ros/foxy/share/rclcpp/cmake)
[0.148s] -- Using all available rosidl_typesupport_c: rosidl_typesupport_fastrtps_c;rosidl_typesupport_introspection_c
[0.149s] -- Found rosidl_adapter: 1.3.1 (/opt/ros/foxy/share/rosidl_adapter/cmake)
[0.915s] -- Using all available rosidl_typesupport_cpp: rosidl_typesupport_fastrtps_cpp;rosidl_typesupport_introspection_cpp
[0.938s] -- Found rmw_implementation_cmake: 1.0.4 (/opt/ros/foxy/share/rmw_implementation_cmake/cmake)
[0.939s] -- Using RMW implementation 'rmw_fastrtps_cpp' as default
[1.019s] Traceback (most recent call last):
[1.020s]   File "/opt/ros/foxy/share/ament_cmake_core/cmake/core/package_xml_2_cmake.py", line 21, in <module>
[1.020s]     from catkin_pkg.package import parse_package_string
[1.020s] ModuleNotFoundError: No module named 'catkin_pkg'
[1.023s] CMake Error at /opt/ros/foxy/share/ament_cmake_core/cmake/core/ament_package_xml.cmake:94 (message):
[1.023s]   execute_process(/home/linux/anaconda3/bin/python3
[1.023s]   /opt/ros/foxy/share/ament_cmake_core/cmake/core/package_xml_2_cmake.py
[1.023s]   /home/linux/ROS2_WSL/src/psub1/package.xml
[1.023s]   /home/linux/ROS2_WSL/build/psub1/ament_cmake_core/package.cmake) returned
[1.023s]   error code 1
[1.023s] Call Stack (most recent call first):
[1.023s]   /opt/ros/foxy/share/ament_cmake_core/cmake/core/ament_package_xml.cmake:49 (_ament_package_xml)
[1.023s]   /opt/ros/foxy/share/ament_cmake_core/cmake/core/ament_package.cmake:63 (ament_package_xml)
[1.023s]   CMakeLists.txt:50 (ament_package)
[1.023s] 
[1.023s] 
[1.023s] -- Configuring incomplete, errors occurred!
[1.023s] See also "/home/linux/ROS2_WSL/build/psub1/CMakeFiles/CMakeOutput.log".
[1.023s] See also "/home/linux/ROS2_WSL/build/psub1/CMakeFiles/CMakeError.log".
[1.027s] Invoked command in '/home/linux/ROS2_WSL/build/psub1' returned '1': CMAKE_PREFIX_PATH=${CMAKE_PREFIX_PATH}:/opt/ros/foxy /usr/bin/cmake /home/linux/ROS2_WSL/src/psub1 -DAMENT_CMAKE_SYMLINK_INSTALL=1 -DCMAKE_INSTALL_PREFIX=/home/linux/ROS2_WSL/install/psub1
