[0.007s] Invoking command in '/home/linux/ROS2_WSL/build/linedetect_nano': /usr/bin/cmake --build /home/linux/ROS2_WSL/build/linedetect_nano -- -j32 -l32
[0.042s] -- Found ament_cmake: 0.9.12 (/opt/ros/foxy/share/ament_cmake/cmake)
[0.056s] -- Using PYTHON_EXECUTABLE: /usr/bin/python3
[0.143s] Traceback (most recent call last):
[0.143s]   File "/opt/ros/foxy/share/ament_cmake_core/cmake/package_templates/templates_2_cmake.py", line 21, in <module>
[0.143s]     from ament_package.templates import get_environment_hook_template_path
[0.143s] ModuleNotFoundError: No module named 'ament_package'
[0.151s] CMake Error at /opt/ros/foxy/share/ament_cmake_core/cmake/ament_cmake_package_templates-extras.cmake:41 (message):
[0.151s]   execute_process(/usr/bin/python3
[0.151s]   /opt/ros/foxy/share/ament_cmake_core/cmake/package_templates/templates_2_cmake.py
[0.151s]   /home/linux/ROS2_WSL/build/linedetect_nano/ament_cmake_package_templates/templates.cmake)
[0.151s]   returned error code 1
[0.151s] Call Stack (most recent call first):
[0.151s]   /opt/ros/foxy/share/ament_cmake_core/cmake/ament_cmake_coreConfig.cmake:41 (include)
[0.151s]   /opt/ros/foxy/share/ament_cmake/cmake/ament_cmake_export_dependencies-extras.cmake:15 (find_package)
[0.151s]   /opt/ros/foxy/share/ament_cmake/cmake/ament_cmakeConfig.cmake:41 (include)
[0.151s]   CMakeLists.txt:14 (find_package)
[0.151s] 
[0.151s] 
[0.151s] -- Configuring incomplete, errors occurred!
[0.151s] See also "/home/linux/ROS2_WSL/build/linedetect_nano/CMakeFiles/CMakeOutput.log".
[0.151s] See also "/home/linux/ROS2_WSL/build/linedetect_nano/CMakeFiles/CMakeError.log".
[0.154s] make: *** [Makefile:266: cmake_check_build_system] Error 1
[0.156s] Invoked command in '/home/linux/ROS2_WSL/build/linedetect_nano' returned '2': /usr/bin/cmake --build /home/linux/ROS2_WSL/build/linedetect_nano -- -j32 -l32
