[0.151s] DEBUG:colcon:Command line arguments: ['/usr/bin/colcon', 'build', '--symlink-install', '--packages-select', 'camera_ros2-2']
[0.151s] DEBUG:colcon:Parsed command line arguments: Namespace(allow_overriding=[], ament_cmake_args=None, base_paths=['.'], build_base='build', catkin_cmake_args=None, catkin_skip_building_tests=False, cmake_args=None, cmake_clean_cache=False, cmake_clean_first=False, cmake_force_configure=False, cmake_target=None, cmake_target_skip_unavailable=False, continue_on_error=False, event_handlers=None, executor='parallel', ignore_user_meta=False, install_base='install', log_base=None, log_level=None, main=<bound method BuildVerb.main of <colcon_core.verb.build.BuildVerb object at 0x73dbad485880>>, merge_install=False, metas=['./colcon.meta'], packages_above=None, packages_above_and_dependencies=None, packages_above_depth=None, packages_end=None, packages_ignore=None, packages_ignore_regex=None, packages_select=['camera_ros2-2'], packages_select_build_failed=False, packages_select_by_dep=None, packages_select_regex=None, packages_select_test_failures=False, packages_skip=None, packages_skip_build_finished=False, packages_skip_by_dep=None, packages_skip_regex=None, packages_skip_test_passed=False, packages_skip_up_to=None, packages_start=None, packages_up_to=None, packages_up_to_regex=None, parallel_workers=28, paths=None, symlink_install=True, test_result_base=None, verb_extension=<colcon_core.verb.build.BuildVerb object at 0x73dbad485880>, verb_name='build', verb_parser=<colcon_defaults.argument_parser.defaults.DefaultArgumentsDecorator object at 0x73dbad485cd0>)
[0.225s] Level 1:colcon.colcon_core.package_discovery:discover_packages(colcon_meta) check parameters
[0.225s] Level 1:colcon.colcon_core.package_discovery:discover_packages(recursive) check parameters
[0.225s] Level 1:colcon.colcon_core.package_discovery:discover_packages(ignore) check parameters
[0.225s] Level 1:colcon.colcon_core.package_discovery:discover_packages(path) check parameters
[0.225s] Level 1:colcon.colcon_core.package_discovery:discover_packages(colcon_meta) discover
[0.225s] Level 1:colcon.colcon_core.package_discovery:discover_packages(recursive) discover
[0.225s] INFO:colcon.colcon_core.package_discovery:Crawling recursively for packages in '/home/linux/ROS2/src'
[0.225s] Level 1:colcon.colcon_core.package_identification:_identify(.) by extensions ['ignore', 'ignore_ament_install']
[0.225s] Level 1:colcon.colcon_core.package_identification:_identify(.) by extension 'ignore'
[0.225s] Level 1:colcon.colcon_core.package_identification:_identify(.) by extension 'ignore_ament_install'
[0.225s] Level 1:colcon.colcon_core.package_identification:_identify(.) by extensions ['colcon_pkg']
[0.225s] Level 1:colcon.colcon_core.package_identification:_identify(.) by extension 'colcon_pkg'
[0.225s] Level 1:colcon.colcon_core.package_identification:_identify(.) by extensions ['colcon_meta']
[0.225s] Level 1:colcon.colcon_core.package_identification:_identify(.) by extension 'colcon_meta'
[0.225s] Level 1:colcon.colcon_core.package_identification:_identify(.) by extensions ['ros']
[0.225s] Level 1:colcon.colcon_core.package_identification:_identify(.) by extension 'ros'
[0.231s] Level 1:colcon.colcon_core.package_identification:_identify(.) by extensions ['cmake', 'python']
[0.232s] Level 1:colcon.colcon_core.package_identification:_identify(.) by extension 'cmake'
[0.232s] Level 1:colcon.colcon_core.package_identification:_identify(.) by extension 'python'
[0.232s] Level 1:colcon.colcon_core.package_identification:_identify(.) by extensions ['python_setup_py']
[0.232s] Level 1:colcon.colcon_core.package_identification:_identify(.) by extension 'python_setup_py'
[0.232s] Level 1:colcon.colcon_core.package_identification:_identify(build) by extensions ['ignore', 'ignore_ament_install']
[0.232s] Level 1:colcon.colcon_core.package_identification:_identify(build) by extension 'ignore'
[0.232s] Level 1:colcon.colcon_core.package_identification:_identify(build) ignored
[0.232s] Level 1:colcon.colcon_core.package_identification:_identify(camera_ros2) by extensions ['ignore', 'ignore_ament_install']
[0.232s] Level 1:colcon.colcon_core.package_identification:_identify(camera_ros2) by extension 'ignore'
[0.232s] Level 1:colcon.colcon_core.package_identification:_identify(camera_ros2) by extension 'ignore_ament_install'
[0.232s] Level 1:colcon.colcon_core.package_identification:_identify(camera_ros2) by extensions ['colcon_pkg']
[0.232s] Level 1:colcon.colcon_core.package_identification:_identify(camera_ros2) by extension 'colcon_pkg'
[0.232s] Level 1:colcon.colcon_core.package_identification:_identify(camera_ros2) by extensions ['colcon_meta']
[0.232s] Level 1:colcon.colcon_core.package_identification:_identify(camera_ros2) by extension 'colcon_meta'
[0.232s] Level 1:colcon.colcon_core.package_identification:_identify(camera_ros2) by extensions ['ros']
[0.232s] Level 1:colcon.colcon_core.package_identification:_identify(camera_ros2) by extension 'ros'
[0.235s] DEBUG:colcon.colcon_core.package_identification:Package 'camera_ros2' with type 'ros.ament_cmake' and name 'camera_ros2'
[0.235s] Level 1:colcon.colcon_core.package_identification:_identify(camera_ros2-1) by extensions ['ignore', 'ignore_ament_install']
[0.235s] Level 1:colcon.colcon_core.package_identification:_identify(camera_ros2-1) by extension 'ignore'
[0.235s] Level 1:colcon.colcon_core.package_identification:_identify(camera_ros2-1) by extension 'ignore_ament_install'
[0.235s] Level 1:colcon.colcon_core.package_identification:_identify(camera_ros2-1) by extensions ['colcon_pkg']
[0.235s] Level 1:colcon.colcon_core.package_identification:_identify(camera_ros2-1) by extension 'colcon_pkg'
[0.235s] Level 1:colcon.colcon_core.package_identification:_identify(camera_ros2-1) by extensions ['colcon_meta']
[0.235s] Level 1:colcon.colcon_core.package_identification:_identify(camera_ros2-1) by extension 'colcon_meta'
[0.235s] Level 1:colcon.colcon_core.package_identification:_identify(camera_ros2-1) by extensions ['ros']
[0.235s] Level 1:colcon.colcon_core.package_identification:_identify(camera_ros2-1) by extension 'ros'
[0.235s] DEBUG:colcon.colcon_core.package_identification:Package 'camera_ros2-1' with type 'ros.ament_cmake' and name 'camera_ros2-1'
[0.235s] Level 1:colcon.colcon_core.package_identification:_identify(camera_ros2-2) by extensions ['ignore', 'ignore_ament_install']
[0.235s] Level 1:colcon.colcon_core.package_identification:_identify(camera_ros2-2) by extension 'ignore'
[0.235s] Level 1:colcon.colcon_core.package_identification:_identify(camera_ros2-2) by extension 'ignore_ament_install'
[0.236s] Level 1:colcon.colcon_core.package_identification:_identify(camera_ros2-2) by extensions ['colcon_pkg']
[0.236s] Level 1:colcon.colcon_core.package_identification:_identify(camera_ros2-2) by extension 'colcon_pkg'
[0.236s] Level 1:colcon.colcon_core.package_identification:_identify(camera_ros2-2) by extensions ['colcon_meta']
[0.236s] Level 1:colcon.colcon_core.package_identification:_identify(camera_ros2-2) by extension 'colcon_meta'
[0.236s] Level 1:colcon.colcon_core.package_identification:_identify(camera_ros2-2) by extensions ['ros']
[0.236s] Level 1:colcon.colcon_core.package_identification:_identify(camera_ros2-2) by extension 'ros'
[0.236s] DEBUG:colcon.colcon_core.package_identification:Package 'camera_ros2-2' with type 'ros.ament_cmake' and name 'camera_ros2-2'
[0.236s] Level 1:colcon.colcon_core.package_identification:_identify(install) by extensions ['ignore', 'ignore_ament_install']
[0.236s] Level 1:colcon.colcon_core.package_identification:_identify(install) by extension 'ignore'
[0.236s] Level 1:colcon.colcon_core.package_identification:_identify(install) ignored
[0.236s] Level 1:colcon.colcon_core.package_identification:_identify(log) by extensions ['ignore', 'ignore_ament_install']
[0.236s] Level 1:colcon.colcon_core.package_identification:_identify(log) by extension 'ignore'
[0.236s] Level 1:colcon.colcon_core.package_identification:_identify(log) ignored
[0.236s] Level 1:colcon.colcon_core.package_identification:_identify(psub1) by extensions ['ignore', 'ignore_ament_install']
[0.236s] Level 1:colcon.colcon_core.package_identification:_identify(psub1) by extension 'ignore'
[0.236s] Level 1:colcon.colcon_core.package_identification:_identify(psub1) by extension 'ignore_ament_install'
[0.236s] Level 1:colcon.colcon_core.package_identification:_identify(psub1) by extensions ['colcon_pkg']
[0.236s] Level 1:colcon.colcon_core.package_identification:_identify(psub1) by extension 'colcon_pkg'
[0.236s] Level 1:colcon.colcon_core.package_identification:_identify(psub1) by extensions ['colcon_meta']
[0.236s] Level 1:colcon.colcon_core.package_identification:_identify(psub1) by extension 'colcon_meta'
[0.236s] Level 1:colcon.colcon_core.package_identification:_identify(psub1) by extensions ['ros']
[0.236s] Level 1:colcon.colcon_core.package_identification:_identify(psub1) by extension 'ros'
[0.237s] DEBUG:colcon.colcon_core.package_identification:Package 'psub1' with type 'ros.ament_cmake' and name 'psub1'
[0.237s] Level 1:colcon.colcon_core.package_identification:_identify(psub1-1) by extensions ['ignore', 'ignore_ament_install']
[0.237s] Level 1:colcon.colcon_core.package_identification:_identify(psub1-1) by extension 'ignore'
[0.237s] Level 1:colcon.colcon_core.package_identification:_identify(psub1-1) by extension 'ignore_ament_install'
[0.237s] Level 1:colcon.colcon_core.package_identification:_identify(psub1-1) by extensions ['colcon_pkg']
[0.237s] Level 1:colcon.colcon_core.package_identification:_identify(psub1-1) by extension 'colcon_pkg'
[0.237s] Level 1:colcon.colcon_core.package_identification:_identify(psub1-1) by extensions ['colcon_meta']
[0.237s] Level 1:colcon.colcon_core.package_identification:_identify(psub1-1) by extension 'colcon_meta'
[0.237s] Level 1:colcon.colcon_core.package_identification:_identify(psub1-1) by extensions ['ros']
[0.237s] Level 1:colcon.colcon_core.package_identification:_identify(psub1-1) by extension 'ros'
[0.238s] DEBUG:colcon.colcon_core.package_identification:Package 'psub1-1' with type 'ros.ament_cmake' and name 'psub1-1'
[0.238s] Level 1:colcon.colcon_core.package_identification:_identify(psub1-2) by extensions ['ignore', 'ignore_ament_install']
[0.238s] Level 1:colcon.colcon_core.package_identification:_identify(psub1-2) by extension 'ignore'
[0.238s] Level 1:colcon.colcon_core.package_identification:_identify(psub1-2) by extension 'ignore_ament_install'
[0.238s] Level 1:colcon.colcon_core.package_identification:_identify(psub1-2) by extensions ['colcon_pkg']
[0.238s] Level 1:colcon.colcon_core.package_identification:_identify(psub1-2) by extension 'colcon_pkg'
[0.238s] Level 1:colcon.colcon_core.package_identification:_identify(psub1-2) by extensions ['colcon_meta']
[0.238s] Level 1:colcon.colcon_core.package_identification:_identify(psub1-2) by extension 'colcon_meta'
[0.238s] Level 1:colcon.colcon_core.package_identification:_identify(psub1-2) by extensions ['ros']
[0.238s] Level 1:colcon.colcon_core.package_identification:_identify(psub1-2) by extension 'ros'
[0.238s] DEBUG:colcon.colcon_core.package_identification:Package 'psub1-2' with type 'ros.ament_cmake' and name 'psub1-2'
[0.238s] Level 1:colcon.colcon_core.package_identification:_identify(pub1) by extensions ['ignore', 'ignore_ament_install']
[0.238s] Level 1:colcon.colcon_core.package_identification:_identify(pub1) by extension 'ignore'
[0.238s] Level 1:colcon.colcon_core.package_identification:_identify(pub1) by extension 'ignore_ament_install'
[0.239s] Level 1:colcon.colcon_core.package_identification:_identify(pub1) by extensions ['colcon_pkg']
[0.239s] Level 1:colcon.colcon_core.package_identification:_identify(pub1) by extension 'colcon_pkg'
[0.239s] Level 1:colcon.colcon_core.package_identification:_identify(pub1) by extensions ['colcon_meta']
[0.239s] Level 1:colcon.colcon_core.package_identification:_identify(pub1) by extension 'colcon_meta'
[0.239s] Level 1:colcon.colcon_core.package_identification:_identify(pub1) by extensions ['ros']
[0.239s] Level 1:colcon.colcon_core.package_identification:_identify(pub1) by extension 'ros'
[0.239s] DEBUG:colcon.colcon_core.package_identification:Package 'pub1' with type 'ros.ament_cmake' and name 'pub1'
[0.239s] Level 1:colcon.colcon_core.package_identification:_identify(pub1-1) by extensions ['ignore', 'ignore_ament_install']
[0.239s] Level 1:colcon.colcon_core.package_identification:_identify(pub1-1) by extension 'ignore'
[0.239s] Level 1:colcon.colcon_core.package_identification:_identify(pub1-1) by extension 'ignore_ament_install'
[0.239s] Level 1:colcon.colcon_core.package_identification:_identify(pub1-1) by extensions ['colcon_pkg']
[0.239s] Level 1:colcon.colcon_core.package_identification:_identify(pub1-1) by extension 'colcon_pkg'
[0.239s] Level 1:colcon.colcon_core.package_identification:_identify(pub1-1) by extensions ['colcon_meta']
[0.239s] Level 1:colcon.colcon_core.package_identification:_identify(pub1-1) by extension 'colcon_meta'
[0.239s] Level 1:colcon.colcon_core.package_identification:_identify(pub1-1) by extensions ['ros']
[0.239s] Level 1:colcon.colcon_core.package_identification:_identify(pub1-1) by extension 'ros'
[0.240s] DEBUG:colcon.colcon_core.package_identification:Package 'pub1-1' with type 'ros.ament_cmake' and name 'pub1-1'
[0.240s] Level 1:colcon.colcon_core.package_identification:_identify(pub1-2) by extensions ['ignore', 'ignore_ament_install']
[0.240s] Level 1:colcon.colcon_core.package_identification:_identify(pub1-2) by extension 'ignore'
[0.240s] Level 1:colcon.colcon_core.package_identification:_identify(pub1-2) by extension 'ignore_ament_install'
[0.240s] Level 1:colcon.colcon_core.package_identification:_identify(pub1-2) by extensions ['colcon_pkg']
[0.240s] Level 1:colcon.colcon_core.package_identification:_identify(pub1-2) by extension 'colcon_pkg'
[0.240s] Level 1:colcon.colcon_core.package_identification:_identify(pub1-2) by extensions ['colcon_meta']
[0.240s] Level 1:colcon.colcon_core.package_identification:_identify(pub1-2) by extension 'colcon_meta'
[0.240s] Level 1:colcon.colcon_core.package_identification:_identify(pub1-2) by extensions ['ros']
[0.240s] Level 1:colcon.colcon_core.package_identification:_identify(pub1-2) by extension 'ros'
[0.241s] DEBUG:colcon.colcon_core.package_identification:Package 'pub1-2' with type 'ros.ament_cmake' and name 'pub1-2'
[0.241s] Level 1:colcon.colcon_core.package_identification:_identify(pub1-3) by extensions ['ignore', 'ignore_ament_install']
[0.241s] Level 1:colcon.colcon_core.package_identification:_identify(pub1-3) by extension 'ignore'
[0.241s] Level 1:colcon.colcon_core.package_identification:_identify(pub1-3) by extension 'ignore_ament_install'
[0.241s] Level 1:colcon.colcon_core.package_identification:_identify(pub1-3) by extensions ['colcon_pkg']
[0.241s] Level 1:colcon.colcon_core.package_identification:_identify(pub1-3) by extension 'colcon_pkg'
[0.241s] Level 1:colcon.colcon_core.package_identification:_identify(pub1-3) by extensions ['colcon_meta']
[0.241s] Level 1:colcon.colcon_core.package_identification:_identify(pub1-3) by extension 'colcon_meta'
[0.241s] Level 1:colcon.colcon_core.package_identification:_identify(pub1-3) by extensions ['ros']
[0.241s] Level 1:colcon.colcon_core.package_identification:_identify(pub1-3) by extension 'ros'
[0.241s] DEBUG:colcon.colcon_core.package_identification:Package 'pub1-3' with type 'ros.ament_cmake' and name 'pub1-3'
[0.241s] Level 1:colcon.colcon_core.package_identification:_identify(pub2) by extensions ['ignore', 'ignore_ament_install']
[0.242s] Level 1:colcon.colcon_core.package_identification:_identify(pub2) by extension 'ignore'
[0.242s] Level 1:colcon.colcon_core.package_identification:_identify(pub2) by extension 'ignore_ament_install'
[0.242s] Level 1:colcon.colcon_core.package_identification:_identify(pub2) by extensions ['colcon_pkg']
[0.242s] Level 1:colcon.colcon_core.package_identification:_identify(pub2) by extension 'colcon_pkg'
[0.242s] Level 1:colcon.colcon_core.package_identification:_identify(pub2) by extensions ['colcon_meta']
[0.242s] Level 1:colcon.colcon_core.package_identification:_identify(pub2) by extension 'colcon_meta'
[0.242s] Level 1:colcon.colcon_core.package_identification:_identify(pub2) by extensions ['ros']
[0.242s] Level 1:colcon.colcon_core.package_identification:_identify(pub2) by extension 'ros'
[0.242s] DEBUG:colcon.colcon_core.package_identification:Package 'pub2' with type 'ros.ament_cmake' and name 'pub2'
[0.242s] Level 1:colcon.colcon_core.package_identification:_identify(pub2-1) by extensions ['ignore', 'ignore_ament_install']
[0.242s] Level 1:colcon.colcon_core.package_identification:_identify(pub2-1) by extension 'ignore'
[0.242s] Level 1:colcon.colcon_core.package_identification:_identify(pub2-1) by extension 'ignore_ament_install'
[0.242s] Level 1:colcon.colcon_core.package_identification:_identify(pub2-1) by extensions ['colcon_pkg']
[0.242s] Level 1:colcon.colcon_core.package_identification:_identify(pub2-1) by extension 'colcon_pkg'
[0.242s] Level 1:colcon.colcon_core.package_identification:_identify(pub2-1) by extensions ['colcon_meta']
[0.242s] Level 1:colcon.colcon_core.package_identification:_identify(pub2-1) by extension 'colcon_meta'
[0.242s] Level 1:colcon.colcon_core.package_identification:_identify(pub2-1) by extensions ['ros']
[0.242s] Level 1:colcon.colcon_core.package_identification:_identify(pub2-1) by extension 'ros'
[0.243s] DEBUG:colcon.colcon_core.package_identification:Package 'pub2-1' with type 'ros.ament_cmake' and name 'pub2-1'
[0.243s] Level 1:colcon.colcon_core.package_identification:_identify(pub2-2) by extensions ['ignore', 'ignore_ament_install']
[0.243s] Level 1:colcon.colcon_core.package_identification:_identify(pub2-2) by extension 'ignore'
[0.243s] Level 1:colcon.colcon_core.package_identification:_identify(pub2-2) by extension 'ignore_ament_install'
[0.243s] Level 1:colcon.colcon_core.package_identification:_identify(pub2-2) by extensions ['colcon_pkg']
[0.243s] Level 1:colcon.colcon_core.package_identification:_identify(pub2-2) by extension 'colcon_pkg'
[0.243s] Level 1:colcon.colcon_core.package_identification:_identify(pub2-2) by extensions ['colcon_meta']
[0.243s] Level 1:colcon.colcon_core.package_identification:_identify(pub2-2) by extension 'colcon_meta'
[0.243s] Level 1:colcon.colcon_core.package_identification:_identify(pub2-2) by extensions ['ros']
[0.243s] Level 1:colcon.colcon_core.package_identification:_identify(pub2-2) by extension 'ros'
[0.244s] DEBUG:colcon.colcon_core.package_identification:Package 'pub2-2' with type 'ros.ament_cmake' and name 'pub2-2'
[0.244s] Level 1:colcon.colcon_core.package_identification:_identify(pub2-3) by extensions ['ignore', 'ignore_ament_install']
[0.244s] Level 1:colcon.colcon_core.package_identification:_identify(pub2-3) by extension 'ignore'
[0.244s] Level 1:colcon.colcon_core.package_identification:_identify(pub2-3) by extension 'ignore_ament_install'
[0.244s] Level 1:colcon.colcon_core.package_identification:_identify(pub2-3) by extensions ['colcon_pkg']
[0.244s] Level 1:colcon.colcon_core.package_identification:_identify(pub2-3) by extension 'colcon_pkg'
[0.244s] Level 1:colcon.colcon_core.package_identification:_identify(pub2-3) by extensions ['colcon_meta']
[0.244s] Level 1:colcon.colcon_core.package_identification:_identify(pub2-3) by extension 'colcon_meta'
[0.244s] Level 1:colcon.colcon_core.package_identification:_identify(pub2-3) by extensions ['ros']
[0.244s] Level 1:colcon.colcon_core.package_identification:_identify(pub2-3) by extension 'ros'
[0.245s] DEBUG:colcon.colcon_core.package_identification:Package 'pub2-3' with type 'ros.ament_cmake' and name 'pub2-3'
[0.245s] Level 1:colcon.colcon_core.package_discovery:discover_packages(recursive) using defaults
[0.245s] Level 1:colcon.colcon_core.package_discovery:discover_packages(ignore) discover
[0.245s] Level 1:colcon.colcon_core.package_discovery:discover_packages(ignore) using defaults
[0.245s] Level 1:colcon.colcon_core.package_discovery:discover_packages(path) discover
[0.245s] Level 1:colcon.colcon_core.package_discovery:discover_packages(path) using defaults
[0.263s] INFO:colcon.colcon_core.package_selection:Skipping not selected package 'camera_ros2' in 'camera_ros2'
[0.263s] INFO:colcon.colcon_core.package_selection:Skipping not selected package 'camera_ros2-1' in 'camera_ros2-1'
[0.263s] INFO:colcon.colcon_core.package_selection:Skipping not selected package 'psub1' in 'psub1'
[0.263s] INFO:colcon.colcon_core.package_selection:Skipping not selected package 'psub1-1' in 'psub1-1'
[0.263s] INFO:colcon.colcon_core.package_selection:Skipping not selected package 'psub1-2' in 'psub1-2'
[0.263s] INFO:colcon.colcon_core.package_selection:Skipping not selected package 'pub1' in 'pub1'
[0.264s] INFO:colcon.colcon_core.package_selection:Skipping not selected package 'pub1-1' in 'pub1-1'
[0.264s] INFO:colcon.colcon_core.package_selection:Skipping not selected package 'pub1-2' in 'pub1-2'
[0.264s] INFO:colcon.colcon_core.package_selection:Skipping not selected package 'pub1-3' in 'pub1-3'
[0.264s] INFO:colcon.colcon_core.package_selection:Skipping not selected package 'pub2' in 'pub2'
[0.264s] INFO:colcon.colcon_core.package_selection:Skipping not selected package 'pub2-1' in 'pub2-1'
[0.264s] INFO:colcon.colcon_core.package_selection:Skipping not selected package 'pub2-2' in 'pub2-2'
[0.264s] INFO:colcon.colcon_core.package_selection:Skipping not selected package 'pub2-3' in 'pub2-3'
[0.264s] Level 1:colcon.colcon_core.package_discovery:discover_packages(prefix_path) check parameters
[0.264s] Level 1:colcon.colcon_core.package_discovery:discover_packages(prefix_path) discover
[0.268s] DEBUG:colcon.colcon_installed_package_information.package_discovery:Found 13 installed packages in /home/linux/ROS2/install
[0.269s] DEBUG:colcon.colcon_installed_package_information.package_discovery:Found 9 installed packages in /home/linux/ros2_ws/install
[0.270s] DEBUG:colcon.colcon_installed_package_information.package_discovery:Found 258 installed packages in /opt/ros/foxy
[0.270s] Level 1:colcon.colcon_core.package_discovery:discover_packages(prefix_path) using defaults
[0.312s] Level 5:colcon.colcon_core.verb:set package 'camera_ros2-2' build argument 'cmake_args' from command line to 'None'
[0.312s] Level 5:colcon.colcon_core.verb:set package 'camera_ros2-2' build argument 'cmake_target' from command line to 'None'
[0.312s] Level 5:colcon.colcon_core.verb:set package 'camera_ros2-2' build argument 'cmake_target_skip_unavailable' from command line to 'False'
[0.312s] Level 5:colcon.colcon_core.verb:set package 'camera_ros2-2' build argument 'cmake_clean_cache' from command line to 'False'
[0.312s] Level 5:colcon.colcon_core.verb:set package 'camera_ros2-2' build argument 'cmake_clean_first' from command line to 'False'
[0.312s] Level 5:colcon.colcon_core.verb:set package 'camera_ros2-2' build argument 'cmake_force_configure' from command line to 'False'
[0.312s] Level 5:colcon.colcon_core.verb:set package 'camera_ros2-2' build argument 'ament_cmake_args' from command line to 'None'
[0.312s] Level 5:colcon.colcon_core.verb:set package 'camera_ros2-2' build argument 'catkin_cmake_args' from command line to 'None'
[0.312s] Level 5:colcon.colcon_core.verb:set package 'camera_ros2-2' build argument 'catkin_skip_building_tests' from command line to 'False'
[0.312s] DEBUG:colcon.colcon_core.verb:Building package 'camera_ros2-2' with the following arguments: {'ament_cmake_args': None, 'build_base': '/home/linux/ROS2/src/build/camera_ros2-2', 'catkin_cmake_args': None, 'catkin_skip_building_tests': False, 'cmake_args': None, 'cmake_clean_cache': False, 'cmake_clean_first': False, 'cmake_force_configure': False, 'cmake_target': None, 'cmake_target_skip_unavailable': False, 'install_base': '/home/linux/ROS2/src/install/camera_ros2-2', 'merge_install': False, 'path': '/home/linux/ROS2/src/camera_ros2-2', 'symlink_install': True, 'test_result_base': None}
[0.312s] INFO:colcon.colcon_core.executor:Executing jobs using 'parallel' executor
[0.313s] DEBUG:colcon.colcon_parallel_executor.executor.parallel:run_until_complete
[0.313s] INFO:colcon.colcon_ros.task.ament_cmake.build:Building ROS package in '/home/linux/ROS2/src/camera_ros2-2' with build type 'ament_cmake'
[0.313s] INFO:colcon.colcon_cmake.task.cmake.build:Building CMake package in '/home/linux/ROS2/src/camera_ros2-2'
[0.316s] INFO:colcon.colcon_core.plugin_system:Skipping extension 'colcon_core.shell.bat': Not used on non-Windows systems
[0.316s] INFO:colcon.colcon_core.shell:Skip shell extension 'powershell' for command environment: Not usable outside of PowerShell
[0.316s] DEBUG:colcon.colcon_core.shell:Skip shell extension 'dsv' for command environment
[0.323s] DEBUG:colcon.colcon_core.event_handler.log_command:Invoking command in '/home/linux/ROS2/src/build/camera_ros2-2': CMAKE_PREFIX_PATH=${CMAKE_PREFIX_PATH}:/opt/ros/foxy /usr/bin/cmake /home/linux/ROS2/src/camera_ros2-2 -DAMENT_CMAKE_SYMLINK_INSTALL=1 -DCMAKE_INSTALL_PREFIX=/home/linux/ROS2/src/install/camera_ros2-2
[3.742s] DEBUG:colcon.colcon_core.event_handler.log_command:Invoked command in '/home/linux/ROS2/src/build/camera_ros2-2' returned '1': CMAKE_PREFIX_PATH=${CMAKE_PREFIX_PATH}:/opt/ros/foxy /usr/bin/cmake /home/linux/ROS2/src/camera_ros2-2 -DAMENT_CMAKE_SYMLINK_INSTALL=1 -DCMAKE_INSTALL_PREFIX=/home/linux/ROS2/src/install/camera_ros2-2
[3.750s] Level 1:colcon.colcon_core.environment:create_environment_scripts_only(camera_ros2-2)
[3.753s] Level 1:colcon.colcon_core.environment:checking '/home/linux/ROS2/src/install/camera_ros2-2' for CMake module files
[3.753s] Level 1:colcon.colcon_core.environment:checking '/home/linux/ROS2/src/install/camera_ros2-2' for CMake config files
[3.754s] Level 1:colcon.colcon_core.environment:checking '/home/linux/ROS2/src/install/camera_ros2-2/bin'
[3.754s] Level 1:colcon.colcon_core.environment:checking '/home/linux/ROS2/src/install/camera_ros2-2/lib/pkgconfig/camera_ros2-2.pc'
[3.754s] Level 1:colcon.colcon_core.environment:checking '/home/linux/ROS2/src/install/camera_ros2-2/lib/python3.8/site-packages'
[3.754s] Level 1:colcon.colcon_core.environment:checking '/home/linux/ROS2/src/install/camera_ros2-2/bin'
[3.754s] INFO:colcon.colcon_core.shell:Creating package script '/home/linux/ROS2/src/install/camera_ros2-2/share/camera_ros2-2/package.ps1'
[3.755s] INFO:colcon.colcon_core.shell:Creating package descriptor '/home/linux/ROS2/src/install/camera_ros2-2/share/camera_ros2-2/package.dsv'
[3.755s] INFO:colcon.colcon_core.shell:Creating package script '/home/linux/ROS2/src/install/camera_ros2-2/share/camera_ros2-2/package.sh'
[3.756s] INFO:colcon.colcon_core.shell:Creating package script '/home/linux/ROS2/src/install/camera_ros2-2/share/camera_ros2-2/package.bash'
[3.756s] INFO:colcon.colcon_core.shell:Creating package script '/home/linux/ROS2/src/install/camera_ros2-2/share/camera_ros2-2/package.zsh'
[3.757s] Level 1:colcon.colcon_core.environment:create_file_with_runtime_dependencies(/home/linux/ROS2/src/install/camera_ros2-2/share/colcon-core/packages/camera_ros2-2)
[3.767s] DEBUG:colcon.colcon_parallel_executor.executor.parallel:closing loop
[3.767s] DEBUG:colcon.colcon_parallel_executor.executor.parallel:loop closed
[3.767s] DEBUG:colcon.colcon_parallel_executor.executor.parallel:run_until_complete finished with '1'
[3.768s] DEBUG:colcon.colcon_core.event_reactor:joining thread
[3.789s] INFO:colcon.colcon_core.plugin_system:Skipping extension 'colcon_notification.desktop_notification.notify_send': Could not find 'notify-send'
[3.789s] INFO:colcon.colcon_core.plugin_system:Skipping extension 'colcon_notification.desktop_notification.terminal_notifier': Not used on non-Darwin systems
[3.789s] INFO:colcon.colcon_core.plugin_system:Skipping extension 'colcon_notification.desktop_notification.win32': Not used on non-Windows systems
[3.789s] INFO:colcon.colcon_notification.desktop_notification:Sending desktop notification using 'notify2'
[3.790s] DEBUG:colcon.colcon_notification.desktop_notification.notify2:Failed to initialize notify2: org.freedesktop.DBus.Error.ServiceUnknown: The name org.freedesktop.Notifications was not provided by any .service files
[3.790s] DEBUG:colcon.colcon_core.event_reactor:joined thread
[3.790s] INFO:colcon.colcon_core.shell:Creating prefix script '/home/linux/ROS2/src/install/local_setup.ps1'
[3.791s] INFO:colcon.colcon_core.shell:Creating prefix util module '/home/linux/ROS2/src/install/_local_setup_util_ps1.py'
[3.791s] INFO:colcon.colcon_core.shell:Creating prefix chain script '/home/linux/ROS2/src/install/setup.ps1'
[3.792s] INFO:colcon.colcon_core.shell:Creating prefix script '/home/linux/ROS2/src/install/local_setup.sh'
[3.793s] INFO:colcon.colcon_core.shell:Creating prefix util module '/home/linux/ROS2/src/install/_local_setup_util_sh.py'
[3.793s] INFO:colcon.colcon_core.shell:Creating prefix chain script '/home/linux/ROS2/src/install/setup.sh'
[3.794s] INFO:colcon.colcon_core.shell:Creating prefix script '/home/linux/ROS2/src/install/local_setup.bash'
[3.794s] INFO:colcon.colcon_core.shell:Creating prefix chain script '/home/linux/ROS2/src/install/setup.bash'
[3.795s] INFO:colcon.colcon_core.shell:Creating prefix script '/home/linux/ROS2/src/install/local_setup.zsh'
[3.795s] INFO:colcon.colcon_core.shell:Creating prefix chain script '/home/linux/ROS2/src/install/setup.zsh'
