[0.011s] Invoking command in '/home/linux/ROS2/build/camera_ros2-1': CMAKE_PREFIX_PATH=${CMAKE_PREFIX_PATH}:/opt/ros/foxy /usr/bin/cmake --build /home/linux/ROS2/build/camera_ros2-1 -- -j28 -l28
[0.090s] [ 25%] [32mBuilding CXX object CMakeFiles/sub1.dir/src/sub1.cpp.o[0m
[0.097s] [ 75%] Built target pub1
[1.398s] [01m[K/home/linux/ROS2/src/camera_ros2-1/src/sub1.cpp:[m[K In function ‘[01m[Kvoid mysub_callback(rclcpp::Node::SharedPtr, sensor_msgs::msg::CompressedImage_<std::allocator<void> >::SharedPtr)[m[K’:
[1.398s] [01m[K/home/linux/ROS2/src/camera_ros2-1/src/sub1.cpp:14:30:[m[K [01;31m[Kerror: [m[K‘[01m[Kgray[m[K’ was not declared in this scope
[1.398s]    14 |     cv::cvtColor(frame_gray, [01;31m[Kgray[m[K, cv::COLOR_BGR2GRAY);
[1.398s]       |                              [01;31m[K^~~~[m[K
[1.399s] [01m[K/home/linux/ROS2/src/camera_ros2-1/src/sub1.cpp:17:33:[m[K [01;31m[Kerror: [m[K‘[01m[Kbinary[m[K’ was not declared in this scope
[1.399s]    17 |     cv::threshold(frame_binary, [01;31m[Kbinary[m[K, 128, 255, cv::THRESH_BINARY);
[1.399s]       |                                 [01;31m[K^~~~~~[m[K
[1.400s] In file included from [01m[K/opt/ros/foxy/include/rclcpp/client.hpp:40[m[K,
[1.400s]                  from [01m[K/opt/ros/foxy/include/rclcpp/callback_group.hpp:23[m[K,
[1.400s]                  from [01m[K/opt/ros/foxy/include/rclcpp/any_executable.hpp:20[m[K,
[1.400s]                  from [01m[K/opt/ros/foxy/include/rclcpp/memory_strategy.hpp:24[m[K,
[1.400s]                  from [01m[K/opt/ros/foxy/include/rclcpp/memory_strategies.hpp:18[m[K,
[1.400s]                  from [01m[K/opt/ros/foxy/include/rclcpp/executor_options.hpp:20[m[K,
[1.400s]                  from [01m[K/opt/ros/foxy/include/rclcpp/executor.hpp:33[m[K,
[1.400s]                  from [01m[K/opt/ros/foxy/include/rclcpp/executors/multi_threaded_executor.hpp:26[m[K,
[1.400s]                  from [01m[K/opt/ros/foxy/include/rclcpp/executors.hpp:21[m[K,
[1.400s]                  from [01m[K/opt/ros/foxy/include/rclcpp/rclcpp.hpp:146[m[K,
[1.400s]                  from [01m[K/home/linux/ROS2/src/camera_ros2-1/src/sub1.cpp:1[m[K:
[1.400s] [01m[K/home/linux/ROS2/src/camera_ros2-1/src/sub1.cpp:24:86:[m[K [01;31m[Kerror: [m[K‘[01m[Kframe[m[K’ was not declared in this scope
[1.400s]    24 |     RCLCPP_INFO(node->get_logger(), "Received Image : %s,%d,%d", msg->format.c_str(),[01;31m[Kframe[m[K.rows,frame.cols);
[1.400s]       |                                                                                      [01;31m[K^~~~~[m[K
[2.424s] make[2]: *** [CMakeFiles/sub1.dir/build.make:63: CMakeFiles/sub1.dir/src/sub1.cpp.o] Error 1
[2.424s] make[1]: *** [CMakeFiles/Makefile2:80: CMakeFiles/sub1.dir/all] Error 2
[2.424s] make: *** [Makefile:141: all] Error 2
[2.426s] Invoked command in '/home/linux/ROS2/build/camera_ros2-1' returned '2': CMAKE_PREFIX_PATH=${CMAKE_PREFIX_PATH}:/opt/ros/foxy /usr/bin/cmake --build /home/linux/ROS2/build/camera_ros2-1 -- -j28 -l28
