[0.050s] Invoking command in '/home/linux/ROS2_WSL/build/psub1-1': CMAKE_PREFIX_PATH=${CMAKE_PREFIX_PATH}:/opt/ros/foxy /usr/bin/cmake /home/linux/ROS2_WSL/src/psub1-1 -DAMENT_CMAKE_SYMLINK_INSTALL=1 -DCMAKE_INSTALL_PREFIX=/home/linux/ROS2_WSL/install/psub1-1
[0.183s] -- The C compiler identification is GNU 9.4.0
[0.309s] -- The CXX compiler identification is GNU 9.4.0
[0.342s] -- Check for working C compiler: /usr/bin/cc
[0.406s] -- Check for working C compiler: /usr/bin/cc -- works
[0.407s] -- Detecting C compiler ABI info
[0.468s] -- Detecting C compiler ABI info - done
[0.477s] -- Detecting C compile features
[0.478s] -- Detecting C compile features - done
[0.479s] -- Check for working CXX compiler: /usr/bin/c++
[0.555s] -- Check for working CXX compiler: /usr/bin/c++ -- works
[0.556s] -- Detecting CXX compiler ABI info
[0.626s] -- Detecting CXX compiler ABI info - done
[0.632s] -- Detecting CXX compile features
[0.632s] -- Detecting CXX compile features - done
[0.639s] -- Found ament_cmake: 0.9.12 (/opt/ros/foxy/share/ament_cmake/cmake)
[0.658s] -- Found PythonInterp: /usr/bin/python3 (found suitable version "3.8.10", minimum required is "3") 
[0.658s] -- Using PYTHON_EXECUTABLE: /usr/bin/python3
[0.783s] -- Override CMake install command with custom implementation using symlinks instead of copying resources
[0.795s] -- Found rclcpp: 2.4.3 (/opt/ros/foxy/share/rclcpp/cmake)
[0.870s] -- Using all available rosidl_typesupport_c: rosidl_typesupport_fastrtps_c;rosidl_typesupport_introspection_c
[0.876s] -- Found rosidl_adapter: 1.3.1 (/opt/ros/foxy/share/rosidl_adapter/cmake)
[1.167s] -- Found OpenSSL: /usr/lib/x86_64-linux-gnu/libcrypto.so (found version "1.1.1f")  
[1.420s] -- Found FastRTPS: /opt/ros/foxy/include  
[1.899s] -- Using all available rosidl_typesupport_cpp: rosidl_typesupport_fastrtps_cpp;rosidl_typesupport_introspection_cpp
[1.929s] -- Found rmw_implementation_cmake: 1.0.4 (/opt/ros/foxy/share/rmw_implementation_cmake/cmake)
[1.930s] -- Using RMW implementation 'rmw_fastrtps_cpp' as default
[1.930s] -- Looking for pthread.h
[1.995s] -- Looking for pthread.h - found
[1.995s] -- Performing Test CMAKE_HAVE_LIBC_PTHREAD
[2.060s] -- Performing Test CMAKE_HAVE_LIBC_PTHREAD - Failed
[2.060s] -- Looking for pthread_create in pthreads
[2.109s] -- Looking for pthread_create in pthreads - not found
[2.109s] -- Looking for pthread_create in pthread
[2.183s] -- Looking for pthread_create in pthread - found
[2.184s] -- Found Threads: TRUE  
[2.343s] -- Configuring done
[2.345s] -- Generating done
[2.346s] -- Build files have been written to: /home/linux/ROS2_WSL/build/psub1-1
[2.367s] Invoked command in '/home/linux/ROS2_WSL/build/psub1-1' returned '0': CMAKE_PREFIX_PATH=${CMAKE_PREFIX_PATH}:/opt/ros/foxy /usr/bin/cmake /home/linux/ROS2_WSL/src/psub1-1 -DAMENT_CMAKE_SYMLINK_INSTALL=1 -DCMAKE_INSTALL_PREFIX=/home/linux/ROS2_WSL/install/psub1-1
[2.370s] Invoking command in '/home/linux/ROS2_WSL/build/psub1-1': CMAKE_PREFIX_PATH=${CMAKE_PREFIX_PATH}:/opt/ros/foxy /usr/bin/cmake --build /home/linux/ROS2_WSL/build/psub1-1 -- -j32 -l32
[2.399s] [35m[1mScanning dependencies of target pub1-1[0m
[2.400s] [35m[1mScanning dependencies of target sub1-1[0m
[2.470s] [ 25%] [32mBuilding CXX object CMakeFiles/sub1-1.dir/src/sub1-1.cpp.o[0m
[2.470s] [ 50%] [32mBuilding CXX object CMakeFiles/pub1-1.dir/src/pub1-1.cpp.o[0m
[5.216s] [ 75%] [32m[1mLinking CXX executable pub1-1[0m
[5.367s] [ 75%] Built target pub1-1
[6.256s] [100%] [32m[1mLinking CXX executable sub1-1[0m
[6.397s] [100%] Built target sub1-1
[6.404s] Invoked command in '/home/linux/ROS2_WSL/build/psub1-1' returned '0': CMAKE_PREFIX_PATH=${CMAKE_PREFIX_PATH}:/opt/ros/foxy /usr/bin/cmake --build /home/linux/ROS2_WSL/build/psub1-1 -- -j32 -l32
[6.407s] Invoking command in '/home/linux/ROS2_WSL/build/psub1-1': CMAKE_PREFIX_PATH=${CMAKE_PREFIX_PATH}:/opt/ros/foxy /usr/bin/cmake --install /home/linux/ROS2_WSL/build/psub1-1
[6.413s] -- Install configuration: ""
[6.413s] -- Execute custom install script
[6.413s] -- Symlinking: /home/linux/ROS2_WSL/install/psub1-1/lib/psub1-1/pub1-1
[6.421s] -- Symlinking: /home/linux/ROS2_WSL/install/psub1-1/lib/psub1-1/sub1-1
[6.427s] -- Symlinking: /home/linux/ROS2_WSL/install/psub1-1/share/ament_index/resource_index/package_run_dependencies/psub1-1
[6.433s] -- Symlinking: /home/linux/ROS2_WSL/install/psub1-1/share/ament_index/resource_index/parent_prefix_path/psub1-1
[6.439s] -- Symlinking: /home/linux/ROS2_WSL/install/psub1-1/share/psub1-1/environment/ament_prefix_path.sh
[6.446s] -- Symlinking: /home/linux/ROS2_WSL/install/psub1-1/share/psub1-1/environment/ament_prefix_path.dsv
[6.451s] -- Symlinking: /home/linux/ROS2_WSL/install/psub1-1/share/psub1-1/environment/path.sh
[6.457s] -- Symlinking: /home/linux/ROS2_WSL/install/psub1-1/share/psub1-1/environment/path.dsv
[6.463s] -- Symlinking: /home/linux/ROS2_WSL/install/psub1-1/share/psub1-1/local_setup.bash
[6.469s] -- Symlinking: /home/linux/ROS2_WSL/install/psub1-1/share/psub1-1/local_setup.sh
[6.476s] -- Symlinking: /home/linux/ROS2_WSL/install/psub1-1/share/psub1-1/local_setup.zsh
[6.483s] -- Symlinking: /home/linux/ROS2_WSL/install/psub1-1/share/psub1-1/local_setup.dsv
[6.489s] -- Symlinking: /home/linux/ROS2_WSL/install/psub1-1/share/psub1-1/package.dsv
[6.496s] -- Symlinking: /home/linux/ROS2_WSL/install/psub1-1/share/ament_index/resource_index/packages/psub1-1
[6.502s] -- Symlinking: /home/linux/ROS2_WSL/install/psub1-1/share/psub1-1/cmake/psub1-1Config.cmake
[6.509s] -- Symlinking: /home/linux/ROS2_WSL/install/psub1-1/share/psub1-1/cmake/psub1-1Config-version.cmake
[6.516s] -- Symlinking: /home/linux/ROS2_WSL/install/psub1-1/share/psub1-1/package.xml
[6.524s] Invoked command in '/home/linux/ROS2_WSL/build/psub1-1' returned '0': CMAKE_PREFIX_PATH=${CMAKE_PREFIX_PATH}:/opt/ros/foxy /usr/bin/cmake --install /home/linux/ROS2_WSL/build/psub1-1
