[0.012s] Invoking command in '/home/linux/ROS2_WSL/build/linedetect_wsl': CMAKE_PREFIX_PATH=${CMAKE_PREFIX_PATH}:/opt/ros/foxy /usr/bin/cmake --build /home/linux/ROS2_WSL/build/linedetect_wsl -- -j28 -l28
[0.076s] [35m[1mScanning dependencies of target sub[0m
[0.093s] [ 50%] [32mBuilding CXX object CMakeFiles/sub.dir/src/sub.cpp.o[0m
[3.385s] [100%] [32m[1mLinking CXX executable sub[0m
[3.846s] [100%] Built target sub
[3.853s] Invoked command in '/home/linux/ROS2_WSL/build/linedetect_wsl' returned '0': CMAKE_PREFIX_PATH=${CMAKE_PREFIX_PATH}:/opt/ros/foxy /usr/bin/cmake --build /home/linux/ROS2_WSL/build/linedetect_wsl -- -j28 -l28
[3.860s] Invoking command in '/home/linux/ROS2_WSL/build/linedetect_wsl': CMAKE_PREFIX_PATH=${CMAKE_PREFIX_PATH}:/opt/ros/foxy /usr/bin/cmake --install /home/linux/ROS2_WSL/build/linedetect_wsl
[3.864s] -- Install configuration: ""
[3.865s] -- Execute custom install script
[3.865s] -- Up-to-date symlink: /home/linux/ROS2_WSL/install/linedetect_wsl/lib/linedetect_wsl/sub
[3.866s] -- Up-to-date symlink: /home/linux/ROS2_WSL/install/linedetect_wsl/share/ament_index/resource_index/package_run_dependencies/linedetect_wsl
[3.866s] -- Up-to-date symlink: /home/linux/ROS2_WSL/install/linedetect_wsl/share/ament_index/resource_index/parent_prefix_path/linedetect_wsl
[3.866s] -- Up-to-date symlink: /home/linux/ROS2_WSL/install/linedetect_wsl/share/linedetect_wsl/environment/ament_prefix_path.sh
[3.866s] -- Up-to-date symlink: /home/linux/ROS2_WSL/install/linedetect_wsl/share/linedetect_wsl/environment/ament_prefix_path.dsv
[3.867s] -- Up-to-date symlink: /home/linux/ROS2_WSL/install/linedetect_wsl/share/linedetect_wsl/environment/path.sh
[3.867s] -- Up-to-date symlink: /home/linux/ROS2_WSL/install/linedetect_wsl/share/linedetect_wsl/environment/path.dsv
[3.867s] -- Up-to-date symlink: /home/linux/ROS2_WSL/install/linedetect_wsl/share/linedetect_wsl/local_setup.bash
[3.868s] -- Up-to-date symlink: /home/linux/ROS2_WSL/install/linedetect_wsl/share/linedetect_wsl/local_setup.sh
[3.868s] -- Up-to-date symlink: /home/linux/ROS2_WSL/install/linedetect_wsl/share/linedetect_wsl/local_setup.zsh
[3.868s] -- Up-to-date symlink: /home/linux/ROS2_WSL/install/linedetect_wsl/share/linedetect_wsl/local_setup.dsv
[3.868s] -- Symlinking: /home/linux/ROS2_WSL/install/linedetect_wsl/share/linedetect_wsl/package.dsv
[3.874s] -- Up-to-date symlink: /home/linux/ROS2_WSL/install/linedetect_wsl/share/ament_index/resource_index/packages/linedetect_wsl
[3.874s] -- Up-to-date symlink: /home/linux/ROS2_WSL/install/linedetect_wsl/share/linedetect_wsl/cmake/linedetect_wslConfig.cmake
[3.874s] -- Up-to-date symlink: /home/linux/ROS2_WSL/install/linedetect_wsl/share/linedetect_wsl/cmake/linedetect_wslConfig-version.cmake
[3.874s] -- Up-to-date symlink: /home/linux/ROS2_WSL/install/linedetect_wsl/share/linedetect_wsl/package.xml
[3.876s] Invoked command in '/home/linux/ROS2_WSL/build/linedetect_wsl' returned '0': CMAKE_PREFIX_PATH=${CMAKE_PREFIX_PATH}:/opt/ros/foxy /usr/bin/cmake --install /home/linux/ROS2_WSL/build/linedetect_wsl
