[0.010s] Invoking command in '/home/linux/ROS2_WSL/build/linedetect_nano': CMAKE_PREFIX_PATH=${CMAKE_PREFIX_PATH}:/opt/ros/foxy /usr/bin/cmake --build /home/linux/ROS2_WSL/build/linedetect_nano -- -j28 -l28
[0.059s] [35m[1mScanning dependencies of target pub[0m
[0.076s] [ 50%] [32mBuilding CXX object CMakeFiles/pub.dir/src/pub.cpp.o[0m
[2.381s] [100%] [32m[1mLinking CXX executable pub[0m
[2.687s] [100%] Built target pub
[2.694s] Invoked command in '/home/linux/ROS2_WSL/build/linedetect_nano' returned '0': CMAKE_PREFIX_PATH=${CMAKE_PREFIX_PATH}:/opt/ros/foxy /usr/bin/cmake --build /home/linux/ROS2_WSL/build/linedetect_nano -- -j28 -l28
[2.701s] Invoking command in '/home/linux/ROS2_WSL/build/linedetect_nano': CMAKE_PREFIX_PATH=${CMAKE_PREFIX_PATH}:/opt/ros/foxy /usr/bin/cmake --install /home/linux/ROS2_WSL/build/linedetect_nano
[2.705s] -- Install configuration: ""
[2.706s] -- Execute custom install script
[2.706s] -- Up-to-date symlink: /home/linux/ROS2_WSL/install/linedetect_nano/lib/linedetect_nano/pub
[2.706s] -- Up-to-date symlink: /home/linux/ROS2_WSL/install/linedetect_nano/share/ament_index/resource_index/package_run_dependencies/linedetect_nano
[2.707s] -- Up-to-date symlink: /home/linux/ROS2_WSL/install/linedetect_nano/share/ament_index/resource_index/parent_prefix_path/linedetect_nano
[2.707s] -- Up-to-date symlink: /home/linux/ROS2_WSL/install/linedetect_nano/share/linedetect_nano/environment/ament_prefix_path.sh
[2.707s] -- Up-to-date symlink: /home/linux/ROS2_WSL/install/linedetect_nano/share/linedetect_nano/environment/ament_prefix_path.dsv
[2.708s] -- Up-to-date symlink: /home/linux/ROS2_WSL/install/linedetect_nano/share/linedetect_nano/environment/path.sh
[2.708s] -- Up-to-date symlink: /home/linux/ROS2_WSL/install/linedetect_nano/share/linedetect_nano/environment/path.dsv
[2.708s] -- Up-to-date symlink: /home/linux/ROS2_WSL/install/linedetect_nano/share/linedetect_nano/local_setup.bash
[2.709s] -- Up-to-date symlink: /home/linux/ROS2_WSL/install/linedetect_nano/share/linedetect_nano/local_setup.sh
[2.709s] -- Up-to-date symlink: /home/linux/ROS2_WSL/install/linedetect_nano/share/linedetect_nano/local_setup.zsh
[2.709s] -- Up-to-date symlink: /home/linux/ROS2_WSL/install/linedetect_nano/share/linedetect_nano/local_setup.dsv
[2.709s] -- Symlinking: /home/linux/ROS2_WSL/install/linedetect_nano/share/linedetect_nano/package.dsv
[2.714s] -- Up-to-date symlink: /home/linux/ROS2_WSL/install/linedetect_nano/share/ament_index/resource_index/packages/linedetect_nano
[2.715s] -- Up-to-date symlink: /home/linux/ROS2_WSL/install/linedetect_nano/share/linedetect_nano/cmake/linedetect_nanoConfig.cmake
[2.715s] -- Up-to-date symlink: /home/linux/ROS2_WSL/install/linedetect_nano/share/linedetect_nano/cmake/linedetect_nanoConfig-version.cmake
[2.715s] -- Up-to-date symlink: /home/linux/ROS2_WSL/install/linedetect_nano/share/linedetect_nano/package.xml
[2.717s] Invoked command in '/home/linux/ROS2_WSL/build/linedetect_nano' returned '0': CMAKE_PREFIX_PATH=${CMAKE_PREFIX_PATH}:/opt/ros/foxy /usr/bin/cmake --install /home/linux/ROS2_WSL/build/linedetect_nano
