[0.016s] Invoking command in '/home/linux/ROS2_WSL/build/psub1': CMAKE_PREFIX_PATH=${CMAKE_PREFIX_PATH}:/opt/ros/foxy CONDA_PROMPT_MODIFIER=(base) /usr/bin/cmake /home/linux/ROS2_WSL/src/psub1 -DAMENT_CMAKE_SYMLINK_INSTALL=1 -DCMAKE_INSTALL_PREFIX=/home/linux/ROS2_WSL/install/psub1
[0.115s] -- The C compiler identification is GNU 9.4.0
[0.211s] -- The CXX compiler identification is GNU 9.4.0
[0.246s] -- Check for working C compiler: /usr/bin/cc
[0.294s] -- Check for working C compiler: /usr/bin/cc -- works
[0.295s] -- Detecting C compiler ABI info
[0.343s] -- Detecting C compiler ABI info - done
[0.348s] -- Detecting C compile features
[0.348s] -- Detecting C compile features - done
[0.350s] -- Check for working CXX compiler: /usr/bin/c++
[0.404s] -- Check for working CXX compiler: /usr/bin/c++ -- works
[0.404s] -- Detecting CXX compiler ABI info
[0.457s] -- Detecting CXX compiler ABI info - done
[0.462s] -- Detecting CXX compile features
[0.463s] -- Detecting CXX compile features - done
[0.473s] -- Found ament_cmake: 0.9.12 (/opt/ros/foxy/share/ament_cmake/cmake)
[0.497s] -- Found PythonInterp: /home/linux/anaconda3/bin/python3 (found suitable version "3.13.5", minimum required is "3") 
[0.497s] -- Using PYTHON_EXECUTABLE: /home/linux/anaconda3/bin/python3
[0.680s] -- Override CMake install command with custom implementation using symlinks instead of copying resources
[0.705s] -- Found rclcpp: 2.4.3 (/opt/ros/foxy/share/rclcpp/cmake)
[0.773s] -- Using all available rosidl_typesupport_c: rosidl_typesupport_fastrtps_c;rosidl_typesupport_introspection_c
[0.780s] -- Found rosidl_adapter: 1.3.1 (/opt/ros/foxy/share/rosidl_adapter/cmake)
[1.025s] -- Found OpenSSL: /usr/lib/x86_64-linux-gnu/libcrypto.so (found version "1.1.1f")  
[1.270s] -- Found FastRTPS: /opt/ros/foxy/include  
[1.746s] -- Using all available rosidl_typesupport_cpp: rosidl_typesupport_fastrtps_cpp;rosidl_typesupport_introspection_cpp
[1.789s] -- Found rmw_implementation_cmake: 1.0.4 (/opt/ros/foxy/share/rmw_implementation_cmake/cmake)
[1.791s] -- Using RMW implementation 'rmw_fastrtps_cpp' as default
[1.792s] -- Looking for pthread.h
[1.850s] -- Looking for pthread.h - found
[1.850s] -- Performing Test CMAKE_HAVE_LIBC_PTHREAD
[1.903s] -- Performing Test CMAKE_HAVE_LIBC_PTHREAD - Failed
[1.903s] -- Looking for pthread_create in pthreads
[1.949s] -- Looking for pthread_create in pthreads - not found
[1.949s] -- Looking for pthread_create in pthread
[2.000s] -- Looking for pthread_create in pthread - found
[2.000s] -- Found Threads: TRUE  
[2.113s] Traceback (most recent call last):
[2.114s]   File "/opt/ros/foxy/share/ament_cmake_core/cmake/core/package_xml_2_cmake.py", line 21, in <module>
[2.114s]     from catkin_pkg.package import parse_package_string
[2.114s] ModuleNotFoundError: No module named 'catkin_pkg'
[2.117s] CMake Error at /opt/ros/foxy/share/ament_cmake_core/cmake/core/ament_package_xml.cmake:94 (message):
[2.117s]   execute_process(/home/linux/anaconda3/bin/python3
[2.117s]   /opt/ros/foxy/share/ament_cmake_core/cmake/core/package_xml_2_cmake.py
[2.117s]   /home/linux/ROS2_WSL/src/psub1/package.xml
[2.117s]   /home/linux/ROS2_WSL/build/psub1/ament_cmake_core/package.cmake) returned
[2.117s]   error code 1
[2.117s] Call Stack (most recent call first):
[2.117s]   /opt/ros/foxy/share/ament_cmake_core/cmake/core/ament_package_xml.cmake:49 (_ament_package_xml)
[2.117s]   /opt/ros/foxy/share/ament_cmake_core/cmake/core/ament_package.cmake:63 (ament_package_xml)
[2.117s]   CMakeLists.txt:50 (ament_package)
[2.117s] 
[2.117s] 
[2.118s] -- Configuring incomplete, errors occurred!
[2.118s] See also "/home/linux/ROS2_WSL/build/psub1/CMakeFiles/CMakeOutput.log".
[2.118s] See also "/home/linux/ROS2_WSL/build/psub1/CMakeFiles/CMakeError.log".
[2.123s] Invoked command in '/home/linux/ROS2_WSL/build/psub1' returned '1': CMAKE_PREFIX_PATH=${CMAKE_PREFIX_PATH}:/opt/ros/foxy CONDA_PROMPT_MODIFIER=(base) /usr/bin/cmake /home/linux/ROS2_WSL/src/psub1 -DAMENT_CMAKE_SYMLINK_INSTALL=1 -DCMAKE_INSTALL_PREFIX=/home/linux/ROS2_WSL/install/psub1
