[0.049s] Invoking command in '/home/linux/ROS2_WSL/build/linedetect_wsl': CMAKE_PREFIX_PATH=${CMAKE_PREFIX_PATH}:/opt/ros/foxy /usr/bin/cmake /home/linux/ROS2_WSL/src/linedetect_wsl -DAMENT_CMAKE_SYMLINK_INSTALL=1 -DCMAKE_INSTALL_PREFIX=/home/linux/ROS2_WSL/install/linedetect_wsl
[0.187s] -- The C compiler identification is GNU 9.4.0
[0.318s] -- The CXX compiler identification is GNU 9.4.0
[0.347s] -- Check for working C compiler: /usr/bin/cc
[0.411s] -- Check for working C compiler: /usr/bin/cc -- works
[0.412s] -- Detecting C compiler ABI info
[0.477s] -- Detecting C compiler ABI info - done
[0.484s] -- Detecting C compile features
[0.485s] -- Detecting C compile features - done
[0.486s] -- Check for working CXX compiler: /usr/bin/c++
[0.562s] -- Check for working CXX compiler: /usr/bin/c++ -- works
[0.563s] -- Detecting CXX compiler ABI info
[0.638s] -- Detecting CXX compiler ABI info - done
[0.644s] -- Detecting CXX compile features
[0.644s] -- Detecting CXX compile features - done
[0.645s] -- Found ament_cmake: 0.9.12 (/opt/ros/foxy/share/ament_cmake/cmake)
[0.663s] -- Found PythonInterp: /usr/bin/python3 (found suitable version "3.8.10", minimum required is "3") 
[0.663s] -- Using PYTHON_EXECUTABLE: /usr/bin/python3
[0.764s] -- Override CMake install command with custom implementation using symlinks instead of copying resources
[0.792s] -- Found rclcpp: 2.4.3 (/opt/ros/foxy/share/rclcpp/cmake)
[0.875s] -- Using all available rosidl_typesupport_c: rosidl_typesupport_fastrtps_c;rosidl_typesupport_introspection_c
[0.881s] -- Found rosidl_adapter: 1.3.1 (/opt/ros/foxy/share/rosidl_adapter/cmake)
[1.171s] -- Found OpenSSL: /usr/lib/x86_64-linux-gnu/libcrypto.so (found version "1.1.1f")  
[1.423s] -- Found FastRTPS: /opt/ros/foxy/include  
[1.872s] -- Using all available rosidl_typesupport_cpp: rosidl_typesupport_fastrtps_cpp;rosidl_typesupport_introspection_cpp
[1.914s] -- Found rmw_implementation_cmake: 1.0.4 (/opt/ros/foxy/share/rmw_implementation_cmake/cmake)
[1.916s] -- Using RMW implementation 'rmw_fastrtps_cpp' as default
[1.919s] -- Looking for pthread.h
[1.986s] -- Looking for pthread.h - found
[1.987s] -- Performing Test CMAKE_HAVE_LIBC_PTHREAD
[2.050s] -- Performing Test CMAKE_HAVE_LIBC_PTHREAD - Failed
[2.051s] -- Looking for pthread_create in pthreads
[2.108s] -- Looking for pthread_create in pthreads - not found
[2.108s] -- Looking for pthread_create in pthread
[2.181s] -- Looking for pthread_create in pthread - found
[2.181s] -- Found Threads: TRUE  
[2.289s] -- Found sensor_msgs: 2.0.5 (/opt/ros/foxy/share/sensor_msgs/cmake)
[2.370s] -- Found cv_bridge: 3.0.7 (/opt/ros/foxy/share/cv_bridge/cmake)
[2.391s] -- Found OpenCV: /usr (found version "4.2.0") 
[2.435s] -- Configuring done
[2.444s] -- Generating done
[2.449s] -- Build files have been written to: /home/linux/ROS2_WSL/build/linedetect_wsl
[2.462s] Invoked command in '/home/linux/ROS2_WSL/build/linedetect_wsl' returned '0': CMAKE_PREFIX_PATH=${CMAKE_PREFIX_PATH}:/opt/ros/foxy /usr/bin/cmake /home/linux/ROS2_WSL/src/linedetect_wsl -DAMENT_CMAKE_SYMLINK_INSTALL=1 -DCMAKE_INSTALL_PREFIX=/home/linux/ROS2_WSL/install/linedetect_wsl
[2.463s] Invoking command in '/home/linux/ROS2_WSL/build/linedetect_wsl': CMAKE_PREFIX_PATH=${CMAKE_PREFIX_PATH}:/opt/ros/foxy /usr/bin/cmake --build /home/linux/ROS2_WSL/build/linedetect_wsl -- -j32 -l32
[2.494s] [35m[1mScanning dependencies of target sub[0m
[2.567s] [ 50%] [32mBuilding CXX object CMakeFiles/sub.dir/src/sub.cpp.o[0m
[7.154s] [100%] [32m[1mLinking CXX executable sub[0m
[7.460s] [100%] Built target sub
[7.467s] Invoked command in '/home/linux/ROS2_WSL/build/linedetect_wsl' returned '0': CMAKE_PREFIX_PATH=${CMAKE_PREFIX_PATH}:/opt/ros/foxy /usr/bin/cmake --build /home/linux/ROS2_WSL/build/linedetect_wsl -- -j32 -l32
[7.469s] Invoking command in '/home/linux/ROS2_WSL/build/linedetect_wsl': CMAKE_PREFIX_PATH=${CMAKE_PREFIX_PATH}:/opt/ros/foxy /usr/bin/cmake --install /home/linux/ROS2_WSL/build/linedetect_wsl
[7.474s] -- Install configuration: ""
[7.474s] -- Execute custom install script
[7.475s] -- Symlinking: /home/linux/ROS2_WSL/install/linedetect_wsl/lib/linedetect_wsl/sub
[7.481s] -- Symlinking: /home/linux/ROS2_WSL/install/linedetect_wsl/share/ament_index/resource_index/package_run_dependencies/linedetect_wsl
[7.487s] -- Symlinking: /home/linux/ROS2_WSL/install/linedetect_wsl/share/ament_index/resource_index/parent_prefix_path/linedetect_wsl
[7.493s] -- Symlinking: /home/linux/ROS2_WSL/install/linedetect_wsl/share/linedetect_wsl/environment/ament_prefix_path.sh
[7.499s] -- Symlinking: /home/linux/ROS2_WSL/install/linedetect_wsl/share/linedetect_wsl/environment/ament_prefix_path.dsv
[7.504s] -- Symlinking: /home/linux/ROS2_WSL/install/linedetect_wsl/share/linedetect_wsl/environment/path.sh
[7.510s] -- Symlinking: /home/linux/ROS2_WSL/install/linedetect_wsl/share/linedetect_wsl/environment/path.dsv
[7.516s] -- Symlinking: /home/linux/ROS2_WSL/install/linedetect_wsl/share/linedetect_wsl/local_setup.bash
[7.522s] -- Symlinking: /home/linux/ROS2_WSL/install/linedetect_wsl/share/linedetect_wsl/local_setup.sh
[7.527s] -- Symlinking: /home/linux/ROS2_WSL/install/linedetect_wsl/share/linedetect_wsl/local_setup.zsh
[7.533s] -- Symlinking: /home/linux/ROS2_WSL/install/linedetect_wsl/share/linedetect_wsl/local_setup.dsv
[7.538s] -- Symlinking: /home/linux/ROS2_WSL/install/linedetect_wsl/share/linedetect_wsl/package.dsv
[7.544s] -- Symlinking: /home/linux/ROS2_WSL/install/linedetect_wsl/share/ament_index/resource_index/packages/linedetect_wsl
[7.549s] -- Symlinking: /home/linux/ROS2_WSL/install/linedetect_wsl/share/linedetect_wsl/cmake/linedetect_wslConfig.cmake
[7.554s] -- Symlinking: /home/linux/ROS2_WSL/install/linedetect_wsl/share/linedetect_wsl/cmake/linedetect_wslConfig-version.cmake
[7.559s] -- Symlinking: /home/linux/ROS2_WSL/install/linedetect_wsl/share/linedetect_wsl/package.xml
[7.565s] Invoked command in '/home/linux/ROS2_WSL/build/linedetect_wsl' returned '0': CMAKE_PREFIX_PATH=${CMAKE_PREFIX_PATH}:/opt/ros/foxy /usr/bin/cmake --install /home/linux/ROS2_WSL/build/linedetect_wsl
