[0.049s] Invoking command in '/home/linux/ROS2_WSL/build/camera_ros2-2': CMAKE_PREFIX_PATH=${CMAKE_PREFIX_PATH}:/opt/ros/foxy /usr/bin/cmake /home/linux/ROS2_WSL/src/camera_ros2-2 -DAMENT_CMAKE_SYMLINK_INSTALL=1 -DCMAKE_INSTALL_PREFIX=/home/linux/ROS2_WSL/install/camera_ros2-2
[0.196s] -- The C compiler identification is GNU 9.4.0
[0.327s] -- The CXX compiler identification is GNU 9.4.0
[0.358s] -- Check for working C compiler: /usr/bin/cc
[0.424s] -- Check for working C compiler: /usr/bin/cc -- works
[0.425s] -- Detecting C compiler ABI info
[0.490s] -- Detecting C compiler ABI info - done
[0.498s] -- Detecting C compile features
[0.498s] -- Detecting C compile features - done
[0.500s] -- Check for working CXX compiler: /usr/bin/c++
[0.566s] -- Check for working CXX compiler: /usr/bin/c++ -- works
[0.567s] -- Detecting CXX compiler ABI info
[0.641s] -- Detecting CXX compiler ABI info - done
[0.651s] -- Detecting CXX compile features
[0.651s] -- Detecting CXX compile features - done
[0.654s] -- Found ament_cmake: 0.9.12 (/opt/ros/foxy/share/ament_cmake/cmake)
[0.677s] -- Found PythonInterp: /usr/bin/python3 (found suitable version "3.8.10", minimum required is "3") 
[0.678s] -- Using PYTHON_EXECUTABLE: /usr/bin/python3
[0.796s] -- Override CMake install command with custom implementation using symlinks instead of copying resources
[0.807s] -- Found rclcpp: 2.4.3 (/opt/ros/foxy/share/rclcpp/cmake)
[0.885s] -- Using all available rosidl_typesupport_c: rosidl_typesupport_fastrtps_c;rosidl_typesupport_introspection_c
[0.892s] -- Found rosidl_adapter: 1.3.1 (/opt/ros/foxy/share/rosidl_adapter/cmake)
[1.183s] -- Found OpenSSL: /usr/lib/x86_64-linux-gnu/libcrypto.so (found version "1.1.1f")  
[1.436s] -- Found FastRTPS: /opt/ros/foxy/include  
[1.914s] -- Using all available rosidl_typesupport_cpp: rosidl_typesupport_fastrtps_cpp;rosidl_typesupport_introspection_cpp
[1.946s] -- Found rmw_implementation_cmake: 1.0.4 (/opt/ros/foxy/share/rmw_implementation_cmake/cmake)
[1.947s] -- Using RMW implementation 'rmw_fastrtps_cpp' as default
[1.947s] -- Looking for pthread.h
[2.017s] -- Looking for pthread.h - found
[2.017s] -- Performing Test CMAKE_HAVE_LIBC_PTHREAD
[2.099s] -- Performing Test CMAKE_HAVE_LIBC_PTHREAD - Failed
[2.100s] -- Looking for pthread_create in pthreads
[2.164s] -- Looking for pthread_create in pthreads - not found
[2.164s] -- Looking for pthread_create in pthread
[2.235s] -- Looking for pthread_create in pthread - found
[2.235s] -- Found Threads: TRUE  
[2.325s] -- Found sensor_msgs: 2.0.5 (/opt/ros/foxy/share/sensor_msgs/cmake)
[2.399s] -- Found cv_bridge: 3.0.7 (/opt/ros/foxy/share/cv_bridge/cmake)
[2.417s] -- Found OpenCV: /usr (found version "4.2.0") 
[2.466s] -- Configuring done
[2.486s] -- Generating done
[2.493s] -- Build files have been written to: /home/linux/ROS2_WSL/build/camera_ros2-2
[2.499s] Invoked command in '/home/linux/ROS2_WSL/build/camera_ros2-2' returned '0': CMAKE_PREFIX_PATH=${CMAKE_PREFIX_PATH}:/opt/ros/foxy /usr/bin/cmake /home/linux/ROS2_WSL/src/camera_ros2-2 -DAMENT_CMAKE_SYMLINK_INSTALL=1 -DCMAKE_INSTALL_PREFIX=/home/linux/ROS2_WSL/install/camera_ros2-2
[2.502s] Invoking command in '/home/linux/ROS2_WSL/build/camera_ros2-2': CMAKE_PREFIX_PATH=${CMAKE_PREFIX_PATH}:/opt/ros/foxy /usr/bin/cmake --build /home/linux/ROS2_WSL/build/camera_ros2-2 -- -j32 -l32
[2.538s] [35m[1mScanning dependencies of target sub2[0m
[2.539s] [35m[1mScanning dependencies of target pub2[0m
[2.577s] [ 25%] [32mBuilding CXX object CMakeFiles/sub2.dir/src/sub2.cpp.o[0m
[2.579s] [ 50%] [32mBuilding CXX object CMakeFiles/pub2.dir/src/pub2.cpp.o[0m
[6.021s] [ 75%] [32m[1mLinking CXX executable pub2[0m
[6.571s] [ 75%] Built target pub2
[7.195s] [100%] [32m[1mLinking CXX executable sub2[0m
[7.526s] [100%] Built target sub2
[7.533s] Invoked command in '/home/linux/ROS2_WSL/build/camera_ros2-2' returned '0': CMAKE_PREFIX_PATH=${CMAKE_PREFIX_PATH}:/opt/ros/foxy /usr/bin/cmake --build /home/linux/ROS2_WSL/build/camera_ros2-2 -- -j32 -l32
[7.535s] Invoking command in '/home/linux/ROS2_WSL/build/camera_ros2-2': CMAKE_PREFIX_PATH=${CMAKE_PREFIX_PATH}:/opt/ros/foxy /usr/bin/cmake --install /home/linux/ROS2_WSL/build/camera_ros2-2
[7.540s] -- Install configuration: ""
[7.540s] -- Execute custom install script
[7.541s] -- Symlinking: /home/linux/ROS2_WSL/install/camera_ros2-2/lib/camera_ros2-2/pub2
[7.546s] -- Symlinking: /home/linux/ROS2_WSL/install/camera_ros2-2/lib/camera_ros2-2/sub2
[7.552s] -- Symlinking: /home/linux/ROS2_WSL/install/camera_ros2-2/share/ament_index/resource_index/package_run_dependencies/camera_ros2-2
[7.557s] -- Symlinking: /home/linux/ROS2_WSL/install/camera_ros2-2/share/ament_index/resource_index/parent_prefix_path/camera_ros2-2
[7.562s] -- Symlinking: /home/linux/ROS2_WSL/install/camera_ros2-2/share/camera_ros2-2/environment/ament_prefix_path.sh
[7.568s] -- Symlinking: /home/linux/ROS2_WSL/install/camera_ros2-2/share/camera_ros2-2/environment/ament_prefix_path.dsv
[7.574s] -- Symlinking: /home/linux/ROS2_WSL/install/camera_ros2-2/share/camera_ros2-2/environment/path.sh
[7.579s] -- Symlinking: /home/linux/ROS2_WSL/install/camera_ros2-2/share/camera_ros2-2/environment/path.dsv
[7.585s] -- Symlinking: /home/linux/ROS2_WSL/install/camera_ros2-2/share/camera_ros2-2/local_setup.bash
[7.590s] -- Symlinking: /home/linux/ROS2_WSL/install/camera_ros2-2/share/camera_ros2-2/local_setup.sh
[7.595s] -- Symlinking: /home/linux/ROS2_WSL/install/camera_ros2-2/share/camera_ros2-2/local_setup.zsh
[7.600s] -- Symlinking: /home/linux/ROS2_WSL/install/camera_ros2-2/share/camera_ros2-2/local_setup.dsv
[7.605s] -- Symlinking: /home/linux/ROS2_WSL/install/camera_ros2-2/share/camera_ros2-2/package.dsv
[7.610s] -- Symlinking: /home/linux/ROS2_WSL/install/camera_ros2-2/share/ament_index/resource_index/packages/camera_ros2-2
[7.614s] -- Symlinking: /home/linux/ROS2_WSL/install/camera_ros2-2/share/camera_ros2-2/cmake/camera_ros2-2Config.cmake
[7.619s] -- Symlinking: /home/linux/ROS2_WSL/install/camera_ros2-2/share/camera_ros2-2/cmake/camera_ros2-2Config-version.cmake
[7.624s] -- Symlinking: /home/linux/ROS2_WSL/install/camera_ros2-2/share/camera_ros2-2/package.xml
[7.630s] Invoked command in '/home/linux/ROS2_WSL/build/camera_ros2-2' returned '0': CMAKE_PREFIX_PATH=${CMAKE_PREFIX_PATH}:/opt/ros/foxy /usr/bin/cmake --install /home/linux/ROS2_WSL/build/camera_ros2-2
