[0.010s] Invoking command in '/home/linux/ROS2/build/dxl_wsl': CMAKE_PREFIX_PATH=${CMAKE_PREFIX_PATH}:/opt/ros/foxy /usr/bin/cmake /home/linux/ROS2/src/dxl_wsl -DAMENT_CMAKE_SYMLINK_INSTALL=1 -DCMAKE_INSTALL_PREFIX=/home/linux/ROS2/install/dxl_wsl
[0.212s] -- The C compiler identification is GNU 9.4.0
[0.408s] -- The CXX compiler identification is GNU 9.4.0
[0.463s] -- Check for working C compiler: /usr/bin/cc
[0.542s] -- Check for working C compiler: /usr/bin/cc -- works
[0.543s] -- Detecting C compiler ABI info
[0.619s] -- Detecting C compiler ABI info - done
[0.624s] -- Detecting C compile features
[0.625s] -- Detecting C compile features - done
[0.627s] -- Check for working CXX compiler: /usr/bin/c++
[0.701s] -- Check for working CXX compiler: /usr/bin/c++ -- works
[0.701s] -- Detecting CXX compiler ABI info
[0.775s] -- Detecting CXX compiler ABI info - done
[0.781s] -- Detecting CXX compile features
[0.781s] -- Detecting CXX compile features - done
[0.790s] -- Found ament_cmake: 0.9.12 (/opt/ros/foxy/share/ament_cmake/cmake)
[0.805s] -- Found PythonInterp: /usr/bin/python3 (found suitable version "3.8.10", minimum required is "3") 
[0.805s] -- Using PYTHON_EXECUTABLE: /usr/bin/python3
[0.889s] -- Override CMake install command with custom implementation using symlinks instead of copying resources
[0.915s] -- Found rclcpp: 2.4.3 (/opt/ros/foxy/share/rclcpp/cmake)
[1.019s] -- Using all available rosidl_typesupport_c: rosidl_typesupport_fastrtps_c;rosidl_typesupport_introspection_c
[1.025s] -- Found rosidl_adapter: 1.3.1 (/opt/ros/foxy/share/rosidl_adapter/cmake)
[1.576s] -- Found OpenSSL: /usr/lib/x86_64-linux-gnu/libcrypto.so (found version "1.1.1f")  
[2.045s] -- Found FastRTPS: /opt/ros/foxy/include  
[2.900s] -- Using all available rosidl_typesupport_cpp: rosidl_typesupport_fastrtps_cpp;rosidl_typesupport_introspection_cpp
[2.940s] -- Found rmw_implementation_cmake: 1.0.4 (/opt/ros/foxy/share/rmw_implementation_cmake/cmake)
[2.942s] -- Using RMW implementation 'rmw_fastrtps_cpp' as default
[2.944s] -- Looking for pthread.h
[3.021s] -- Looking for pthread.h - found
[3.021s] -- Performing Test CMAKE_HAVE_LIBC_PTHREAD
[3.094s] -- Performing Test CMAKE_HAVE_LIBC_PTHREAD - Failed
[3.094s] -- Looking for pthread_create in pthreads
[3.158s] -- Looking for pthread_create in pthreads - not found
[3.158s] -- Looking for pthread_create in pthread
[3.228s] -- Looking for pthread_create in pthread - found
[3.229s] -- Found Threads: TRUE  
[3.320s] -- Found geometry_msgs: 2.0.5 (/opt/ros/foxy/share/geometry_msgs/cmake)
[3.376s] -- Configuring done
[3.381s] -- Generating done
[3.383s] -- Build files have been written to: /home/linux/ROS2/build/dxl_wsl
[3.388s] Invoked command in '/home/linux/ROS2/build/dxl_wsl' returned '0': CMAKE_PREFIX_PATH=${CMAKE_PREFIX_PATH}:/opt/ros/foxy /usr/bin/cmake /home/linux/ROS2/src/dxl_wsl -DAMENT_CMAKE_SYMLINK_INSTALL=1 -DCMAKE_INSTALL_PREFIX=/home/linux/ROS2/install/dxl_wsl
[3.389s] Invoking command in '/home/linux/ROS2/build/dxl_wsl': CMAKE_PREFIX_PATH=${CMAKE_PREFIX_PATH}:/opt/ros/foxy /usr/bin/cmake --build /home/linux/ROS2/build/dxl_wsl -- -j28 -l28
[3.410s] [35m[1mScanning dependencies of target pub[0m
[3.475s] [ 50%] [32mBuilding CXX object CMakeFiles/pub.dir/src/pub.cpp.o[0m
[4.903s] [100%] [32m[1mLinking CXX executable pub[0m
[5.036s] [100%] Built target pub
[5.043s] Invoked command in '/home/linux/ROS2/build/dxl_wsl' returned '0': CMAKE_PREFIX_PATH=${CMAKE_PREFIX_PATH}:/opt/ros/foxy /usr/bin/cmake --build /home/linux/ROS2/build/dxl_wsl -- -j28 -l28
[5.051s] Invoking command in '/home/linux/ROS2/build/dxl_wsl': CMAKE_PREFIX_PATH=${CMAKE_PREFIX_PATH}:/opt/ros/foxy /usr/bin/cmake --install /home/linux/ROS2/build/dxl_wsl
[5.054s] -- Install configuration: ""
[5.054s] -- Execute custom install script
[5.054s] -- Symlinking: /home/linux/ROS2/install/dxl_wsl/lib/dxl_wsl/pub
[5.059s] -- Symlinking: /home/linux/ROS2/install/dxl_wsl/share/ament_index/resource_index/package_run_dependencies/dxl_wsl
[5.064s] -- Symlinking: /home/linux/ROS2/install/dxl_wsl/share/ament_index/resource_index/parent_prefix_path/dxl_wsl
[5.069s] -- Symlinking: /home/linux/ROS2/install/dxl_wsl/share/dxl_wsl/environment/ament_prefix_path.sh
[5.075s] -- Symlinking: /home/linux/ROS2/install/dxl_wsl/share/dxl_wsl/environment/ament_prefix_path.dsv
[5.080s] -- Symlinking: /home/linux/ROS2/install/dxl_wsl/share/dxl_wsl/environment/path.sh
[5.085s] -- Symlinking: /home/linux/ROS2/install/dxl_wsl/share/dxl_wsl/environment/path.dsv
[5.090s] -- Symlinking: /home/linux/ROS2/install/dxl_wsl/share/dxl_wsl/local_setup.bash
[5.095s] -- Symlinking: /home/linux/ROS2/install/dxl_wsl/share/dxl_wsl/local_setup.sh
[5.099s] -- Symlinking: /home/linux/ROS2/install/dxl_wsl/share/dxl_wsl/local_setup.zsh
[5.105s] -- Symlinking: /home/linux/ROS2/install/dxl_wsl/share/dxl_wsl/local_setup.dsv
[5.110s] -- Symlinking: /home/linux/ROS2/install/dxl_wsl/share/dxl_wsl/package.dsv
[5.114s] -- Symlinking: /home/linux/ROS2/install/dxl_wsl/share/ament_index/resource_index/packages/dxl_wsl
[5.119s] -- Symlinking: /home/linux/ROS2/install/dxl_wsl/share/dxl_wsl/cmake/dxl_wslConfig.cmake
[5.124s] -- Symlinking: /home/linux/ROS2/install/dxl_wsl/share/dxl_wsl/cmake/dxl_wslConfig-version.cmake
[5.130s] -- Symlinking: /home/linux/ROS2/install/dxl_wsl/share/dxl_wsl/package.xml
[5.136s] Invoked command in '/home/linux/ROS2/build/dxl_wsl' returned '0': CMAKE_PREFIX_PATH=${CMAKE_PREFIX_PATH}:/opt/ros/foxy /usr/bin/cmake --install /home/linux/ROS2/build/dxl_wsl
