[0.009s] Invoking command in '/home/linux/ROS2_WSL/build/linedetect_nano': CMAKE_PREFIX_PATH=${CMAKE_PREFIX_PATH}:/opt/ros/foxy /usr/bin/cmake --build /home/linux/ROS2_WSL/build/linedetect_nano -- -j28 -l28
[0.032s] [35m[1mScanning dependencies of target pub[0m
[0.049s] [ 50%] [32mBuilding CXX object CMakeFiles/pub.dir/src/pub.cpp.o[0m
[2.152s] [100%] [32m[1mLinking CXX executable pub[0m
[2.463s] [100%] Built target pub
[2.469s] Invoked command in '/home/linux/ROS2_WSL/build/linedetect_nano' returned '0': CMAKE_PREFIX_PATH=${CMAKE_PREFIX_PATH}:/opt/ros/foxy /usr/bin/cmake --build /home/linux/ROS2_WSL/build/linedetect_nano -- -j28 -l28
[2.477s] Invoking command in '/home/linux/ROS2_WSL/build/linedetect_nano': CMAKE_PREFIX_PATH=${CMAKE_PREFIX_PATH}:/opt/ros/foxy /usr/bin/cmake --install /home/linux/ROS2_WSL/build/linedetect_nano
[2.481s] -- Install configuration: ""
[2.481s] -- Execute custom install script
[2.482s] -- Up-to-date symlink: /home/linux/ROS2_WSL/install/linedetect_nano/lib/linedetect_nano/pub
[2.482s] -- Up-to-date symlink: /home/linux/ROS2_WSL/install/linedetect_nano/share/ament_index/resource_index/package_run_dependencies/linedetect_nano
[2.482s] -- Up-to-date symlink: /home/linux/ROS2_WSL/install/linedetect_nano/share/ament_index/resource_index/parent_prefix_path/linedetect_nano
[2.482s] -- Up-to-date symlink: /home/linux/ROS2_WSL/install/linedetect_nano/share/linedetect_nano/environment/ament_prefix_path.sh
[2.482s] -- Up-to-date symlink: /home/linux/ROS2_WSL/install/linedetect_nano/share/linedetect_nano/environment/ament_prefix_path.dsv
[2.482s] -- Up-to-date symlink: /home/linux/ROS2_WSL/install/linedetect_nano/share/linedetect_nano/environment/path.sh
[2.482s] -- Up-to-date symlink: /home/linux/ROS2_WSL/install/linedetect_nano/share/linedetect_nano/environment/path.dsv
[2.483s] -- Up-to-date symlink: /home/linux/ROS2_WSL/install/linedetect_nano/share/linedetect_nano/local_setup.bash
[2.483s] -- Up-to-date symlink: /home/linux/ROS2_WSL/install/linedetect_nano/share/linedetect_nano/local_setup.sh
[2.483s] -- Up-to-date symlink: /home/linux/ROS2_WSL/install/linedetect_nano/share/linedetect_nano/local_setup.zsh
[2.483s] -- Up-to-date symlink: /home/linux/ROS2_WSL/install/linedetect_nano/share/linedetect_nano/local_setup.dsv
[2.483s] -- Symlinking: /home/linux/ROS2_WSL/install/linedetect_nano/share/linedetect_nano/package.dsv
[2.488s] -- Up-to-date symlink: /home/linux/ROS2_WSL/install/linedetect_nano/share/ament_index/resource_index/packages/linedetect_nano
[2.488s] -- Up-to-date symlink: /home/linux/ROS2_WSL/install/linedetect_nano/share/linedetect_nano/cmake/linedetect_nanoConfig.cmake
[2.488s] -- Up-to-date symlink: /home/linux/ROS2_WSL/install/linedetect_nano/share/linedetect_nano/cmake/linedetect_nanoConfig-version.cmake
[2.489s] -- Up-to-date symlink: /home/linux/ROS2_WSL/install/linedetect_nano/share/linedetect_nano/package.xml
[2.490s] Invoked command in '/home/linux/ROS2_WSL/build/linedetect_nano' returned '0': CMAKE_PREFIX_PATH=${CMAKE_PREFIX_PATH}:/opt/ros/foxy /usr/bin/cmake --install /home/linux/ROS2_WSL/build/linedetect_nano
