[0.049s] Invoking command in '/home/linux/ROS2_WSL/build/dxl_wsl': CMAKE_PREFIX_PATH=${CMAKE_PREFIX_PATH}:/opt/ros/foxy /usr/bin/cmake /home/linux/ROS2_WSL/src/dxl_wsl -DAMENT_CMAKE_SYMLINK_INSTALL=1 -DCMAKE_INSTALL_PREFIX=/home/linux/ROS2_WSL/install/dxl_wsl
[0.193s] -- The C compiler identification is GNU 9.4.0
[0.321s] -- The CXX compiler identification is GNU 9.4.0
[0.352s] -- Check for working C compiler: /usr/bin/cc
[0.420s] -- Check for working C compiler: /usr/bin/cc -- works
[0.420s] -- Detecting C compiler ABI info
[0.482s] -- Detecting C compiler ABI info - done
[0.489s] -- Detecting C compile features
[0.489s] -- Detecting C compile features - done
[0.490s] -- Check for working CXX compiler: /usr/bin/c++
[0.574s] -- Check for working CXX compiler: /usr/bin/c++ -- works
[0.574s] -- Detecting CXX compiler ABI info
[0.644s] -- Detecting CXX compiler ABI info - done
[0.650s] -- Detecting CXX compile features
[0.651s] -- Detecting CXX compile features - done
[0.652s] -- Found ament_cmake: 0.9.12 (/opt/ros/foxy/share/ament_cmake/cmake)
[0.667s] -- Found PythonInterp: /usr/bin/python3 (found suitable version "3.8.10", minimum required is "3") 
[0.667s] -- Using PYTHON_EXECUTABLE: /usr/bin/python3
[0.778s] -- Override CMake install command with custom implementation using symlinks instead of copying resources
[0.798s] -- Found rclcpp: 2.4.3 (/opt/ros/foxy/share/rclcpp/cmake)
[0.880s] -- Using all available rosidl_typesupport_c: rosidl_typesupport_fastrtps_c;rosidl_typesupport_introspection_c
[0.887s] -- Found rosidl_adapter: 1.3.1 (/opt/ros/foxy/share/rosidl_adapter/cmake)
[1.177s] -- Found OpenSSL: /usr/lib/x86_64-linux-gnu/libcrypto.so (found version "1.1.1f")  
[1.431s] -- Found FastRTPS: /opt/ros/foxy/include  
[1.877s] -- Using all available rosidl_typesupport_cpp: rosidl_typesupport_fastrtps_cpp;rosidl_typesupport_introspection_cpp
[1.919s] -- Found rmw_implementation_cmake: 1.0.4 (/opt/ros/foxy/share/rmw_implementation_cmake/cmake)
[1.922s] -- Using RMW implementation 'rmw_fastrtps_cpp' as default
[1.924s] -- Looking for pthread.h
[1.993s] -- Looking for pthread.h - found
[1.994s] -- Performing Test CMAKE_HAVE_LIBC_PTHREAD
[2.057s] -- Performing Test CMAKE_HAVE_LIBC_PTHREAD - Failed
[2.057s] -- Looking for pthread_create in pthreads
[2.113s] -- Looking for pthread_create in pthreads - not found
[2.113s] -- Looking for pthread_create in pthread
[2.176s] -- Looking for pthread_create in pthread - found
[2.176s] -- Found Threads: TRUE  
[2.294s] -- Found geometry_msgs: 2.0.5 (/opt/ros/foxy/share/geometry_msgs/cmake)
[2.363s] -- Configuring done
[2.372s] -- Generating done
[2.375s] -- Build files have been written to: /home/linux/ROS2_WSL/build/dxl_wsl
[2.400s] Invoked command in '/home/linux/ROS2_WSL/build/dxl_wsl' returned '0': CMAKE_PREFIX_PATH=${CMAKE_PREFIX_PATH}:/opt/ros/foxy /usr/bin/cmake /home/linux/ROS2_WSL/src/dxl_wsl -DAMENT_CMAKE_SYMLINK_INSTALL=1 -DCMAKE_INSTALL_PREFIX=/home/linux/ROS2_WSL/install/dxl_wsl
[2.403s] Invoking command in '/home/linux/ROS2_WSL/build/dxl_wsl': CMAKE_PREFIX_PATH=${CMAKE_PREFIX_PATH}:/opt/ros/foxy /usr/bin/cmake --build /home/linux/ROS2_WSL/build/dxl_wsl -- -j32 -l32
[2.431s] [35m[1mScanning dependencies of target pub[0m
[2.478s] [ 50%] [32mBuilding CXX object CMakeFiles/pub.dir/src/pub.cpp.o[0m
[5.068s] [100%] [32m[1mLinking CXX executable pub[0m
[5.239s] [100%] Built target pub
[5.253s] Invoked command in '/home/linux/ROS2_WSL/build/dxl_wsl' returned '0': CMAKE_PREFIX_PATH=${CMAKE_PREFIX_PATH}:/opt/ros/foxy /usr/bin/cmake --build /home/linux/ROS2_WSL/build/dxl_wsl -- -j32 -l32
[5.254s] Invoking command in '/home/linux/ROS2_WSL/build/dxl_wsl': CMAKE_PREFIX_PATH=${CMAKE_PREFIX_PATH}:/opt/ros/foxy /usr/bin/cmake --install /home/linux/ROS2_WSL/build/dxl_wsl
[5.264s] -- Install configuration: ""
[5.264s] -- Execute custom install script
[5.265s] -- Symlinking: /home/linux/ROS2_WSL/install/dxl_wsl/lib/dxl_wsl/pub
[5.274s] -- Symlinking: /home/linux/ROS2_WSL/install/dxl_wsl/share/ament_index/resource_index/package_run_dependencies/dxl_wsl
[5.285s] -- Symlinking: /home/linux/ROS2_WSL/install/dxl_wsl/share/ament_index/resource_index/parent_prefix_path/dxl_wsl
[5.298s] -- Symlinking: /home/linux/ROS2_WSL/install/dxl_wsl/share/dxl_wsl/environment/ament_prefix_path.sh
[5.307s] -- Symlinking: /home/linux/ROS2_WSL/install/dxl_wsl/share/dxl_wsl/environment/ament_prefix_path.dsv
[5.314s] -- Symlinking: /home/linux/ROS2_WSL/install/dxl_wsl/share/dxl_wsl/environment/path.sh
[5.321s] -- Symlinking: /home/linux/ROS2_WSL/install/dxl_wsl/share/dxl_wsl/environment/path.dsv
[5.331s] -- Symlinking: /home/linux/ROS2_WSL/install/dxl_wsl/share/dxl_wsl/local_setup.bash
[5.341s] -- Symlinking: /home/linux/ROS2_WSL/install/dxl_wsl/share/dxl_wsl/local_setup.sh
[5.353s] -- Symlinking: /home/linux/ROS2_WSL/install/dxl_wsl/share/dxl_wsl/local_setup.zsh
[5.360s] -- Symlinking: /home/linux/ROS2_WSL/install/dxl_wsl/share/dxl_wsl/local_setup.dsv
[5.370s] -- Symlinking: /home/linux/ROS2_WSL/install/dxl_wsl/share/dxl_wsl/package.dsv
[5.381s] -- Symlinking: /home/linux/ROS2_WSL/install/dxl_wsl/share/ament_index/resource_index/packages/dxl_wsl
[5.394s] -- Symlinking: /home/linux/ROS2_WSL/install/dxl_wsl/share/dxl_wsl/cmake/dxl_wslConfig.cmake
[5.399s] -- Symlinking: /home/linux/ROS2_WSL/install/dxl_wsl/share/dxl_wsl/cmake/dxl_wslConfig-version.cmake
[5.409s] -- Symlinking: /home/linux/ROS2_WSL/install/dxl_wsl/share/dxl_wsl/package.xml
[5.440s] Invoked command in '/home/linux/ROS2_WSL/build/dxl_wsl' returned '0': CMAKE_PREFIX_PATH=${CMAKE_PREFIX_PATH}:/opt/ros/foxy /usr/bin/cmake --install /home/linux/ROS2_WSL/build/dxl_wsl
