[0.011s] Invoking command in '/home/linux/ROS2/build/camera_ros2-1': CMAKE_PREFIX_PATH=${CMAKE_PREFIX_PATH}:/opt/ros/foxy /usr/bin/cmake --build /home/linux/ROS2/build/camera_ros2-1 -- -j28 -l28
[0.127s] [35m[1mScanning dependencies of target sub1[0m
[0.127s] [35m[1mScanning dependencies of target pub1[0m
[0.157s] [ 50%] [32mBuilding CXX object CMakeFiles/pub1.dir/src/pub1.cpp.o[0m
[0.158s] [ 50%] [32mBuilding CXX object CMakeFiles/sub1.dir/src/sub1.cpp.o[0m
[2.556s] [ 75%] [32m[1mLinking CXX executable pub1[0m
[3.061s] [ 75%] Built target pub1
[3.554s] [100%] [32m[1mLinking CXX executable sub1[0m
[3.903s] [100%] Built target sub1
[3.909s] Invoked command in '/home/linux/ROS2/build/camera_ros2-1' returned '0': CMAKE_PREFIX_PATH=${CMAKE_PREFIX_PATH}:/opt/ros/foxy /usr/bin/cmake --build /home/linux/ROS2/build/camera_ros2-1 -- -j28 -l28
[3.916s] Invoking command in '/home/linux/ROS2/build/camera_ros2-1': CMAKE_PREFIX_PATH=${CMAKE_PREFIX_PATH}:/opt/ros/foxy /usr/bin/cmake --install /home/linux/ROS2/build/camera_ros2-1
[3.921s] -- Install configuration: ""
[3.922s] -- Execute custom install script
[3.922s] -- Up-to-date symlink: /home/linux/ROS2/install/camera_ros2-1/lib/camera_ros2-1/pub1
[3.922s] -- Up-to-date symlink: /home/linux/ROS2/install/camera_ros2-1/lib/camera_ros2-1/sub1
[3.923s] -- Up-to-date symlink: /home/linux/ROS2/install/camera_ros2-1/share/ament_index/resource_index/package_run_dependencies/camera_ros2-1
[3.923s] -- Up-to-date symlink: /home/linux/ROS2/install/camera_ros2-1/share/ament_index/resource_index/parent_prefix_path/camera_ros2-1
[3.923s] -- Up-to-date symlink: /home/linux/ROS2/install/camera_ros2-1/share/camera_ros2-1/environment/ament_prefix_path.sh
[3.923s] -- Up-to-date symlink: /home/linux/ROS2/install/camera_ros2-1/share/camera_ros2-1/environment/ament_prefix_path.dsv
[3.924s] -- Up-to-date symlink: /home/linux/ROS2/install/camera_ros2-1/share/camera_ros2-1/environment/path.sh
[3.924s] -- Up-to-date symlink: /home/linux/ROS2/install/camera_ros2-1/share/camera_ros2-1/environment/path.dsv
[3.924s] -- Up-to-date symlink: /home/linux/ROS2/install/camera_ros2-1/share/camera_ros2-1/local_setup.bash
[3.924s] -- Up-to-date symlink: /home/linux/ROS2/install/camera_ros2-1/share/camera_ros2-1/local_setup.sh
[3.925s] -- Up-to-date symlink: /home/linux/ROS2/install/camera_ros2-1/share/camera_ros2-1/local_setup.zsh
[3.925s] -- Up-to-date symlink: /home/linux/ROS2/install/camera_ros2-1/share/camera_ros2-1/local_setup.dsv
[3.925s] -- Symlinking: /home/linux/ROS2/install/camera_ros2-1/share/camera_ros2-1/package.dsv
[3.931s] -- Up-to-date symlink: /home/linux/ROS2/install/camera_ros2-1/share/ament_index/resource_index/packages/camera_ros2-1
[3.931s] -- Up-to-date symlink: /home/linux/ROS2/install/camera_ros2-1/share/camera_ros2-1/cmake/camera_ros2-1Config.cmake
[3.932s] -- Up-to-date symlink: /home/linux/ROS2/install/camera_ros2-1/share/camera_ros2-1/cmake/camera_ros2-1Config-version.cmake
[3.932s] -- Up-to-date symlink: /home/linux/ROS2/install/camera_ros2-1/share/camera_ros2-1/package.xml
[3.933s] Invoked command in '/home/linux/ROS2/build/camera_ros2-1' returned '0': CMAKE_PREFIX_PATH=${CMAKE_PREFIX_PATH}:/opt/ros/foxy /usr/bin/cmake --install /home/linux/ROS2/build/camera_ros2-1
