[0.010s] Invoking command in '/home/linux/ROS2/build/camera_ros2-2': CMAKE_PREFIX_PATH=${CMAKE_PREFIX_PATH}:/opt/ros/foxy /usr/bin/cmake --build /home/linux/ROS2/build/camera_ros2-2 -- -j28 -l28
[0.055s] [ 50%] Built target pub2
[0.055s] [100%] Built target sub2
[0.061s] Invoked command in '/home/linux/ROS2/build/camera_ros2-2' returned '0': CMAKE_PREFIX_PATH=${CMAKE_PREFIX_PATH}:/opt/ros/foxy /usr/bin/cmake --build /home/linux/ROS2/build/camera_ros2-2 -- -j28 -l28
[0.068s] Invoking command in '/home/linux/ROS2/build/camera_ros2-2': CMAKE_PREFIX_PATH=${CMAKE_PREFIX_PATH}:/opt/ros/foxy /usr/bin/cmake --install /home/linux/ROS2/build/camera_ros2-2
[0.072s] -- Install configuration: ""
[0.072s] -- Execute custom install script
[0.073s] -- Up-to-date symlink: /home/linux/ROS2/install/camera_ros2-2/lib/camera_ros2-2/pub2
[0.073s] -- Up-to-date symlink: /home/linux/ROS2/install/camera_ros2-2/lib/camera_ros2-2/sub2
[0.073s] -- Up-to-date symlink: /home/linux/ROS2/install/camera_ros2-2/share/ament_index/resource_index/package_run_dependencies/camera_ros2-2
[0.073s] -- Up-to-date symlink: /home/linux/ROS2/install/camera_ros2-2/share/ament_index/resource_index/parent_prefix_path/camera_ros2-2
[0.074s] -- Up-to-date symlink: /home/linux/ROS2/install/camera_ros2-2/share/camera_ros2-2/environment/ament_prefix_path.sh
[0.074s] -- Up-to-date symlink: /home/linux/ROS2/install/camera_ros2-2/share/camera_ros2-2/environment/ament_prefix_path.dsv
[0.074s] -- Up-to-date symlink: /home/linux/ROS2/install/camera_ros2-2/share/camera_ros2-2/environment/path.sh
[0.075s] -- Up-to-date symlink: /home/linux/ROS2/install/camera_ros2-2/share/camera_ros2-2/environment/path.dsv
[0.075s] -- Up-to-date symlink: /home/linux/ROS2/install/camera_ros2-2/share/camera_ros2-2/local_setup.bash
[0.076s] -- Up-to-date symlink: /home/linux/ROS2/install/camera_ros2-2/share/camera_ros2-2/local_setup.sh
[0.076s] -- Up-to-date symlink: /home/linux/ROS2/install/camera_ros2-2/share/camera_ros2-2/local_setup.zsh
[0.076s] -- Up-to-date symlink: /home/linux/ROS2/install/camera_ros2-2/share/camera_ros2-2/local_setup.dsv
[0.076s] -- Symlinking: /home/linux/ROS2/install/camera_ros2-2/share/camera_ros2-2/package.dsv
[0.082s] -- Up-to-date symlink: /home/linux/ROS2/install/camera_ros2-2/share/ament_index/resource_index/packages/camera_ros2-2
[0.082s] -- Up-to-date symlink: /home/linux/ROS2/install/camera_ros2-2/share/camera_ros2-2/cmake/camera_ros2-2Config.cmake
[0.082s] -- Up-to-date symlink: /home/linux/ROS2/install/camera_ros2-2/share/camera_ros2-2/cmake/camera_ros2-2Config-version.cmake
[0.083s] -- Up-to-date symlink: /home/linux/ROS2/install/camera_ros2-2/share/camera_ros2-2/package.xml
[0.084s] Invoked command in '/home/linux/ROS2/build/camera_ros2-2' returned '0': CMAKE_PREFIX_PATH=${CMAKE_PREFIX_PATH}:/opt/ros/foxy /usr/bin/cmake --install /home/linux/ROS2/build/camera_ros2-2
