[01m[K/home/linux/ROS2_WSL/src/linedetect_wsl/src/sub.cpp:[m[K In member function ‘[01m[Kint LineDetector::find_target_line(const cv::Mat&, const cv::Mat&, const cv::Mat&)[m[K’:
[01m[K/home/linux/ROS2_WSL/src/linedetect_wsl/src/sub.cpp:36:3:[m[K [01;31m[Kerror: [m[K‘[01m[Ktmp_pt[m[K’ was not declared in this scope; did you mean ‘[01m[Ktmp_pt_[m[K’?
   36 |   [01;31m[Ktmp_pt[m[K = Point(160, 60);
      |   [01;31m[K^~~~~~[m[K
      |   [32m[Ktmp_pt_[m[K
[01m[K/home/linux/ROS2_WSL/src/linedetect_wsl/src/sub.cpp:36:12:[m[K [01;31m[Kerror: [m[K‘[01m[KPoint[m[K’ was not declared in this scope; did you mean ‘[01m[Kcv::Point[m[K’?
   36 |   tmp_pt = [01;31m[KPoint[m[K(160, 60);
      |            [01;31m[K^~~~~[m[K
      |            [32m[Kcv::Point[m[K
In file included from [01m[K/usr/include/opencv4/opencv2/core.hpp:58[m[K,
                 from [01m[K/usr/include/opencv4/opencv2/opencv.hpp:52[m[K,
                 from [01m[K/home/linux/ROS2_WSL/src/linedetect_wsl/src/sub.hpp:6[m[K,
                 from [01m[K/home/linux/ROS2_WSL/src/linedetect_wsl/src/sub.cpp:1[m[K:
[01m[K/usr/include/opencv4/opencv2/core/types.hpp:194:17:[m[K [01;36m[Knote: [m[K‘[01m[Kcv::Point[m[K’ declared here
  194 | typedef Point2i [01;36m[KPoint[m[K;
      |                 [01;36m[K^~~~~[m[K
[01m[K/home/linux/ROS2_WSL/src/linedetect_wsl/src/sub.cpp:37:9:[m[K [01;31m[Kerror: [m[K‘[01m[Kfirst_run[m[K’ was not declared in this scope; did you mean ‘[01m[Kfirst_run_[m[K’?
   37 |         [01;31m[Kfirst_run[m[K = false;
      |         [01;31m[K^~~~~~~~~[m[K
      |         [32m[Kfirst_run_[m[K
make[2]: *** [CMakeFiles/sub.dir/build.make:63: CMakeFiles/sub.dir/src/sub.cpp.o] Error 1
make[1]: *** [CMakeFiles/Makefile2:78: CMakeFiles/sub.dir/all] Error 2
make: *** [Makefile:141: all] Error 2
