[0.012s] Invoking command in '/home/linux/ROS2/build/camera_ros2-1': CMAKE_PREFIX_PATH=${CMAKE_PREFIX_PATH}:/opt/ros/foxy /usr/bin/cmake /home/linux/ROS2/src/camera_ros2-1 -DAMENT_CMAKE_SYMLINK_INSTALL=1 -DCMAKE_INSTALL_PREFIX=/home/linux/ROS2/install/camera_ros2-1
[0.192s] -- The C compiler identification is GNU 9.4.0
[0.396s] -- The CXX compiler identification is GNU 9.4.0
[0.448s] -- Check for working C compiler: /usr/bin/cc
[0.525s] -- Check for working C compiler: /usr/bin/cc -- works
[0.526s] -- Detecting C compiler ABI info
[0.615s] -- Detecting C compiler ABI info - done
[0.621s] -- Detecting C compile features
[0.621s] -- Detecting C compile features - done
[0.623s] -- Check for working CXX compiler: /usr/bin/c++
[0.699s] -- Check for working CXX compiler: /usr/bin/c++ -- works
[0.700s] -- Detecting CXX compiler ABI info
[0.777s] -- Detecting CXX compiler ABI info - done
[0.782s] -- Detecting CXX compile features
[0.783s] -- Detecting CXX compile features - done
[0.790s] -- Found ament_cmake: 0.9.12 (/opt/ros/foxy/share/ament_cmake/cmake)
[0.806s] -- Found PythonInterp: /usr/bin/python3 (found suitable version "3.8.10", minimum required is "3") 
[0.806s] -- Using PYTHON_EXECUTABLE: /usr/bin/python3
[0.890s] -- Override CMake install command with custom implementation using symlinks instead of copying resources
[0.917s] -- Found rclcpp: 2.4.3 (/opt/ros/foxy/share/rclcpp/cmake)
[1.017s] -- Using all available rosidl_typesupport_c: rosidl_typesupport_fastrtps_c;rosidl_typesupport_introspection_c
[1.024s] -- Found rosidl_adapter: 1.3.1 (/opt/ros/foxy/share/rosidl_adapter/cmake)
[1.527s] -- Found OpenSSL: /usr/lib/x86_64-linux-gnu/libcrypto.so (found version "1.1.1f")  
[1.992s] -- Found FastRTPS: /opt/ros/foxy/include  
[2.878s] -- Using all available rosidl_typesupport_cpp: rosidl_typesupport_fastrtps_cpp;rosidl_typesupport_introspection_cpp
[2.920s] -- Found rmw_implementation_cmake: 1.0.4 (/opt/ros/foxy/share/rmw_implementation_cmake/cmake)
[2.921s] -- Using RMW implementation 'rmw_fastrtps_cpp' as default
[2.923s] -- Looking for pthread.h
[3.000s] -- Looking for pthread.h - found
[3.000s] -- Performing Test CMAKE_HAVE_LIBC_PTHREAD
[3.072s] -- Performing Test CMAKE_HAVE_LIBC_PTHREAD - Failed
[3.073s] -- Looking for pthread_create in pthreads
[3.139s] -- Looking for pthread_create in pthreads - not found
[3.139s] -- Looking for pthread_create in pthread
[3.208s] -- Looking for pthread_create in pthread - found
[3.208s] -- Found Threads: TRUE  
[3.299s] -- Found sensor_msgs: 2.0.5 (/opt/ros/foxy/share/sensor_msgs/cmake)
[3.365s] -- Found cv_bridge: 3.0.7 (/opt/ros/foxy/share/cv_bridge/cmake)
[3.383s] -- Found OpenCV: /usr (found version "4.2.0") 
[3.426s] -- Configuring done
[3.442s] -- Generating done
[3.449s] -- Build files have been written to: /home/linux/ROS2/build/camera_ros2-1
[3.455s] Invoked command in '/home/linux/ROS2/build/camera_ros2-1' returned '0': CMAKE_PREFIX_PATH=${CMAKE_PREFIX_PATH}:/opt/ros/foxy /usr/bin/cmake /home/linux/ROS2/src/camera_ros2-1 -DAMENT_CMAKE_SYMLINK_INSTALL=1 -DCMAKE_INSTALL_PREFIX=/home/linux/ROS2/install/camera_ros2-1
[3.457s] Invoking command in '/home/linux/ROS2/build/camera_ros2-1': CMAKE_PREFIX_PATH=${CMAKE_PREFIX_PATH}:/opt/ros/foxy /usr/bin/cmake --build /home/linux/ROS2/build/camera_ros2-1 -- -j28 -l28
[3.479s] [35m[1mScanning dependencies of target sub1[0m
[3.479s] [35m[1mScanning dependencies of target pub1[0m
[3.568s] [ 25%] [32mBuilding CXX object CMakeFiles/pub1.dir/src/pub1.cpp.o[0m
[3.568s] [ 50%] [32mBuilding CXX object CMakeFiles/sub1.dir/src/sub1.cpp.o[0m
[4.756s] [01m[K/home/linux/ROS2/src/camera_ros2-1/src/sub1.cpp:[m[K In function ‘[01m[Kvoid mysub_callback(rclcpp::Node::SharedPtr, sensor_msgs::msg::CompressedImage_<std::allocator<void> >::SharedPtr)[m[K’:
[4.756s] [01m[K/home/linux/ROS2/src/camera_ros2-1/src/sub1.cpp:14:30:[m[K [01;31m[Kerror: [m[K‘[01m[Kgray[m[K’ was not declared in this scope
[4.756s]    14 |     cv::cvtColor(frame_gray, [01;31m[Kgray[m[K, cv::COLOR_BGR2GRAY);
[4.756s]       |                              [01;31m[K^~~~[m[K
[4.757s] [01m[K/home/linux/ROS2/src/camera_ros2-1/src/sub1.cpp:17:33:[m[K [01;31m[Kerror: [m[K‘[01m[Kbinary[m[K’ was not declared in this scope
[4.757s]    17 |     cv::threshold(frame_binary, [01;31m[Kbinary[m[K, 128, 255, cv::THRESH_BINARY);
[4.757s]       |                                 [01;31m[K^~~~~~[m[K
[4.758s] In file included from [01m[K/opt/ros/foxy/include/rclcpp/client.hpp:40[m[K,
[4.758s]                  from [01m[K/opt/ros/foxy/include/rclcpp/callback_group.hpp:23[m[K,
[4.758s]                  from [01m[K/opt/ros/foxy/include/rclcpp/any_executable.hpp:20[m[K,
[4.758s]                  from [01m[K/opt/ros/foxy/include/rclcpp/memory_strategy.hpp:24[m[K,
[4.758s]                  from [01m[K/opt/ros/foxy/include/rclcpp/memory_strategies.hpp:18[m[K,
[4.758s]                  from [01m[K/opt/ros/foxy/include/rclcpp/executor_options.hpp:20[m[K,
[4.758s]                  from [01m[K/opt/ros/foxy/include/rclcpp/executor.hpp:33[m[K,
[4.758s]                  from [01m[K/opt/ros/foxy/include/rclcpp/executors/multi_threaded_executor.hpp:26[m[K,
[4.758s]                  from [01m[K/opt/ros/foxy/include/rclcpp/executors.hpp:21[m[K,
[4.758s]                  from [01m[K/opt/ros/foxy/include/rclcpp/rclcpp.hpp:146[m[K,
[4.758s]                  from [01m[K/home/linux/ROS2/src/camera_ros2-1/src/sub1.cpp:1[m[K:
[4.758s] [01m[K/home/linux/ROS2/src/camera_ros2-1/src/sub1.cpp:24:86:[m[K [01;31m[Kerror: [m[K‘[01m[Kframe[m[K’ was not declared in this scope
[4.758s]    24 |     RCLCPP_INFO(node->get_logger(), "Received Image : %s,%d,%d", msg->format.c_str(),[01;31m[Kframe[m[K.rows,frame.cols);
[4.758s]       |                                                                                      [01;31m[K^~~~~[m[K
[5.745s] [ 75%] [32m[1mLinking CXX executable pub1[0m
[5.776s] make[2]: *** [CMakeFiles/sub1.dir/build.make:63: CMakeFiles/sub1.dir/src/sub1.cpp.o] Error 1
[5.776s] make[1]: *** [CMakeFiles/Makefile2:80: CMakeFiles/sub1.dir/all] Error 2
[5.776s] make[1]: *** Waiting for unfinished jobs....
[6.169s] [ 75%] Built target pub1
[6.169s] make: *** [Makefile:141: all] Error 2
[6.171s] Invoked command in '/home/linux/ROS2/build/camera_ros2-1' returned '2': CMAKE_PREFIX_PATH=${CMAKE_PREFIX_PATH}:/opt/ros/foxy /usr/bin/cmake --build /home/linux/ROS2/build/camera_ros2-1 -- -j28 -l28
