[0.052s] Invoking command in '/home/linux/ROS2_WSL/build/camera_ros2-1': CMAKE_PREFIX_PATH=${CMAKE_PREFIX_PATH}:/opt/ros/foxy /usr/bin/cmake /home/linux/ROS2_WSL/src/camera_ros2-1 -DAMENT_CMAKE_SYMLINK_INSTALL=1 -DCMAKE_INSTALL_PREFIX=/home/linux/ROS2_WSL/install/camera_ros2-1
[0.204s] -- The C compiler identification is GNU 9.4.0
[0.333s] -- The CXX compiler identification is GNU 9.4.0
[0.364s] -- Check for working C compiler: /usr/bin/cc
[0.424s] -- Check for working C compiler: /usr/bin/cc -- works
[0.425s] -- Detecting C compiler ABI info
[0.490s] -- Detecting C compiler ABI info - done
[0.496s] -- Detecting C compile features
[0.497s] -- Detecting C compile features - done
[0.501s] -- Check for working CXX compiler: /usr/bin/c++
[0.575s] -- Check for working CXX compiler: /usr/bin/c++ -- works
[0.575s] -- Detecting CXX compiler ABI info
[0.646s] -- Detecting CXX compiler ABI info - done
[0.656s] -- Detecting CXX compile features
[0.657s] -- Detecting CXX compile features - done
[0.660s] -- Found ament_cmake: 0.9.12 (/opt/ros/foxy/share/ament_cmake/cmake)
[0.684s] -- Found PythonInterp: /usr/bin/python3 (found suitable version "3.8.10", minimum required is "3") 
[0.684s] -- Using PYTHON_EXECUTABLE: /usr/bin/python3
[0.812s] -- Override CMake install command with custom implementation using symlinks instead of copying resources
[0.823s] -- Found rclcpp: 2.4.3 (/opt/ros/foxy/share/rclcpp/cmake)
[0.892s] -- Using all available rosidl_typesupport_c: rosidl_typesupport_fastrtps_c;rosidl_typesupport_introspection_c
[0.899s] -- Found rosidl_adapter: 1.3.1 (/opt/ros/foxy/share/rosidl_adapter/cmake)
[1.189s] -- Found OpenSSL: /usr/lib/x86_64-linux-gnu/libcrypto.so (found version "1.1.1f")  
[1.442s] -- Found FastRTPS: /opt/ros/foxy/include  
[2.141s] -- Using all available rosidl_typesupport_cpp: rosidl_typesupport_fastrtps_cpp;rosidl_typesupport_introspection_cpp
[2.182s] -- Found rmw_implementation_cmake: 1.0.4 (/opt/ros/foxy/share/rmw_implementation_cmake/cmake)
[2.183s] -- Using RMW implementation 'rmw_fastrtps_cpp' as default
[2.184s] -- Looking for pthread.h
[2.262s] -- Looking for pthread.h - found
[2.262s] -- Performing Test CMAKE_HAVE_LIBC_PTHREAD
[2.337s] -- Performing Test CMAKE_HAVE_LIBC_PTHREAD - Failed
[2.337s] -- Looking for pthread_create in pthreads
[2.406s] -- Looking for pthread_create in pthreads - not found
[2.406s] -- Looking for pthread_create in pthread
[2.473s] -- Looking for pthread_create in pthread - found
[2.474s] -- Found Threads: TRUE  
[2.561s] -- Found sensor_msgs: 2.0.5 (/opt/ros/foxy/share/sensor_msgs/cmake)
[2.628s] -- Found cv_bridge: 3.0.7 (/opt/ros/foxy/share/cv_bridge/cmake)
[2.650s] -- Found OpenCV: /usr (found version "4.2.0") 
[2.719s] -- Configuring done
[2.740s] -- Generating done
[2.753s] -- Build files have been written to: /home/linux/ROS2_WSL/build/camera_ros2-1
[2.760s] Invoked command in '/home/linux/ROS2_WSL/build/camera_ros2-1' returned '0': CMAKE_PREFIX_PATH=${CMAKE_PREFIX_PATH}:/opt/ros/foxy /usr/bin/cmake /home/linux/ROS2_WSL/src/camera_ros2-1 -DAMENT_CMAKE_SYMLINK_INSTALL=1 -DCMAKE_INSTALL_PREFIX=/home/linux/ROS2_WSL/install/camera_ros2-1
[2.764s] Invoking command in '/home/linux/ROS2_WSL/build/camera_ros2-1': CMAKE_PREFIX_PATH=${CMAKE_PREFIX_PATH}:/opt/ros/foxy /usr/bin/cmake --build /home/linux/ROS2_WSL/build/camera_ros2-1 -- -j32 -l32
[2.801s] [35m[1mScanning dependencies of target pub1[0m
[2.801s] [35m[1mScanning dependencies of target sub1[0m
[2.843s] [ 50%] [32mBuilding CXX object CMakeFiles/pub1.dir/src/pub1.cpp.o[0m
[2.843s] [ 50%] [32mBuilding CXX object CMakeFiles/sub1.dir/src/sub1.cpp.o[0m
[6.254s] [ 75%] [32m[1mLinking CXX executable pub1[0m
[6.577s] [ 75%] Built target pub1
[7.305s] [100%] [32m[1mLinking CXX executable sub1[0m
[7.602s] [100%] Built target sub1
[7.608s] Invoked command in '/home/linux/ROS2_WSL/build/camera_ros2-1' returned '0': CMAKE_PREFIX_PATH=${CMAKE_PREFIX_PATH}:/opt/ros/foxy /usr/bin/cmake --build /home/linux/ROS2_WSL/build/camera_ros2-1 -- -j32 -l32
[7.610s] Invoking command in '/home/linux/ROS2_WSL/build/camera_ros2-1': CMAKE_PREFIX_PATH=${CMAKE_PREFIX_PATH}:/opt/ros/foxy /usr/bin/cmake --install /home/linux/ROS2_WSL/build/camera_ros2-1
[7.614s] -- Install configuration: ""
[7.614s] -- Execute custom install script
[7.615s] -- Symlinking: /home/linux/ROS2_WSL/install/camera_ros2-1/lib/camera_ros2-1/pub1
[7.620s] -- Symlinking: /home/linux/ROS2_WSL/install/camera_ros2-1/lib/camera_ros2-1/sub1
[7.625s] -- Symlinking: /home/linux/ROS2_WSL/install/camera_ros2-1/share/ament_index/resource_index/package_run_dependencies/camera_ros2-1
[7.630s] -- Symlinking: /home/linux/ROS2_WSL/install/camera_ros2-1/share/ament_index/resource_index/parent_prefix_path/camera_ros2-1
[7.635s] -- Symlinking: /home/linux/ROS2_WSL/install/camera_ros2-1/share/camera_ros2-1/environment/ament_prefix_path.sh
[7.640s] -- Symlinking: /home/linux/ROS2_WSL/install/camera_ros2-1/share/camera_ros2-1/environment/ament_prefix_path.dsv
[7.645s] -- Symlinking: /home/linux/ROS2_WSL/install/camera_ros2-1/share/camera_ros2-1/environment/path.sh
[7.650s] -- Symlinking: /home/linux/ROS2_WSL/install/camera_ros2-1/share/camera_ros2-1/environment/path.dsv
[7.655s] -- Symlinking: /home/linux/ROS2_WSL/install/camera_ros2-1/share/camera_ros2-1/local_setup.bash
[7.660s] -- Symlinking: /home/linux/ROS2_WSL/install/camera_ros2-1/share/camera_ros2-1/local_setup.sh
[7.665s] -- Symlinking: /home/linux/ROS2_WSL/install/camera_ros2-1/share/camera_ros2-1/local_setup.zsh
[7.670s] -- Symlinking: /home/linux/ROS2_WSL/install/camera_ros2-1/share/camera_ros2-1/local_setup.dsv
[7.675s] -- Symlinking: /home/linux/ROS2_WSL/install/camera_ros2-1/share/camera_ros2-1/package.dsv
[7.680s] -- Symlinking: /home/linux/ROS2_WSL/install/camera_ros2-1/share/ament_index/resource_index/packages/camera_ros2-1
[7.685s] -- Symlinking: /home/linux/ROS2_WSL/install/camera_ros2-1/share/camera_ros2-1/cmake/camera_ros2-1Config.cmake
[7.690s] -- Symlinking: /home/linux/ROS2_WSL/install/camera_ros2-1/share/camera_ros2-1/cmake/camera_ros2-1Config-version.cmake
[7.695s] -- Symlinking: /home/linux/ROS2_WSL/install/camera_ros2-1/share/camera_ros2-1/package.xml
[7.701s] Invoked command in '/home/linux/ROS2_WSL/build/camera_ros2-1' returned '0': CMAKE_PREFIX_PATH=${CMAKE_PREFIX_PATH}:/opt/ros/foxy /usr/bin/cmake --install /home/linux/ROS2_WSL/build/camera_ros2-1
