[0.008s] Invoking command in '/home/linux/ROS2/build/camera_ros2-2': CMAKE_PREFIX_PATH=${CMAKE_PREFIX_PATH}:/opt/ros/foxy /usr/bin/cmake /home/linux/ROS2/src/camera_ros2-2 -DAMENT_CMAKE_SYMLINK_INSTALL=1 -DCMAKE_INSTALL_PREFIX=/home/linux/ROS2/install/camera_ros2-2
[0.083s] -- The C compiler identification is GNU 9.4.0
[0.195s] -- The CXX compiler identification is GNU 9.4.0
[0.302s] -- Check for working C compiler: /usr/bin/cc
[0.374s] -- Check for working C compiler: /usr/bin/cc -- works
[0.374s] -- Detecting C compiler ABI info
[0.447s] -- Detecting C compiler ABI info - done
[0.452s] -- Detecting C compile features
[0.453s] -- Detecting C compile features - done
[0.454s] -- Check for working CXX compiler: /usr/bin/c++
[0.532s] -- Check for working CXX compiler: /usr/bin/c++ -- works
[0.533s] -- Detecting CXX compiler ABI info
[0.608s] -- Detecting CXX compiler ABI info - done
[0.613s] -- Detecting CXX compile features
[0.613s] -- Detecting CXX compile features - done
[0.615s] -- Found ament_cmake: 0.9.12 (/opt/ros/foxy/share/ament_cmake/cmake)
[0.628s] -- Found PythonInterp: /usr/bin/python3 (found suitable version "3.8.10", minimum required is "3") 
[0.628s] -- Using PYTHON_EXECUTABLE: /usr/bin/python3
[0.705s] -- Override CMake install command with custom implementation using symlinks instead of copying resources
[0.724s] -- Found rclcpp: 2.4.3 (/opt/ros/foxy/share/rclcpp/cmake)
[0.823s] -- Using all available rosidl_typesupport_c: rosidl_typesupport_fastrtps_c;rosidl_typesupport_introspection_c
[0.828s] -- Found rosidl_adapter: 1.3.1 (/opt/ros/foxy/share/rosidl_adapter/cmake)
[1.321s] -- Found OpenSSL: /usr/lib/x86_64-linux-gnu/libcrypto.so (found version "1.1.1f")  
[1.798s] -- Found FastRTPS: /opt/ros/foxy/include  
[2.689s] -- Using all available rosidl_typesupport_cpp: rosidl_typesupport_fastrtps_cpp;rosidl_typesupport_introspection_cpp
[2.721s] -- Found rmw_implementation_cmake: 1.0.4 (/opt/ros/foxy/share/rmw_implementation_cmake/cmake)
[2.723s] -- Using RMW implementation 'rmw_fastrtps_cpp' as default
[2.723s] -- Looking for pthread.h
[2.815s] -- Looking for pthread.h - found
[2.815s] -- Performing Test CMAKE_HAVE_LIBC_PTHREAD
[2.887s] -- Performing Test CMAKE_HAVE_LIBC_PTHREAD - Failed
[2.888s] -- Looking for pthread_create in pthreads
[2.956s] -- Looking for pthread_create in pthreads - not found
[2.956s] -- Looking for pthread_create in pthread
[3.024s] -- Looking for pthread_create in pthread - found
[3.024s] -- Found Threads: TRUE  
[3.106s] -- Found sensor_msgs: 2.0.5 (/opt/ros/foxy/share/sensor_msgs/cmake)
[3.166s] -- Found cv_bridge: 3.0.7 (/opt/ros/foxy/share/cv_bridge/cmake)
[3.182s] -- Found OpenCV: /usr (found version "4.2.0") 
[3.223s] -- Configuring done
[3.238s] -- Generating done
[3.245s] -- Build files have been written to: /home/linux/ROS2/build/camera_ros2-2
[3.250s] Invoked command in '/home/linux/ROS2/build/camera_ros2-2' returned '0': CMAKE_PREFIX_PATH=${CMAKE_PREFIX_PATH}:/opt/ros/foxy /usr/bin/cmake /home/linux/ROS2/src/camera_ros2-2 -DAMENT_CMAKE_SYMLINK_INSTALL=1 -DCMAKE_INSTALL_PREFIX=/home/linux/ROS2/install/camera_ros2-2
[3.252s] Invoking command in '/home/linux/ROS2/build/camera_ros2-2': CMAKE_PREFIX_PATH=${CMAKE_PREFIX_PATH}:/opt/ros/foxy /usr/bin/cmake --build /home/linux/ROS2/build/camera_ros2-2 -- -j28 -l28
[3.274s] [35m[1mScanning dependencies of target pub2[0m
[3.274s] [35m[1mScanning dependencies of target sub2[0m
[3.330s] [ 50%] [32mBuilding CXX object CMakeFiles/sub2.dir/src/sub2.cpp.o[0m
[3.330s] [ 50%] [32mBuilding CXX object CMakeFiles/pub2.dir/src/pub2.cpp.o[0m
[5.460s] [ 75%] [32m[1mLinking CXX executable pub2[0m
[5.799s] [ 75%] Built target pub2
[6.526s] [100%] [32m[1mLinking CXX executable sub2[0m
[6.872s] [100%] Built target sub2
[6.878s] Invoked command in '/home/linux/ROS2/build/camera_ros2-2' returned '0': CMAKE_PREFIX_PATH=${CMAKE_PREFIX_PATH}:/opt/ros/foxy /usr/bin/cmake --build /home/linux/ROS2/build/camera_ros2-2 -- -j28 -l28
[6.885s] Invoking command in '/home/linux/ROS2/build/camera_ros2-2': CMAKE_PREFIX_PATH=${CMAKE_PREFIX_PATH}:/opt/ros/foxy /usr/bin/cmake --install /home/linux/ROS2/build/camera_ros2-2
[6.889s] -- Install configuration: ""
[6.889s] -- Execute custom install script
[6.890s] -- Symlinking: /home/linux/ROS2/install/camera_ros2-2/lib/camera_ros2-2/pub2
[6.894s] -- Symlinking: /home/linux/ROS2/install/camera_ros2-2/lib/camera_ros2-2/sub2
[6.899s] -- Symlinking: /home/linux/ROS2/install/camera_ros2-2/share/ament_index/resource_index/package_run_dependencies/camera_ros2-2
[6.904s] -- Symlinking: /home/linux/ROS2/install/camera_ros2-2/share/ament_index/resource_index/parent_prefix_path/camera_ros2-2
[6.909s] -- Symlinking: /home/linux/ROS2/install/camera_ros2-2/share/camera_ros2-2/environment/ament_prefix_path.sh
[6.914s] -- Symlinking: /home/linux/ROS2/install/camera_ros2-2/share/camera_ros2-2/environment/ament_prefix_path.dsv
[6.919s] -- Symlinking: /home/linux/ROS2/install/camera_ros2-2/share/camera_ros2-2/environment/path.sh
[6.923s] -- Symlinking: /home/linux/ROS2/install/camera_ros2-2/share/camera_ros2-2/environment/path.dsv
[6.928s] -- Symlinking: /home/linux/ROS2/install/camera_ros2-2/share/camera_ros2-2/local_setup.bash
[6.933s] -- Symlinking: /home/linux/ROS2/install/camera_ros2-2/share/camera_ros2-2/local_setup.sh
[6.937s] -- Symlinking: /home/linux/ROS2/install/camera_ros2-2/share/camera_ros2-2/local_setup.zsh
[6.942s] -- Symlinking: /home/linux/ROS2/install/camera_ros2-2/share/camera_ros2-2/local_setup.dsv
[6.946s] -- Symlinking: /home/linux/ROS2/install/camera_ros2-2/share/camera_ros2-2/package.dsv
[6.951s] -- Symlinking: /home/linux/ROS2/install/camera_ros2-2/share/ament_index/resource_index/packages/camera_ros2-2
[6.956s] -- Symlinking: /home/linux/ROS2/install/camera_ros2-2/share/camera_ros2-2/cmake/camera_ros2-2Config.cmake
[6.961s] -- Symlinking: /home/linux/ROS2/install/camera_ros2-2/share/camera_ros2-2/cmake/camera_ros2-2Config-version.cmake
[6.966s] -- Symlinking: /home/linux/ROS2/install/camera_ros2-2/share/camera_ros2-2/package.xml
[6.972s] Invoked command in '/home/linux/ROS2/build/camera_ros2-2' returned '0': CMAKE_PREFIX_PATH=${CMAKE_PREFIX_PATH}:/opt/ros/foxy /usr/bin/cmake --install /home/linux/ROS2/build/camera_ros2-2
