[0.008s] Invoking command in '/home/linux/ROS2_WSL/build/linedetect_wsl': CMAKE_PREFIX_PATH=${CMAKE_PREFIX_PATH}:/opt/ros/foxy /usr/bin/cmake /home/linux/ROS2_WSL/src/linedetect_wsl -DAMENT_CMAKE_SYMLINK_INSTALL=1 -DCMAKE_INSTALL_PREFIX=/home/linux/ROS2_WSL/install/linedetect_wsl
[0.072s] -- The C compiler identification is GNU 9.4.0
[0.171s] -- The CXX compiler identification is GNU 9.4.0
[0.209s] -- Check for working C compiler: /usr/bin/cc
[0.269s] -- Check for working C compiler: /usr/bin/cc -- works
[0.269s] -- Detecting C compiler ABI info
[0.330s] -- Detecting C compiler ABI info - done
[0.335s] -- Detecting C compile features
[0.335s] -- Detecting C compile features - done
[0.337s] -- Check for working CXX compiler: /usr/bin/c++
[0.408s] -- Check for working CXX compiler: /usr/bin/c++ -- works
[0.408s] -- Detecting CXX compiler ABI info
[0.476s] -- Detecting CXX compiler ABI info - done
[0.482s] -- Detecting CXX compile features
[0.482s] -- Detecting CXX compile features - done
[0.484s] -- Found ament_cmake: 0.9.12 (/opt/ros/foxy/share/ament_cmake/cmake)
[0.496s] -- Found PythonInterp: /usr/bin/python3 (found suitable version "3.8.10", minimum required is "3") 
[0.496s] -- Using PYTHON_EXECUTABLE: /usr/bin/python3
[0.573s] -- Override CMake install command with custom implementation using symlinks instead of copying resources
[0.586s] -- Found rclcpp: 2.4.3 (/opt/ros/foxy/share/rclcpp/cmake)
[0.682s] -- Using all available rosidl_typesupport_c: rosidl_typesupport_fastrtps_c;rosidl_typesupport_introspection_c
[0.686s] -- Found rosidl_adapter: 1.3.1 (/opt/ros/foxy/share/rosidl_adapter/cmake)
[1.088s] -- Found OpenSSL: /usr/lib/x86_64-linux-gnu/libcrypto.so (found version "1.1.1f")  
[1.465s] -- Found FastRTPS: /opt/ros/foxy/include  
[2.255s] -- Using all available rosidl_typesupport_cpp: rosidl_typesupport_fastrtps_cpp;rosidl_typesupport_introspection_cpp
[2.285s] -- Found rmw_implementation_cmake: 1.0.4 (/opt/ros/foxy/share/rmw_implementation_cmake/cmake)
[2.286s] -- Using RMW implementation 'rmw_fastrtps_cpp' as default
[2.287s] -- Looking for pthread.h
[2.351s] -- Looking for pthread.h - found
[2.351s] -- Performing Test CMAKE_HAVE_LIBC_PTHREAD
[2.414s] -- Performing Test CMAKE_HAVE_LIBC_PTHREAD - Failed
[2.414s] -- Looking for pthread_create in pthreads
[2.472s] -- Looking for pthread_create in pthreads - not found
[2.472s] -- Looking for pthread_create in pthread
[2.535s] -- Looking for pthread_create in pthread - found
[2.536s] -- Found Threads: TRUE  
[2.611s] -- Found sensor_msgs: 2.0.5 (/opt/ros/foxy/share/sensor_msgs/cmake)
[2.673s] -- Found cv_bridge: 3.0.7 (/opt/ros/foxy/share/cv_bridge/cmake)
[2.688s] -- Found OpenCV: /usr (found version "4.2.0") 
[2.722s] -- Configuring done
[2.729s] -- Generating done
[2.734s] -- Build files have been written to: /home/linux/ROS2_WSL/build/linedetect_wsl
[2.739s] Invoked command in '/home/linux/ROS2_WSL/build/linedetect_wsl' returned '0': CMAKE_PREFIX_PATH=${CMAKE_PREFIX_PATH}:/opt/ros/foxy /usr/bin/cmake /home/linux/ROS2_WSL/src/linedetect_wsl -DAMENT_CMAKE_SYMLINK_INSTALL=1 -DCMAKE_INSTALL_PREFIX=/home/linux/ROS2_WSL/install/linedetect_wsl
[2.742s] Invoking command in '/home/linux/ROS2_WSL/build/linedetect_wsl': CMAKE_PREFIX_PATH=${CMAKE_PREFIX_PATH}:/opt/ros/foxy /usr/bin/cmake --build /home/linux/ROS2_WSL/build/linedetect_wsl -- -j28 -l28
[2.763s] [35m[1mScanning dependencies of target sub[0m
[2.786s] [ 50%] [32mBuilding CXX object CMakeFiles/sub.dir/src/sub.cpp.o[0m
[6.018s] [100%] [32m[1mLinking CXX executable sub[0m
[6.340s] [100%] Built target sub
[6.347s] Invoked command in '/home/linux/ROS2_WSL/build/linedetect_wsl' returned '0': CMAKE_PREFIX_PATH=${CMAKE_PREFIX_PATH}:/opt/ros/foxy /usr/bin/cmake --build /home/linux/ROS2_WSL/build/linedetect_wsl -- -j28 -l28
[6.353s] Invoking command in '/home/linux/ROS2_WSL/build/linedetect_wsl': CMAKE_PREFIX_PATH=${CMAKE_PREFIX_PATH}:/opt/ros/foxy /usr/bin/cmake --install /home/linux/ROS2_WSL/build/linedetect_wsl
[6.358s] -- Install configuration: ""
[6.358s] -- Execute custom install script
[6.358s] -- Symlinking: /home/linux/ROS2_WSL/install/linedetect_wsl/lib/linedetect_wsl/sub
[6.363s] -- Symlinking: /home/linux/ROS2_WSL/install/linedetect_wsl/share/ament_index/resource_index/package_run_dependencies/linedetect_wsl
[6.369s] -- Symlinking: /home/linux/ROS2_WSL/install/linedetect_wsl/share/ament_index/resource_index/parent_prefix_path/linedetect_wsl
[6.374s] -- Symlinking: /home/linux/ROS2_WSL/install/linedetect_wsl/share/linedetect_wsl/environment/ament_prefix_path.sh
[6.378s] -- Symlinking: /home/linux/ROS2_WSL/install/linedetect_wsl/share/linedetect_wsl/environment/ament_prefix_path.dsv
[6.383s] -- Symlinking: /home/linux/ROS2_WSL/install/linedetect_wsl/share/linedetect_wsl/environment/path.sh
[6.388s] -- Symlinking: /home/linux/ROS2_WSL/install/linedetect_wsl/share/linedetect_wsl/environment/path.dsv
[6.393s] -- Symlinking: /home/linux/ROS2_WSL/install/linedetect_wsl/share/linedetect_wsl/local_setup.bash
[6.397s] -- Symlinking: /home/linux/ROS2_WSL/install/linedetect_wsl/share/linedetect_wsl/local_setup.sh
[6.402s] -- Symlinking: /home/linux/ROS2_WSL/install/linedetect_wsl/share/linedetect_wsl/local_setup.zsh
[6.407s] -- Symlinking: /home/linux/ROS2_WSL/install/linedetect_wsl/share/linedetect_wsl/local_setup.dsv
[6.412s] -- Symlinking: /home/linux/ROS2_WSL/install/linedetect_wsl/share/linedetect_wsl/package.dsv
[6.417s] -- Symlinking: /home/linux/ROS2_WSL/install/linedetect_wsl/share/ament_index/resource_index/packages/linedetect_wsl
[6.422s] -- Symlinking: /home/linux/ROS2_WSL/install/linedetect_wsl/share/linedetect_wsl/cmake/linedetect_wslConfig.cmake
[6.427s] -- Symlinking: /home/linux/ROS2_WSL/install/linedetect_wsl/share/linedetect_wsl/cmake/linedetect_wslConfig-version.cmake
[6.431s] -- Symlinking: /home/linux/ROS2_WSL/install/linedetect_wsl/share/linedetect_wsl/package.xml
[6.437s] Invoked command in '/home/linux/ROS2_WSL/build/linedetect_wsl' returned '0': CMAKE_PREFIX_PATH=${CMAKE_PREFIX_PATH}:/opt/ros/foxy /usr/bin/cmake --install /home/linux/ROS2_WSL/build/linedetect_wsl
