[0.050s] Invoking command in '/home/linux/ROS2_WSL/build/psub1': CMAKE_PREFIX_PATH=${CMAKE_PREFIX_PATH}:/opt/ros/foxy /usr/bin/cmake /home/linux/ROS2_WSL/src/psub1 -DAMENT_CMAKE_SYMLINK_INSTALL=1 -DCMAKE_INSTALL_PREFIX=/home/linux/ROS2_WSL/install/psub1
[0.186s] -- The C compiler identification is GNU 9.4.0
[0.315s] -- The CXX compiler identification is GNU 9.4.0
[0.345s] -- Check for working C compiler: /usr/bin/cc
[0.411s] -- Check for working C compiler: /usr/bin/cc -- works
[0.412s] -- Detecting C compiler ABI info
[0.471s] -- Detecting C compiler ABI info - done
[0.478s] -- Detecting C compile features
[0.478s] -- Detecting C compile features - done
[0.482s] -- Check for working CXX compiler: /usr/bin/c++
[0.555s] -- Check for working CXX compiler: /usr/bin/c++ -- works
[0.555s] -- Detecting CXX compiler ABI info
[0.629s] -- Detecting CXX compiler ABI info - done
[0.637s] -- Detecting CXX compile features
[0.637s] -- Detecting CXX compile features - done
[0.641s] -- Found ament_cmake: 0.9.12 (/opt/ros/foxy/share/ament_cmake/cmake)
[0.665s] -- Found PythonInterp: /usr/bin/python3 (found suitable version "3.8.10", minimum required is "3") 
[0.665s] -- Using PYTHON_EXECUTABLE: /usr/bin/python3
[0.782s] -- Override CMake install command with custom implementation using symlinks instead of copying resources
[0.795s] -- Found rclcpp: 2.4.3 (/opt/ros/foxy/share/rclcpp/cmake)
[0.872s] -- Using all available rosidl_typesupport_c: rosidl_typesupport_fastrtps_c;rosidl_typesupport_introspection_c
[0.878s] -- Found rosidl_adapter: 1.3.1 (/opt/ros/foxy/share/rosidl_adapter/cmake)
[1.170s] -- Found OpenSSL: /usr/lib/x86_64-linux-gnu/libcrypto.so (found version "1.1.1f")  
[1.421s] -- Found FastRTPS: /opt/ros/foxy/include  
[1.869s] -- Using all available rosidl_typesupport_cpp: rosidl_typesupport_fastrtps_cpp;rosidl_typesupport_introspection_cpp
[1.912s] -- Found rmw_implementation_cmake: 1.0.4 (/opt/ros/foxy/share/rmw_implementation_cmake/cmake)
[1.914s] -- Using RMW implementation 'rmw_fastrtps_cpp' as default
[1.916s] -- Looking for pthread.h
[1.985s] -- Looking for pthread.h - found
[1.985s] -- Performing Test CMAKE_HAVE_LIBC_PTHREAD
[2.054s] -- Performing Test CMAKE_HAVE_LIBC_PTHREAD - Failed
[2.054s] -- Looking for pthread_create in pthreads
[2.110s] -- Looking for pthread_create in pthreads - not found
[2.110s] -- Looking for pthread_create in pthread
[2.175s] -- Looking for pthread_create in pthread - found
[2.176s] -- Found Threads: TRUE  
[2.348s] -- Configuring done
[2.350s] -- Generating done
[2.354s] -- Build files have been written to: /home/linux/ROS2_WSL/build/psub1
[2.381s] Invoked command in '/home/linux/ROS2_WSL/build/psub1' returned '0': CMAKE_PREFIX_PATH=${CMAKE_PREFIX_PATH}:/opt/ros/foxy /usr/bin/cmake /home/linux/ROS2_WSL/src/psub1 -DAMENT_CMAKE_SYMLINK_INSTALL=1 -DCMAKE_INSTALL_PREFIX=/home/linux/ROS2_WSL/install/psub1
[2.384s] Invoking command in '/home/linux/ROS2_WSL/build/psub1': CMAKE_PREFIX_PATH=${CMAKE_PREFIX_PATH}:/opt/ros/foxy /usr/bin/cmake --build /home/linux/ROS2_WSL/build/psub1 -- -j32 -l32
[2.410s] [35m[1mScanning dependencies of target sub[0m
[2.412s] [35m[1mScanning dependencies of target pub[0m
[2.473s] [ 25%] [32mBuilding CXX object CMakeFiles/pub.dir/src/pub.cpp.o[0m
[2.474s] [ 50%] [32mBuilding CXX object CMakeFiles/sub.dir/src/sub.cpp.o[0m
[4.989s] [ 75%] [32m[1mLinking CXX executable pub[0m
[5.214s] [ 75%] Built target pub
[6.151s] [100%] [32m[1mLinking CXX executable sub[0m
[6.295s] [100%] Built target sub
[6.305s] Invoked command in '/home/linux/ROS2_WSL/build/psub1' returned '0': CMAKE_PREFIX_PATH=${CMAKE_PREFIX_PATH}:/opt/ros/foxy /usr/bin/cmake --build /home/linux/ROS2_WSL/build/psub1 -- -j32 -l32
[6.307s] Invoking command in '/home/linux/ROS2_WSL/build/psub1': CMAKE_PREFIX_PATH=${CMAKE_PREFIX_PATH}:/opt/ros/foxy /usr/bin/cmake --install /home/linux/ROS2_WSL/build/psub1
[6.313s] -- Install configuration: ""
[6.313s] -- Execute custom install script
[6.314s] -- Symlinking: /home/linux/ROS2_WSL/install/psub1/lib/psub1/pub
[6.320s] -- Symlinking: /home/linux/ROS2_WSL/install/psub1/lib/psub1/sub
[6.326s] -- Symlinking: /home/linux/ROS2_WSL/install/psub1/share/ament_index/resource_index/package_run_dependencies/psub1
[6.333s] -- Symlinking: /home/linux/ROS2_WSL/install/psub1/share/ament_index/resource_index/parent_prefix_path/psub1
[6.339s] -- Symlinking: /home/linux/ROS2_WSL/install/psub1/share/psub1/environment/ament_prefix_path.sh
[6.347s] -- Symlinking: /home/linux/ROS2_WSL/install/psub1/share/psub1/environment/ament_prefix_path.dsv
[6.355s] -- Symlinking: /home/linux/ROS2_WSL/install/psub1/share/psub1/environment/path.sh
[6.360s] -- Symlinking: /home/linux/ROS2_WSL/install/psub1/share/psub1/environment/path.dsv
[6.366s] -- Symlinking: /home/linux/ROS2_WSL/install/psub1/share/psub1/local_setup.bash
[6.373s] -- Symlinking: /home/linux/ROS2_WSL/install/psub1/share/psub1/local_setup.sh
[6.379s] -- Symlinking: /home/linux/ROS2_WSL/install/psub1/share/psub1/local_setup.zsh
[6.384s] -- Symlinking: /home/linux/ROS2_WSL/install/psub1/share/psub1/local_setup.dsv
[6.390s] -- Symlinking: /home/linux/ROS2_WSL/install/psub1/share/psub1/package.dsv
[6.396s] -- Symlinking: /home/linux/ROS2_WSL/install/psub1/share/ament_index/resource_index/packages/psub1
[6.402s] -- Symlinking: /home/linux/ROS2_WSL/install/psub1/share/psub1/cmake/psub1Config.cmake
[6.410s] -- Symlinking: /home/linux/ROS2_WSL/install/psub1/share/psub1/cmake/psub1Config-version.cmake
[6.413s] -- Symlinking: /home/linux/ROS2_WSL/install/psub1/share/psub1/package.xml
[6.421s] Invoked command in '/home/linux/ROS2_WSL/build/psub1' returned '0': CMAKE_PREFIX_PATH=${CMAKE_PREFIX_PATH}:/opt/ros/foxy /usr/bin/cmake --install /home/linux/ROS2_WSL/build/psub1
