[0.011s] Invoking command in '/home/linux/ROS2_WSL/build/linedetect_wsl': CMAKE_PREFIX_PATH=${CMAKE_PREFIX_PATH}:/opt/ros/foxy /usr/bin/cmake --build /home/linux/ROS2_WSL/build/linedetect_wsl -- -j32 -l32
[0.061s] [35m[1mScanning dependencies of target sub[0m
[0.086s] [ 66%] [32mBuilding CXX object CMakeFiles/sub.dir/src/main.cpp.o[0m
[0.086s] [ 66%] [32mBuilding CXX object CMakeFiles/sub.dir/src/sub.cpp.o[0m
[3.172s] [100%] [32m[1mLinking CXX executable sub[0m
[3.536s] [100%] Built target sub
[3.543s] Invoked command in '/home/linux/ROS2_WSL/build/linedetect_wsl' returned '0': CMAKE_PREFIX_PATH=${CMAKE_PREFIX_PATH}:/opt/ros/foxy /usr/bin/cmake --build /home/linux/ROS2_WSL/build/linedetect_wsl -- -j32 -l32
[3.551s] Invoking command in '/home/linux/ROS2_WSL/build/linedetect_wsl': CMAKE_PREFIX_PATH=${CMAKE_PREFIX_PATH}:/opt/ros/foxy /usr/bin/cmake --install /home/linux/ROS2_WSL/build/linedetect_wsl
[3.555s] -- Install configuration: ""
[3.555s] -- Execute custom install script
[3.556s] -- Up-to-date symlink: /home/linux/ROS2_WSL/install/linedetect_wsl/lib/linedetect_wsl/sub
[3.556s] -- Up-to-date symlink: /home/linux/ROS2_WSL/install/linedetect_wsl/share/ament_index/resource_index/package_run_dependencies/linedetect_wsl
[3.556s] -- Up-to-date symlink: /home/linux/ROS2_WSL/install/linedetect_wsl/share/ament_index/resource_index/parent_prefix_path/linedetect_wsl
[3.557s] -- Up-to-date symlink: /home/linux/ROS2_WSL/install/linedetect_wsl/share/linedetect_wsl/environment/ament_prefix_path.sh
[3.557s] -- Up-to-date symlink: /home/linux/ROS2_WSL/install/linedetect_wsl/share/linedetect_wsl/environment/ament_prefix_path.dsv
[3.557s] -- Up-to-date symlink: /home/linux/ROS2_WSL/install/linedetect_wsl/share/linedetect_wsl/environment/path.sh
[3.557s] -- Up-to-date symlink: /home/linux/ROS2_WSL/install/linedetect_wsl/share/linedetect_wsl/environment/path.dsv
[3.558s] -- Up-to-date symlink: /home/linux/ROS2_WSL/install/linedetect_wsl/share/linedetect_wsl/local_setup.bash
[3.558s] -- Up-to-date symlink: /home/linux/ROS2_WSL/install/linedetect_wsl/share/linedetect_wsl/local_setup.sh
[3.558s] -- Up-to-date symlink: /home/linux/ROS2_WSL/install/linedetect_wsl/share/linedetect_wsl/local_setup.zsh
[3.558s] -- Up-to-date symlink: /home/linux/ROS2_WSL/install/linedetect_wsl/share/linedetect_wsl/local_setup.dsv
[3.559s] -- Symlinking: /home/linux/ROS2_WSL/install/linedetect_wsl/share/linedetect_wsl/package.dsv
[3.564s] -- Up-to-date symlink: /home/linux/ROS2_WSL/install/linedetect_wsl/share/ament_index/resource_index/packages/linedetect_wsl
[3.564s] -- Up-to-date symlink: /home/linux/ROS2_WSL/install/linedetect_wsl/share/linedetect_wsl/cmake/linedetect_wslConfig.cmake
[3.564s] -- Up-to-date symlink: /home/linux/ROS2_WSL/install/linedetect_wsl/share/linedetect_wsl/cmake/linedetect_wslConfig-version.cmake
[3.564s] -- Up-to-date symlink: /home/linux/ROS2_WSL/install/linedetect_wsl/share/linedetect_wsl/package.xml
[3.565s] Invoked command in '/home/linux/ROS2_WSL/build/linedetect_wsl' returned '0': CMAKE_PREFIX_PATH=${CMAKE_PREFIX_PATH}:/opt/ros/foxy /usr/bin/cmake --install /home/linux/ROS2_WSL/build/linedetect_wsl
