[0.007s] Invoking command in '/home/linux/ROS2_WSL/build/linedetect_wsl': CMAKE_PREFIX_PATH=/opt/ros/foxy /usr/bin/cmake --build /home/linux/ROS2_WSL/build/linedetect_wsl -- -j32 -l32
[0.022s] -- Found ament_cmake: 0.9.12 (/opt/ros/foxy/share/ament_cmake/cmake)
[0.033s] -- Using PYTHON_EXECUTABLE: /usr/bin/python3
[0.106s] -- Override CMake install command with custom implementation using symlinks instead of copying resources
[0.110s] -- Found rclcpp: 2.4.3 (/opt/ros/foxy/share/rclcpp/cmake)
[0.150s] -- Using all available rosidl_typesupport_c: rosidl_typesupport_fastrtps_c;rosidl_typesupport_introspection_c
[0.152s] -- Found rosidl_adapter: 1.3.1 (/opt/ros/foxy/share/rosidl_adapter/cmake)
[0.937s] -- Using all available rosidl_typesupport_cpp: rosidl_typesupport_fastrtps_cpp;rosidl_typesupport_introspection_cpp
[0.959s] -- Found rmw_implementation_cmake: 1.0.4 (/opt/ros/foxy/share/rmw_implementation_cmake/cmake)
[0.960s] -- Using RMW implementation 'rmw_fastrtps_cpp' as default
[1.025s] -- Found sensor_msgs: 2.0.5 (/opt/ros/foxy/share/sensor_msgs/cmake)
[1.078s] -- Found cv_bridge: 3.0.7 (/opt/ros/foxy/share/cv_bridge/cmake)
[1.133s] -- Configuring done
[1.141s] -- Generating done
[1.145s] -- Build files have been written to: /home/linux/ROS2_WSL/build/linedetect_wsl
[1.160s] [35m[1mScanning dependencies of target sub[0m
[1.172s] [ 50%] [32mBuilding CXX object CMakeFiles/sub.dir/src/sub.cpp.o[0m
[4.131s] [100%] [32m[1mLinking CXX executable sub[0m
[4.403s] [100%] Built target sub
[4.409s] Invoked command in '/home/linux/ROS2_WSL/build/linedetect_wsl' returned '0': CMAKE_PREFIX_PATH=/opt/ros/foxy /usr/bin/cmake --build /home/linux/ROS2_WSL/build/linedetect_wsl -- -j32 -l32
[4.416s] Invoking command in '/home/linux/ROS2_WSL/build/linedetect_wsl': CMAKE_PREFIX_PATH=/opt/ros/foxy /usr/bin/cmake --install /home/linux/ROS2_WSL/build/linedetect_wsl
[4.420s] -- Install configuration: ""
[4.420s] -- Execute custom install script
[4.421s] -- Up-to-date symlink: /home/linux/ROS2_WSL/install/linedetect_wsl/lib/linedetect_wsl/sub
[4.421s] -- Up-to-date symlink: /home/linux/ROS2_WSL/install/linedetect_wsl/share/ament_index/resource_index/package_run_dependencies/linedetect_wsl
[4.421s] -- Up-to-date symlink: /home/linux/ROS2_WSL/install/linedetect_wsl/share/ament_index/resource_index/parent_prefix_path/linedetect_wsl
[4.421s] -- Up-to-date symlink: /home/linux/ROS2_WSL/install/linedetect_wsl/share/linedetect_wsl/environment/ament_prefix_path.sh
[4.421s] -- Up-to-date symlink: /home/linux/ROS2_WSL/install/linedetect_wsl/share/linedetect_wsl/environment/ament_prefix_path.dsv
[4.421s] -- Up-to-date symlink: /home/linux/ROS2_WSL/install/linedetect_wsl/share/linedetect_wsl/environment/path.sh
[4.422s] -- Up-to-date symlink: /home/linux/ROS2_WSL/install/linedetect_wsl/share/linedetect_wsl/environment/path.dsv
[4.422s] -- Up-to-date symlink: /home/linux/ROS2_WSL/install/linedetect_wsl/share/linedetect_wsl/local_setup.bash
[4.422s] -- Up-to-date symlink: /home/linux/ROS2_WSL/install/linedetect_wsl/share/linedetect_wsl/local_setup.sh
[4.422s] -- Up-to-date symlink: /home/linux/ROS2_WSL/install/linedetect_wsl/share/linedetect_wsl/local_setup.zsh
[4.422s] -- Up-to-date symlink: /home/linux/ROS2_WSL/install/linedetect_wsl/share/linedetect_wsl/local_setup.dsv
[4.422s] -- Symlinking: /home/linux/ROS2_WSL/install/linedetect_wsl/share/linedetect_wsl/package.dsv
[4.427s] -- Up-to-date symlink: /home/linux/ROS2_WSL/install/linedetect_wsl/share/ament_index/resource_index/packages/linedetect_wsl
[4.427s] -- Up-to-date symlink: /home/linux/ROS2_WSL/install/linedetect_wsl/share/linedetect_wsl/cmake/linedetect_wslConfig.cmake
[4.427s] -- Up-to-date symlink: /home/linux/ROS2_WSL/install/linedetect_wsl/share/linedetect_wsl/cmake/linedetect_wslConfig-version.cmake
[4.427s] -- Up-to-date symlink: /home/linux/ROS2_WSL/install/linedetect_wsl/share/linedetect_wsl/package.xml
[4.428s] Invoked command in '/home/linux/ROS2_WSL/build/linedetect_wsl' returned '0': CMAKE_PREFIX_PATH=/opt/ros/foxy /usr/bin/cmake --install /home/linux/ROS2_WSL/build/linedetect_wsl
