[0.008s] Invoking command in '/home/linux/ROS2_WSL/build/linedetect_nano': CMAKE_PREFIX_PATH=${CMAKE_PREFIX_PATH}:/opt/ros/foxy /usr/bin/cmake --build /home/linux/ROS2_WSL/build/linedetect_nano -- -j32 -l32
[0.034s] [35m[1mScanning dependencies of target pub[0m
[0.048s] [ 50%] [32mBuilding CXX object CMakeFiles/pub.dir/src/pub.cpp.o[0m
[2.015s] [100%] [32m[1mLinking CXX executable pub[0m
[2.238s] [100%] Built target pub
[2.244s] Invoked command in '/home/linux/ROS2_WSL/build/linedetect_nano' returned '0': CMAKE_PREFIX_PATH=${CMAKE_PREFIX_PATH}:/opt/ros/foxy /usr/bin/cmake --build /home/linux/ROS2_WSL/build/linedetect_nano -- -j32 -l32
[2.252s] Invoking command in '/home/linux/ROS2_WSL/build/linedetect_nano': CMAKE_PREFIX_PATH=${CMAKE_PREFIX_PATH}:/opt/ros/foxy /usr/bin/cmake --install /home/linux/ROS2_WSL/build/linedetect_nano
[2.256s] -- Install configuration: ""
[2.256s] -- Execute custom install script
[2.257s] -- Up-to-date symlink: /home/linux/ROS2_WSL/install/linedetect_nano/lib/linedetect_nano/pub
[2.257s] -- Up-to-date symlink: /home/linux/ROS2_WSL/install/linedetect_nano/share/ament_index/resource_index/package_run_dependencies/linedetect_nano
[2.257s] -- Up-to-date symlink: /home/linux/ROS2_WSL/install/linedetect_nano/share/ament_index/resource_index/parent_prefix_path/linedetect_nano
[2.258s] -- Up-to-date symlink: /home/linux/ROS2_WSL/install/linedetect_nano/share/linedetect_nano/environment/ament_prefix_path.sh
[2.258s] -- Up-to-date symlink: /home/linux/ROS2_WSL/install/linedetect_nano/share/linedetect_nano/environment/ament_prefix_path.dsv
[2.258s] -- Up-to-date symlink: /home/linux/ROS2_WSL/install/linedetect_nano/share/linedetect_nano/environment/path.sh
[2.258s] -- Up-to-date symlink: /home/linux/ROS2_WSL/install/linedetect_nano/share/linedetect_nano/environment/path.dsv
[2.259s] -- Up-to-date symlink: /home/linux/ROS2_WSL/install/linedetect_nano/share/linedetect_nano/local_setup.bash
[2.259s] -- Up-to-date symlink: /home/linux/ROS2_WSL/install/linedetect_nano/share/linedetect_nano/local_setup.sh
[2.259s] -- Up-to-date symlink: /home/linux/ROS2_WSL/install/linedetect_nano/share/linedetect_nano/local_setup.zsh
[2.259s] -- Up-to-date symlink: /home/linux/ROS2_WSL/install/linedetect_nano/share/linedetect_nano/local_setup.dsv
[2.259s] -- Symlinking: /home/linux/ROS2_WSL/install/linedetect_nano/share/linedetect_nano/package.dsv
[2.265s] -- Up-to-date symlink: /home/linux/ROS2_WSL/install/linedetect_nano/share/ament_index/resource_index/packages/linedetect_nano
[2.265s] -- Up-to-date symlink: /home/linux/ROS2_WSL/install/linedetect_nano/share/linedetect_nano/cmake/linedetect_nanoConfig.cmake
[2.265s] -- Up-to-date symlink: /home/linux/ROS2_WSL/install/linedetect_nano/share/linedetect_nano/cmake/linedetect_nanoConfig-version.cmake
[2.266s] -- Up-to-date symlink: /home/linux/ROS2_WSL/install/linedetect_nano/share/linedetect_nano/package.xml
[2.267s] Invoked command in '/home/linux/ROS2_WSL/build/linedetect_nano' returned '0': CMAKE_PREFIX_PATH=${CMAKE_PREFIX_PATH}:/opt/ros/foxy /usr/bin/cmake --install /home/linux/ROS2_WSL/build/linedetect_nano
