[0.053s] Invoking command in '/home/linux/ROS2_WSL/build/pub1-3': CMAKE_PREFIX_PATH=${CMAKE_PREFIX_PATH}:/opt/ros/foxy /usr/bin/cmake /home/linux/ROS2_WSL/src/pub1-3 -DAMENT_CMAKE_SYMLINK_INSTALL=1 -DCMAKE_INSTALL_PREFIX=/home/linux/ROS2_WSL/install/pub1-3
[0.171s] -- The C compiler identification is GNU 9.4.0
[0.303s] -- The CXX compiler identification is GNU 9.4.0
[0.340s] -- Check for working C compiler: /usr/bin/cc
[0.418s] -- Check for working C compiler: /usr/bin/cc -- works
[0.419s] -- Detecting C compiler ABI info
[0.509s] -- Detecting C compiler ABI info - done
[0.515s] -- Detecting C compile features
[0.515s] -- Detecting C compile features - done
[0.516s] -- Check for working CXX compiler: /usr/bin/c++
[0.599s] -- Check for working CXX compiler: /usr/bin/c++ -- works
[0.599s] -- Detecting CXX compiler ABI info
[0.681s] -- Detecting CXX compiler ABI info - done
[0.688s] -- Detecting CXX compile features
[0.688s] -- Detecting CXX compile features - done
[0.689s] -- Found ament_cmake: 0.9.12 (/opt/ros/foxy/share/ament_cmake/cmake)
[0.706s] -- Found PythonInterp: /usr/bin/python3 (found suitable version "3.8.10", minimum required is "3") 
[0.706s] -- Using PYTHON_EXECUTABLE: /usr/bin/python3
[0.803s] -- Override CMake install command with custom implementation using symlinks instead of copying resources
[0.814s] -- Found rclcpp: 2.4.3 (/opt/ros/foxy/share/rclcpp/cmake)
[0.883s] -- Using all available rosidl_typesupport_c: rosidl_typesupport_fastrtps_c;rosidl_typesupport_introspection_c
[0.887s] -- Found rosidl_adapter: 1.3.1 (/opt/ros/foxy/share/rosidl_adapter/cmake)
[1.350s] -- Found OpenSSL: /usr/lib/x86_64-linux-gnu/libcrypto.so (found version "1.1.1f")  
[1.649s] -- Found FastRTPS: /opt/ros/foxy/include  
[2.107s] -- Using all available rosidl_typesupport_cpp: rosidl_typesupport_fastrtps_cpp;rosidl_typesupport_introspection_cpp
[2.139s] -- Found rmw_implementation_cmake: 1.0.4 (/opt/ros/foxy/share/rmw_implementation_cmake/cmake)
[2.140s] -- Using RMW implementation 'rmw_fastrtps_cpp' as default
[2.140s] -- Looking for pthread.h
[2.207s] -- Looking for pthread.h - found
[2.207s] -- Performing Test CMAKE_HAVE_LIBC_PTHREAD
[2.280s] -- Performing Test CMAKE_HAVE_LIBC_PTHREAD - Failed
[2.280s] -- Looking for pthread_create in pthreads
[2.346s] -- Looking for pthread_create in pthreads - not found
[2.346s] -- Looking for pthread_create in pthread
[2.413s] -- Looking for pthread_create in pthread - found
[2.414s] -- Found Threads: TRUE  
[2.506s] -- Found geometry_msgs: 2.0.5 (/opt/ros/foxy/share/geometry_msgs/cmake)
[2.561s] -- Configuring done
[2.567s] -- Generating done
[2.570s] -- Build files have been written to: /home/linux/ROS2_WSL/build/pub1-3
[2.576s] Invoked command in '/home/linux/ROS2_WSL/build/pub1-3' returned '0': CMAKE_PREFIX_PATH=${CMAKE_PREFIX_PATH}:/opt/ros/foxy /usr/bin/cmake /home/linux/ROS2_WSL/src/pub1-3 -DAMENT_CMAKE_SYMLINK_INSTALL=1 -DCMAKE_INSTALL_PREFIX=/home/linux/ROS2_WSL/install/pub1-3
[2.577s] Invoking command in '/home/linux/ROS2_WSL/build/pub1-3': CMAKE_PREFIX_PATH=${CMAKE_PREFIX_PATH}:/opt/ros/foxy /usr/bin/cmake --build /home/linux/ROS2_WSL/build/pub1-3 -- -j32 -l32
[2.614s] [35m[1mScanning dependencies of target pub1-3[0m
[2.648s] [ 50%] [32mBuilding CXX object CMakeFiles/pub1-3.dir/src/pub1-3.cpp.o[0m
[5.200s] [100%] [32m[1mLinking CXX executable pub1-3[0m
[5.352s] [100%] Built target pub1-3
[5.393s] Invoked command in '/home/linux/ROS2_WSL/build/pub1-3' returned '0': CMAKE_PREFIX_PATH=${CMAKE_PREFIX_PATH}:/opt/ros/foxy /usr/bin/cmake --build /home/linux/ROS2_WSL/build/pub1-3 -- -j32 -l32
[5.393s] Invoking command in '/home/linux/ROS2_WSL/build/pub1-3': CMAKE_PREFIX_PATH=${CMAKE_PREFIX_PATH}:/opt/ros/foxy /usr/bin/cmake --install /home/linux/ROS2_WSL/build/pub1-3
[5.398s] -- Install configuration: ""
[5.398s] -- Execute custom install script
[5.399s] -- Symlinking: /home/linux/ROS2_WSL/install/pub1-3/lib/pub1-3/pub1-3
[5.406s] -- Symlinking: /home/linux/ROS2_WSL/install/pub1-3/share/ament_index/resource_index/package_run_dependencies/pub1-3
[5.412s] -- Symlinking: /home/linux/ROS2_WSL/install/pub1-3/share/ament_index/resource_index/parent_prefix_path/pub1-3
[5.419s] -- Symlinking: /home/linux/ROS2_WSL/install/pub1-3/share/pub1-3/environment/ament_prefix_path.sh
[5.428s] -- Symlinking: /home/linux/ROS2_WSL/install/pub1-3/share/pub1-3/environment/ament_prefix_path.dsv
[5.439s] -- Symlinking: /home/linux/ROS2_WSL/install/pub1-3/share/pub1-3/environment/path.sh
[5.444s] -- Symlinking: /home/linux/ROS2_WSL/install/pub1-3/share/pub1-3/environment/path.dsv
[5.451s] -- Symlinking: /home/linux/ROS2_WSL/install/pub1-3/share/pub1-3/local_setup.bash
[5.458s] -- Symlinking: /home/linux/ROS2_WSL/install/pub1-3/share/pub1-3/local_setup.sh
[5.464s] -- Symlinking: /home/linux/ROS2_WSL/install/pub1-3/share/pub1-3/local_setup.zsh
[5.473s] -- Symlinking: /home/linux/ROS2_WSL/install/pub1-3/share/pub1-3/local_setup.dsv
[5.479s] -- Symlinking: /home/linux/ROS2_WSL/install/pub1-3/share/pub1-3/package.dsv
[5.485s] -- Symlinking: /home/linux/ROS2_WSL/install/pub1-3/share/ament_index/resource_index/packages/pub1-3
[5.492s] -- Symlinking: /home/linux/ROS2_WSL/install/pub1-3/share/pub1-3/cmake/pub1-3Config.cmake
[5.498s] -- Symlinking: /home/linux/ROS2_WSL/install/pub1-3/share/pub1-3/cmake/pub1-3Config-version.cmake
[5.506s] -- Symlinking: /home/linux/ROS2_WSL/install/pub1-3/share/pub1-3/package.xml
[5.513s] Invoked command in '/home/linux/ROS2_WSL/build/pub1-3' returned '0': CMAKE_PREFIX_PATH=${CMAKE_PREFIX_PATH}:/opt/ros/foxy /usr/bin/cmake --install /home/linux/ROS2_WSL/build/pub1-3
