[01m[K/home/linux/ROS2_WSL/src/linedetect_wsl/src/main.cpp:[m[K In function ‘[01m[Kint main(int, char**)[m[K’:
[01m[K/home/linux/ROS2_WSL/src/linedetect_wsl/src/main.cpp:9:17:[m[K [01;31m[Kerror: [m[K‘[01m[Kmake_shared[m[K’ was not declared in this scope; did you mean ‘[01m[Kstd::make_shared[m[K’?
    9 |     auto node = [01;31m[Kmake_shared[m[K<LineDetector>();
      |                 [01;31m[K^~~~~~~~~~~[m[K
      |                 [32m[Kstd::make_shared[m[K
In file included from [01m[K/usr/include/c++/9/memory:81[m[K,
                 from [01m[K/opt/ros/foxy/include/rclcpp/rclcpp.hpp:144[m[K,
                 from [01m[K/home/linux/ROS2_WSL/src/linedetect_wsl/src/./sub.hpp:4[m[K,
                 from [01m[K/home/linux/ROS2_WSL/src/linedetect_wsl/src/main.cpp:1[m[K:
[01m[K/usr/include/c++/9/bits/shared_ptr.h:714:5:[m[K [01;36m[Knote: [m[K‘[01m[Kstd::make_shared[m[K’ declared here
  714 |     [01;36m[Kmake_shared[m[K(_Args&&... __args)
      |     [01;36m[K^~~~~~~~~~~[m[K
[01m[K/home/linux/ROS2_WSL/src/linedetect_wsl/src/main.cpp:9:41:[m[K [01;31m[Kerror: [m[Kexpected primary-expression before ‘[01m[K>[m[K’ token
    9 |     auto node = make_shared<LineDetector[01;31m[K>[m[K();
      |                                         [01;31m[K^[m[K
[01m[K/home/linux/ROS2_WSL/src/linedetect_wsl/src/main.cpp:9:43:[m[K [01;31m[Kerror: [m[Kexpected primary-expression before ‘[01m[K)[m[K’ token
    9 |     auto node = make_shared<LineDetector>([01;31m[K)[m[K;
      |                                           [01;31m[K^[m[K
In file included from [01m[K/opt/ros/foxy/include/rclcpp/service.hpp:34[m[K,
                 from [01m[K/opt/ros/foxy/include/rclcpp/callback_group.hpp:25[m[K,
                 from [01m[K/opt/ros/foxy/include/rclcpp/any_executable.hpp:20[m[K,
                 from [01m[K/opt/ros/foxy/include/rclcpp/memory_strategy.hpp:24[m[K,
                 from [01m[K/opt/ros/foxy/include/rclcpp/memory_strategies.hpp:18[m[K,
                 from [01m[K/opt/ros/foxy/include/rclcpp/executor_options.hpp:20[m[K,
                 from [01m[K/opt/ros/foxy/include/rclcpp/executor.hpp:33[m[K,
                 from [01m[K/opt/ros/foxy/include/rclcpp/executors/multi_threaded_executor.hpp:26[m[K,
                 from [01m[K/opt/ros/foxy/include/rclcpp/executors.hpp:21[m[K,
                 from [01m[K/opt/ros/foxy/include/rclcpp/rclcpp.hpp:146[m[K,
                 from [01m[K/home/linux/ROS2_WSL/src/linedetect_wsl/src/sub.hpp:4[m[K,
                 from [01m[K/home/linux/ROS2_WSL/src/linedetect_wsl/src/sub.cpp:1[m[K:
[01m[K/home/linux/ROS2_WSL/src/linedetect_wsl/src/sub.cpp:[m[K In member function ‘[01m[Kvoid LineDetector::mysub_callback(sensor_msgs::msg::CompressedImage_<std::allocator<void> >::SharedPtr)[m[K’:
[01m[K/home/linux/ROS2_WSL/src/linedetect_wsl/src/sub.cpp:145:17:[m[K [01;31m[Kerror: [m[K‘[01m[Knode[m[K’ was not declared in this scope; did you mean ‘[01m[KNode[m[K’?
  145 |     RCLCPP_INFO([01;31m[Knode[m[K->get_logger(), "Received Image : err:%d, time:%.2f ms", error, totalTime);
      |                 [01;31m[K^~~~[m[K
[01m[K/home/linux/ROS2_WSL/src/linedetect_wsl/src/sub.cpp:145:5:[m[K [01;31m[Kerror: [m[Ktemplate argument 1 is invalid
  145 |     [01;31m[KRCLCPP_INFO[m[K(node->get_logger(), "Received Image : err:%d, time:%.2f ms", error, totalTime);
      |     [01;31m[K^~~~~~~~~~~[m[K
[01m[K/home/linux/ROS2_WSL/src/linedetect_wsl/src/sub.cpp:145:5:[m[K [01;31m[Kerror: [m[Ktemplate argument 1 is invalid
  145 |     [01;31m[KRCLCPP_INFO[m[K(node->get_logger(), "Received Image : err:%d, time:%.2f ms", error, totalTime);
      |     [01;31m[K^~~~~~~~~~~[m[K
[01m[K/home/linux/ROS2_WSL/src/linedetect_wsl/src/sub.cpp:145:5:[m[K [01;31m[Kerror: [m[Ktemplate argument 1 is invalid
  145 |     [01;31m[KRCLCPP_INFO[m[K(node->get_logger(), "Received Image : err:%d, time:%.2f ms", error, totalTime);
      |     [01;31m[K^~~~~~~~~~~[m[K
make[2]: *** [CMakeFiles/sub.dir/build.make:76: CMakeFiles/sub.dir/src/main.cpp.o] Error 1
make[2]: *** Waiting for unfinished jobs....
make[2]: *** [CMakeFiles/sub.dir/build.make:63: CMakeFiles/sub.dir/src/sub.cpp.o] Error 1
make[1]: *** [CMakeFiles/Makefile2:78: CMakeFiles/sub.dir/all] Error 2
make: *** [Makefile:141: all] Error 2
