[0.010s] Invoking command in '/home/linux/ROS2/src/build/camera_ros2-2': CMAKE_PREFIX_PATH=${CMAKE_PREFIX_PATH}:/opt/ros/foxy /usr/bin/cmake /home/linux/ROS2/src/camera_ros2-2 -DAMENT_CMAKE_SYMLINK_INSTALL=1 -DCMAKE_INSTALL_PREFIX=/home/linux/ROS2/src/install/camera_ros2-2
[0.168s] -- The C compiler identification is GNU 9.4.0
[0.353s] -- The CXX compiler identification is GNU 9.4.0
[0.414s] -- Check for working C compiler: /usr/bin/cc
[0.485s] -- Check for working C compiler: /usr/bin/cc -- works
[0.486s] -- Detecting C compiler ABI info
[0.555s] -- Detecting C compiler ABI info - done
[0.561s] -- Detecting C compile features
[0.562s] -- Detecting C compile features - done
[0.564s] -- Check for working CXX compiler: /usr/bin/c++
[0.640s] -- Check for working CXX compiler: /usr/bin/c++ -- works
[0.640s] -- Detecting CXX compiler ABI info
[0.731s] -- Detecting CXX compiler ABI info - done
[0.737s] -- Detecting CXX compile features
[0.737s] -- Detecting CXX compile features - done
[0.743s] -- Found ament_cmake: 0.9.12 (/opt/ros/foxy/share/ament_cmake/cmake)
[0.758s] -- Found PythonInterp: /usr/bin/python3 (found suitable version "3.8.10", minimum required is "3") 
[0.758s] -- Using PYTHON_EXECUTABLE: /usr/bin/python3
[0.841s] -- Override CMake install command with custom implementation using symlinks instead of copying resources
[0.870s] -- Found rclcpp: 2.4.3 (/opt/ros/foxy/share/rclcpp/cmake)
[0.975s] -- Using all available rosidl_typesupport_c: rosidl_typesupport_fastrtps_c;rosidl_typesupport_introspection_c
[0.982s] -- Found rosidl_adapter: 1.3.1 (/opt/ros/foxy/share/rosidl_adapter/cmake)
[1.504s] -- Found OpenSSL: /usr/lib/x86_64-linux-gnu/libcrypto.so (found version "1.1.1f")  
[1.979s] -- Found FastRTPS: /opt/ros/foxy/include  
[2.893s] -- Using all available rosidl_typesupport_cpp: rosidl_typesupport_fastrtps_cpp;rosidl_typesupport_introspection_cpp
[2.932s] -- Found rmw_implementation_cmake: 1.0.4 (/opt/ros/foxy/share/rmw_implementation_cmake/cmake)
[2.934s] -- Using RMW implementation 'rmw_fastrtps_cpp' as default
[2.935s] -- Looking for pthread.h
[3.012s] -- Looking for pthread.h - found
[3.012s] -- Performing Test CMAKE_HAVE_LIBC_PTHREAD
[3.081s] -- Performing Test CMAKE_HAVE_LIBC_PTHREAD - Failed
[3.081s] -- Looking for pthread_create in pthreads
[3.144s] -- Looking for pthread_create in pthreads - not found
[3.145s] -- Looking for pthread_create in pthread
[3.213s] -- Looking for pthread_create in pthread - found
[3.213s] -- Found Threads: TRUE  
[3.301s] -- Found sensor_msgs: 2.0.5 (/opt/ros/foxy/share/sensor_msgs/cmake)
[3.363s] -- Found cv_bridge: 3.0.7 (/opt/ros/foxy/share/cv_bridge/cmake)
[3.381s] -- Found OpenCV: /usr (found version "4.2.0") 
[3.423s] -- Configuring done
[3.423s] CMake Error at CMakeLists.txt:21 (add_executable):
[3.423s]   Cannot find source file:
[3.423s] 
[3.423s]     src/pub2.cpp
[3.423s] 
[3.423s]   Tried extensions .c .C .c++ .cc .cpp .cxx .cu .m .M .mm .h .hh .h++ .hm
[3.423s]   .hpp .hxx .in .txx
[3.423s] 
[3.423s] 
[3.424s] CMake Error at CMakeLists.txt:24 (add_executable):
[3.424s]   Cannot find source file:
[3.424s] 
[3.424s]     src/sub2.cpp
[3.424s] 
[3.424s]   Tried extensions .c .C .c++ .cc .cpp .cxx .cu .m .M .mm .h .hh .h++ .hm
[3.424s]   .hpp .hxx .in .txx
[3.424s] 
[3.424s] 
[3.424s] CMake Error at CMakeLists.txt:21 (add_executable):
[3.424s]   No SOURCES given to target: pub2
[3.424s] 
[3.424s] 
[3.424s] CMake Error at CMakeLists.txt:24 (add_executable):
[3.424s]   No SOURCES given to target: sub2
[3.424s] 
[3.424s] 
[3.424s] CMake Generate step failed.  Build files cannot be regenerated correctly.
[3.428s] Invoked command in '/home/linux/ROS2/src/build/camera_ros2-2' returned '1': CMAKE_PREFIX_PATH=${CMAKE_PREFIX_PATH}:/opt/ros/foxy /usr/bin/cmake /home/linux/ROS2/src/camera_ros2-2 -DAMENT_CMAKE_SYMLINK_INSTALL=1 -DCMAKE_INSTALL_PREFIX=/home/linux/ROS2/src/install/camera_ros2-2
