[0.052s] Invoking command in '/home/linux/ROS2_WSL/build/pub1-1': CMAKE_PREFIX_PATH=${CMAKE_PREFIX_PATH}:/opt/ros/foxy /usr/bin/cmake /home/linux/ROS2_WSL/src/pub1-1 -DAMENT_CMAKE_SYMLINK_INSTALL=1 -DCMAKE_INSTALL_PREFIX=/home/linux/ROS2_WSL/install/pub1-1
[0.175s] -- The C compiler identification is GNU 9.4.0
[0.304s] -- The CXX compiler identification is GNU 9.4.0
[0.335s] -- Check for working C compiler: /usr/bin/cc
[0.397s] -- Check for working C compiler: /usr/bin/cc -- works
[0.398s] -- Detecting C compiler ABI info
[0.460s] -- Detecting C compiler ABI info - done
[0.468s] -- Detecting C compile features
[0.469s] -- Detecting C compile features - done
[0.472s] -- Check for working CXX compiler: /usr/bin/c++
[0.546s] -- Check for working CXX compiler: /usr/bin/c++ -- works
[0.547s] -- Detecting CXX compiler ABI info
[0.615s] -- Detecting CXX compiler ABI info - done
[0.621s] -- Detecting CXX compile features
[0.622s] -- Detecting CXX compile features - done
[0.631s] -- Found ament_cmake: 0.9.12 (/opt/ros/foxy/share/ament_cmake/cmake)
[0.650s] -- Found PythonInterp: /usr/bin/python3 (found suitable version "3.8.10", minimum required is "3") 
[0.650s] -- Using PYTHON_EXECUTABLE: /usr/bin/python3
[0.759s] -- Override CMake install command with custom implementation using symlinks instead of copying resources
[0.780s] -- Found rclcpp: 2.4.3 (/opt/ros/foxy/share/rclcpp/cmake)
[0.862s] -- Using all available rosidl_typesupport_c: rosidl_typesupport_fastrtps_c;rosidl_typesupport_introspection_c
[0.868s] -- Found rosidl_adapter: 1.3.1 (/opt/ros/foxy/share/rosidl_adapter/cmake)
[1.159s] -- Found OpenSSL: /usr/lib/x86_64-linux-gnu/libcrypto.so (found version "1.1.1f")  
[1.412s] -- Found FastRTPS: /opt/ros/foxy/include  
[1.859s] -- Using all available rosidl_typesupport_cpp: rosidl_typesupport_fastrtps_cpp;rosidl_typesupport_introspection_cpp
[1.901s] -- Found rmw_implementation_cmake: 1.0.4 (/opt/ros/foxy/share/rmw_implementation_cmake/cmake)
[1.903s] -- Using RMW implementation 'rmw_fastrtps_cpp' as default
[1.905s] -- Looking for pthread.h
[1.974s] -- Looking for pthread.h - found
[1.974s] -- Performing Test CMAKE_HAVE_LIBC_PTHREAD
[2.038s] -- Performing Test CMAKE_HAVE_LIBC_PTHREAD - Failed
[2.038s] -- Looking for pthread_create in pthreads
[2.095s] -- Looking for pthread_create in pthreads - not found
[2.096s] -- Looking for pthread_create in pthread
[2.158s] -- Looking for pthread_create in pthread - found
[2.159s] -- Found Threads: TRUE  
[2.337s] -- Configuring done
[2.338s] -- Generating done
[2.338s] -- Build files have been written to: /home/linux/ROS2_WSL/build/pub1-1
[2.358s] Invoked command in '/home/linux/ROS2_WSL/build/pub1-1' returned '0': CMAKE_PREFIX_PATH=${CMAKE_PREFIX_PATH}:/opt/ros/foxy /usr/bin/cmake /home/linux/ROS2_WSL/src/pub1-1 -DAMENT_CMAKE_SYMLINK_INSTALL=1 -DCMAKE_INSTALL_PREFIX=/home/linux/ROS2_WSL/install/pub1-1
[2.359s] Invoking command in '/home/linux/ROS2_WSL/build/pub1-1': CMAKE_PREFIX_PATH=${CMAKE_PREFIX_PATH}:/opt/ros/foxy /usr/bin/cmake --build /home/linux/ROS2_WSL/build/pub1-1 -- -j32 -l32
[2.381s] [35m[1mScanning dependencies of target pub1-1[0m
[2.463s] [ 50%] [32mBuilding CXX object CMakeFiles/pub1-1.dir/src/pub1-1.cpp.o[0m
[5.039s] [100%] [32m[1mLinking CXX executable pub1-1[0m
[5.188s] [100%] Built target pub1-1
[5.204s] Invoked command in '/home/linux/ROS2_WSL/build/pub1-1' returned '0': CMAKE_PREFIX_PATH=${CMAKE_PREFIX_PATH}:/opt/ros/foxy /usr/bin/cmake --build /home/linux/ROS2_WSL/build/pub1-1 -- -j32 -l32
[5.209s] Invoking command in '/home/linux/ROS2_WSL/build/pub1-1': CMAKE_PREFIX_PATH=${CMAKE_PREFIX_PATH}:/opt/ros/foxy /usr/bin/cmake --install /home/linux/ROS2_WSL/build/pub1-1
[5.215s] -- Install configuration: ""
[5.215s] -- Execute custom install script
[5.216s] -- Symlinking: /home/linux/ROS2_WSL/install/pub1-1/lib/pub1-1/pub1-1
[5.228s] -- Symlinking: /home/linux/ROS2_WSL/install/pub1-1/share/ament_index/resource_index/package_run_dependencies/pub1-1
[5.241s] -- Symlinking: /home/linux/ROS2_WSL/install/pub1-1/share/ament_index/resource_index/parent_prefix_path/pub1-1
[5.246s] -- Symlinking: /home/linux/ROS2_WSL/install/pub1-1/share/pub1-1/environment/ament_prefix_path.sh
[5.257s] -- Symlinking: /home/linux/ROS2_WSL/install/pub1-1/share/pub1-1/environment/ament_prefix_path.dsv
[5.263s] -- Symlinking: /home/linux/ROS2_WSL/install/pub1-1/share/pub1-1/environment/path.sh
[5.270s] -- Symlinking: /home/linux/ROS2_WSL/install/pub1-1/share/pub1-1/environment/path.dsv
[5.282s] -- Symlinking: /home/linux/ROS2_WSL/install/pub1-1/share/pub1-1/local_setup.bash
[5.294s] -- Symlinking: /home/linux/ROS2_WSL/install/pub1-1/share/pub1-1/local_setup.sh
[5.304s] -- Symlinking: /home/linux/ROS2_WSL/install/pub1-1/share/pub1-1/local_setup.zsh
[5.310s] -- Symlinking: /home/linux/ROS2_WSL/install/pub1-1/share/pub1-1/local_setup.dsv
[5.318s] -- Symlinking: /home/linux/ROS2_WSL/install/pub1-1/share/pub1-1/package.dsv
[5.327s] -- Symlinking: /home/linux/ROS2_WSL/install/pub1-1/share/ament_index/resource_index/packages/pub1-1
[5.338s] -- Symlinking: /home/linux/ROS2_WSL/install/pub1-1/share/pub1-1/cmake/pub1-1Config.cmake
[5.345s] -- Symlinking: /home/linux/ROS2_WSL/install/pub1-1/share/pub1-1/cmake/pub1-1Config-version.cmake
[5.356s] -- Symlinking: /home/linux/ROS2_WSL/install/pub1-1/share/pub1-1/package.xml
[5.379s] Invoked command in '/home/linux/ROS2_WSL/build/pub1-1' returned '0': CMAKE_PREFIX_PATH=${CMAKE_PREFIX_PATH}:/opt/ros/foxy /usr/bin/cmake --install /home/linux/ROS2_WSL/build/pub1-1
