[0.008s] Invoking command in '/home/linux/ROS2/build/camera_ros2': CMAKE_PREFIX_PATH=${CMAKE_PREFIX_PATH}:/opt/ros/foxy /usr/bin/cmake /home/linux/ROS2/src/camera_ros2 -DAMENT_CMAKE_SYMLINK_INSTALL=1 -DCMAKE_INSTALL_PREFIX=/home/linux/ROS2/install/camera_ros2
[0.137s] -- The C compiler identification is GNU 9.4.0
[0.268s] -- The CXX compiler identification is GNU 9.4.0
[0.326s] -- Check for working C compiler: /usr/bin/cc
[0.394s] -- Check for working C compiler: /usr/bin/cc -- works
[0.395s] -- Detecting C compiler ABI info
[0.471s] -- Detecting C compiler ABI info - done
[0.476s] -- Detecting C compile features
[0.477s] -- Detecting C compile features - done
[0.478s] -- Check for working CXX compiler: /usr/bin/c++
[0.550s] -- Check for working CXX compiler: /usr/bin/c++ -- works
[0.551s] -- Detecting CXX compiler ABI info
[0.626s] -- Detecting CXX compiler ABI info - done
[0.631s] -- Detecting CXX compile features
[0.631s] -- Detecting CXX compile features - done
[0.642s] -- Found ament_cmake: 0.9.12 (/opt/ros/foxy/share/ament_cmake/cmake)
[0.657s] -- Found PythonInterp: /usr/bin/python3 (found suitable version "3.8.10", minimum required is "3") 
[0.657s] -- Using PYTHON_EXECUTABLE: /usr/bin/python3
[0.737s] -- Override CMake install command with custom implementation using symlinks instead of copying resources
[0.758s] -- Found rclcpp: 2.4.3 (/opt/ros/foxy/share/rclcpp/cmake)
[0.872s] -- Using all available rosidl_typesupport_c: rosidl_typesupport_fastrtps_c;rosidl_typesupport_introspection_c
[0.878s] -- Found rosidl_adapter: 1.3.1 (/opt/ros/foxy/share/rosidl_adapter/cmake)
[1.395s] -- Found OpenSSL: /usr/lib/x86_64-linux-gnu/libcrypto.so (found version "1.1.1f")  
[1.897s] -- Found FastRTPS: /opt/ros/foxy/include  
[2.857s] -- Using all available rosidl_typesupport_cpp: rosidl_typesupport_fastrtps_cpp;rosidl_typesupport_introspection_cpp
[2.893s] -- Found rmw_implementation_cmake: 1.0.4 (/opt/ros/foxy/share/rmw_implementation_cmake/cmake)
[2.894s] -- Using RMW implementation 'rmw_fastrtps_cpp' as default
[2.895s] -- Looking for pthread.h
[2.982s] -- Looking for pthread.h - found
[2.982s] -- Performing Test CMAKE_HAVE_LIBC_PTHREAD
[3.051s] -- Performing Test CMAKE_HAVE_LIBC_PTHREAD - Failed
[3.052s] -- Looking for pthread_create in pthreads
[3.115s] -- Looking for pthread_create in pthreads - not found
[3.115s] -- Looking for pthread_create in pthread
[3.182s] -- Looking for pthread_create in pthread - found
[3.182s] -- Found Threads: TRUE  
[3.271s] -- Found sensor_msgs: 2.0.5 (/opt/ros/foxy/share/sensor_msgs/cmake)
[3.333s] -- Found cv_bridge: 3.0.7 (/opt/ros/foxy/share/cv_bridge/cmake)
[3.351s] -- Found OpenCV: /usr (found version "4.2.0") 
[3.393s] -- Configuring done
[3.407s] -- Generating done
[3.414s] -- Build files have been written to: /home/linux/ROS2/build/camera_ros2
[3.418s] Invoked command in '/home/linux/ROS2/build/camera_ros2' returned '0': CMAKE_PREFIX_PATH=${CMAKE_PREFIX_PATH}:/opt/ros/foxy /usr/bin/cmake /home/linux/ROS2/src/camera_ros2 -DAMENT_CMAKE_SYMLINK_INSTALL=1 -DCMAKE_INSTALL_PREFIX=/home/linux/ROS2/install/camera_ros2
[3.420s] Invoking command in '/home/linux/ROS2/build/camera_ros2': CMAKE_PREFIX_PATH=${CMAKE_PREFIX_PATH}:/opt/ros/foxy /usr/bin/cmake --build /home/linux/ROS2/build/camera_ros2 -- -j28 -l28
[3.441s] [35m[1mScanning dependencies of target pub[0m
[3.441s] [35m[1mScanning dependencies of target sub[0m
[3.465s] [ 25%] [32mBuilding CXX object CMakeFiles/sub.dir/src/sub.cpp.o[0m
[3.465s] [ 50%] [32mBuilding CXX object CMakeFiles/pub.dir/src/pub.cpp.o[0m
[5.534s] [ 75%] [32m[1mLinking CXX executable pub[0m
[5.870s] [ 75%] Built target pub
[6.549s] [100%] [32m[1mLinking CXX executable sub[0m
[6.841s] [100%] Built target sub
[6.848s] Invoked command in '/home/linux/ROS2/build/camera_ros2' returned '0': CMAKE_PREFIX_PATH=${CMAKE_PREFIX_PATH}:/opt/ros/foxy /usr/bin/cmake --build /home/linux/ROS2/build/camera_ros2 -- -j28 -l28
[6.854s] Invoking command in '/home/linux/ROS2/build/camera_ros2': CMAKE_PREFIX_PATH=${CMAKE_PREFIX_PATH}:/opt/ros/foxy /usr/bin/cmake --install /home/linux/ROS2/build/camera_ros2
[6.858s] -- Install configuration: ""
[6.858s] -- Execute custom install script
[6.859s] -- Symlinking: /home/linux/ROS2/install/camera_ros2/lib/camera_ros2/pub
[6.863s] -- Symlinking: /home/linux/ROS2/install/camera_ros2/lib/camera_ros2/sub
[6.869s] -- Symlinking: /home/linux/ROS2/install/camera_ros2/share/ament_index/resource_index/package_run_dependencies/camera_ros2
[6.873s] -- Symlinking: /home/linux/ROS2/install/camera_ros2/share/ament_index/resource_index/parent_prefix_path/camera_ros2
[6.878s] -- Symlinking: /home/linux/ROS2/install/camera_ros2/share/camera_ros2/environment/ament_prefix_path.sh
[6.883s] -- Symlinking: /home/linux/ROS2/install/camera_ros2/share/camera_ros2/environment/ament_prefix_path.dsv
[6.888s] -- Symlinking: /home/linux/ROS2/install/camera_ros2/share/camera_ros2/environment/path.sh
[6.892s] -- Symlinking: /home/linux/ROS2/install/camera_ros2/share/camera_ros2/environment/path.dsv
[6.897s] -- Symlinking: /home/linux/ROS2/install/camera_ros2/share/camera_ros2/local_setup.bash
[6.902s] -- Symlinking: /home/linux/ROS2/install/camera_ros2/share/camera_ros2/local_setup.sh
[6.907s] -- Symlinking: /home/linux/ROS2/install/camera_ros2/share/camera_ros2/local_setup.zsh
[6.912s] -- Symlinking: /home/linux/ROS2/install/camera_ros2/share/camera_ros2/local_setup.dsv
[6.918s] -- Symlinking: /home/linux/ROS2/install/camera_ros2/share/camera_ros2/package.dsv
[6.923s] -- Symlinking: /home/linux/ROS2/install/camera_ros2/share/ament_index/resource_index/packages/camera_ros2
[6.928s] -- Symlinking: /home/linux/ROS2/install/camera_ros2/share/camera_ros2/cmake/camera_ros2Config.cmake
[6.933s] -- Symlinking: /home/linux/ROS2/install/camera_ros2/share/camera_ros2/cmake/camera_ros2Config-version.cmake
[6.938s] -- Symlinking: /home/linux/ROS2/install/camera_ros2/share/camera_ros2/package.xml
[6.943s] Invoked command in '/home/linux/ROS2/build/camera_ros2' returned '0': CMAKE_PREFIX_PATH=${CMAKE_PREFIX_PATH}:/opt/ros/foxy /usr/bin/cmake --install /home/linux/ROS2/build/camera_ros2
