[0.058s] Invoking command in '/home/linux/ROS2_WSL/build/pub2-3': CMAKE_PREFIX_PATH=${CMAKE_PREFIX_PATH}:/opt/ros/foxy /usr/bin/cmake /home/linux/ROS2_WSL/src/pub2-3 -DAMENT_CMAKE_SYMLINK_INSTALL=1 -DCMAKE_INSTALL_PREFIX=/home/linux/ROS2_WSL/install/pub2-3
[2.309s] -- The C compiler identification is GNU 9.4.0
[2.309s] -- The CXX compiler identification is GNU 9.4.0
[2.309s] -- Check for working C compiler: /usr/bin/cc
[2.309s] -- Check for working C compiler: /usr/bin/cc -- works
[2.310s] -- Detecting C compiler ABI info
[2.310s] -- Detecting C compiler ABI info - done
[2.310s] -- Detecting C compile features
[2.310s] -- Detecting C compile features - done
[2.310s] -- Check for working CXX compiler: /usr/bin/c++
[2.310s] -- Check for working CXX compiler: /usr/bin/c++ -- works
[2.310s] -- Detecting CXX compiler ABI info
[2.310s] -- Detecting CXX compiler ABI info - done
[2.310s] -- Detecting CXX compile features
[2.310s] -- Detecting CXX compile features - done
[2.311s] -- Found ament_cmake: 0.9.12 (/opt/ros/foxy/share/ament_cmake/cmake)
[2.311s] -- Found PythonInterp: /usr/bin/python3 (found suitable version "3.8.10", minimum required is "3") 
[2.311s] -- Using PYTHON_EXECUTABLE: /usr/bin/python3
[2.311s] -- Override CMake install command with custom implementation using symlinks instead of copying resources
[2.311s] -- Found rclcpp: 2.4.3 (/opt/ros/foxy/share/rclcpp/cmake)
[2.311s] -- Using all available rosidl_typesupport_c: rosidl_typesupport_fastrtps_c;rosidl_typesupport_introspection_c
[2.311s] -- Found rosidl_adapter: 1.3.1 (/opt/ros/foxy/share/rosidl_adapter/cmake)
[2.311s] -- Found OpenSSL: /usr/lib/x86_64-linux-gnu/libcrypto.so (found version "1.1.1f")  
[2.311s] -- Found FastRTPS: /opt/ros/foxy/include  
[2.311s] -- Using all available rosidl_typesupport_cpp: rosidl_typesupport_fastrtps_cpp;rosidl_typesupport_introspection_cpp
[2.311s] -- Found rmw_implementation_cmake: 1.0.4 (/opt/ros/foxy/share/rmw_implementation_cmake/cmake)
[2.312s] -- Using RMW implementation 'rmw_fastrtps_cpp' as default
[2.312s] -- Looking for pthread.h
[2.312s] -- Looking for pthread.h - found
[2.313s] -- Performing Test CMAKE_HAVE_LIBC_PTHREAD
[2.313s] -- Performing Test CMAKE_HAVE_LIBC_PTHREAD - Failed
[2.313s] -- Looking for pthread_create in pthreads
[2.361s] -- Looking for pthread_create in pthreads - not found
[2.362s] -- Looking for pthread_create in pthread
[2.428s] -- Looking for pthread_create in pthread - found
[2.429s] -- Found Threads: TRUE  
[2.527s] -- Found geometry_msgs: 2.0.5 (/opt/ros/foxy/share/geometry_msgs/cmake)
[2.598s] -- Configuring done
[2.607s] -- Generating done
[2.610s] -- Build files have been written to: /home/linux/ROS2_WSL/build/pub2-3
[2.616s] Invoked command in '/home/linux/ROS2_WSL/build/pub2-3' returned '0': CMAKE_PREFIX_PATH=${CMAKE_PREFIX_PATH}:/opt/ros/foxy /usr/bin/cmake /home/linux/ROS2_WSL/src/pub2-3 -DAMENT_CMAKE_SYMLINK_INSTALL=1 -DCMAKE_INSTALL_PREFIX=/home/linux/ROS2_WSL/install/pub2-3
[2.620s] Invoking command in '/home/linux/ROS2_WSL/build/pub2-3': CMAKE_PREFIX_PATH=${CMAKE_PREFIX_PATH}:/opt/ros/foxy /usr/bin/cmake --build /home/linux/ROS2_WSL/build/pub2-3 -- -j32 -l32
[2.662s] [35m[1mScanning dependencies of target pub2-3[0m
[2.686s] [ 50%] [32mBuilding CXX object CMakeFiles/pub2-3.dir/src/pub2-3.cpp.o[0m
[5.300s] [100%] [32m[1mLinking CXX executable pub2-3[0m
[5.440s] [100%] Built target pub2-3
[5.453s] Invoked command in '/home/linux/ROS2_WSL/build/pub2-3' returned '0': CMAKE_PREFIX_PATH=${CMAKE_PREFIX_PATH}:/opt/ros/foxy /usr/bin/cmake --build /home/linux/ROS2_WSL/build/pub2-3 -- -j32 -l32
[5.453s] Invoking command in '/home/linux/ROS2_WSL/build/pub2-3': CMAKE_PREFIX_PATH=${CMAKE_PREFIX_PATH}:/opt/ros/foxy /usr/bin/cmake --install /home/linux/ROS2_WSL/build/pub2-3
[5.458s] -- Install configuration: ""
[5.458s] -- Execute custom install script
[5.459s] -- Symlinking: /home/linux/ROS2_WSL/install/pub2-3/lib/pub2-3/pub2-3
[5.465s] -- Symlinking: /home/linux/ROS2_WSL/install/pub2-3/share/ament_index/resource_index/package_run_dependencies/pub2-3
[5.472s] -- Symlinking: /home/linux/ROS2_WSL/install/pub2-3/share/ament_index/resource_index/parent_prefix_path/pub2-3
[5.479s] -- Symlinking: /home/linux/ROS2_WSL/install/pub2-3/share/pub2-3/environment/ament_prefix_path.sh
[5.486s] -- Symlinking: /home/linux/ROS2_WSL/install/pub2-3/share/pub2-3/environment/ament_prefix_path.dsv
[5.492s] -- Symlinking: /home/linux/ROS2_WSL/install/pub2-3/share/pub2-3/environment/path.sh
[5.498s] -- Symlinking: /home/linux/ROS2_WSL/install/pub2-3/share/pub2-3/environment/path.dsv
[5.504s] -- Symlinking: /home/linux/ROS2_WSL/install/pub2-3/share/pub2-3/local_setup.bash
[5.513s] -- Symlinking: /home/linux/ROS2_WSL/install/pub2-3/share/pub2-3/local_setup.sh
[5.521s] -- Symlinking: /home/linux/ROS2_WSL/install/pub2-3/share/pub2-3/local_setup.zsh
[5.530s] -- Symlinking: /home/linux/ROS2_WSL/install/pub2-3/share/pub2-3/local_setup.dsv
[5.536s] -- Symlinking: /home/linux/ROS2_WSL/install/pub2-3/share/pub2-3/package.dsv
[5.541s] -- Symlinking: /home/linux/ROS2_WSL/install/pub2-3/share/ament_index/resource_index/packages/pub2-3
[5.549s] -- Symlinking: /home/linux/ROS2_WSL/install/pub2-3/share/pub2-3/cmake/pub2-3Config.cmake
[5.555s] -- Symlinking: /home/linux/ROS2_WSL/install/pub2-3/share/pub2-3/cmake/pub2-3Config-version.cmake
[5.561s] -- Symlinking: /home/linux/ROS2_WSL/install/pub2-3/share/pub2-3/package.xml
[5.569s] Invoked command in '/home/linux/ROS2_WSL/build/pub2-3' returned '0': CMAKE_PREFIX_PATH=${CMAKE_PREFIX_PATH}:/opt/ros/foxy /usr/bin/cmake --install /home/linux/ROS2_WSL/build/pub2-3
